<?xml version="1.0" encoding="UTF-8"?>
<coverage generated="1661423213246" clover="3.2.0">
  <project timestamp="1661423213246" name="All files">
    <metrics statements="309" coveredstatements="243" conditionals="346" coveredconditionals="257" methods="89" coveredmethods="68" elements="744" coveredelements="568" complexity="0" loc="309" ncloc="309" packages="1" files="4" classes="4"/>
    <file name="CommentView.js" path="/Users/admin/Documents/GitHub/react-commentview/src/CommentView.js">
      <metrics statements="285" coveredstatements="226" conditionals="334" coveredconditionals="252" methods="86" coveredmethods="65"/>
      <line num="12" count="1" type="stmt"/>
      <line num="14" count="187" type="stmt"/>
      <line num="15" count="187" type="stmt"/>
      <line num="16" count="187" type="stmt"/>
      <line num="17" count="187" type="stmt"/>
      <line num="18" count="187" type="stmt"/>
      <line num="19" count="187" type="stmt"/>
      <line num="20" count="187" type="stmt"/>
      <line num="21" count="187" type="stmt"/>
      <line num="22" count="187" type="stmt"/>
      <line num="23" count="187" type="stmt"/>
      <line num="24" count="187" type="stmt"/>
      <line num="25" count="187" type="stmt"/>
      <line num="26" count="187" type="stmt"/>
      <line num="27" count="187" type="stmt"/>
      <line num="28" count="187" type="stmt"/>
      <line num="29" count="187" type="stmt"/>
      <line num="30" count="187" type="stmt"/>
      <line num="31" count="187" type="stmt"/>
      <line num="32" count="187" type="stmt"/>
      <line num="33" count="187" type="stmt"/>
      <line num="34" count="187" type="stmt"/>
      <line num="35" count="187" type="stmt"/>
      <line num="36" count="187" type="stmt"/>
      <line num="37" count="187" type="stmt"/>
      <line num="38" count="187" type="stmt"/>
      <line num="39" count="187" type="stmt"/>
      <line num="40" count="187" type="stmt"/>
      <line num="41" count="187" type="stmt"/>
      <line num="44" count="13" type="stmt"/>
      <line num="48" count="366" type="stmt"/>
      <line num="52" count="17" type="stmt"/>
      <line num="56" count="1" type="stmt"/>
      <line num="61" count="5" type="cond" truecount="2" falsecount="0"/>
      <line num="62" count="4" type="stmt"/>
      <line num="64" count="1" type="cond" truecount="1" falsecount="1"/>
      <line num="65" count="1" type="stmt"/>
      <line num="67" count="0" type="stmt"/>
      <line num="75" count="2" type="cond" truecount="1" falsecount="1"/>
      <line num="76" count="2" type="stmt"/>
      <line num="78" count="0" type="stmt"/>
      <line num="84" count="65" type="stmt"/>
      <line num="88" count="3" type="stmt"/>
      <line num="89" count="3" type="stmt"/>
      <line num="94" count="3" type="stmt"/>
      <line num="99" count="0" type="stmt"/>
      <line num="100" count="0" type="stmt"/>
      <line num="101" count="0" type="cond" truecount="0" falsecount="5"/>
      <line num="102" count="0" type="stmt"/>
      <line num="107" count="0" type="stmt"/>
      <line num="108" count="0" type="stmt"/>
      <line num="113" count="0" type="stmt"/>
      <line num="115" count="0" type="stmt"/>
      <line num="116" count="0" type="cond" truecount="0" falsecount="2"/>
      <line num="117" count="0" type="stmt"/>
      <line num="119" count="0" type="stmt"/>
      <line num="120" count="0" type="stmt"/>
      <line num="121" count="0" type="cond" truecount="0" falsecount="2"/>
      <line num="122" count="0" type="stmt"/>
      <line num="124" count="0" type="stmt"/>
      <line num="129" count="0" type="stmt"/>
      <line num="134" count="27" type="cond" truecount="2" falsecount="0"/>
      <line num="135" count="4" type="cond" truecount="1" falsecount="1"/>
      <line num="136" count="4" type="stmt"/>
      <line num="137" count="4" type="stmt"/>
      <line num="141" count="23" type="cond" truecount="2" falsecount="0"/>
      <line num="142" count="6" type="stmt"/>
      <line num="143" count="6" type="stmt"/>
      <line num="146" count="17" type="stmt"/>
      <line num="151" count="3" type="stmt"/>
      <line num="152" count="3" type="cond" truecount="1" falsecount="1"/>
      <line num="161" count="3" type="cond" truecount="1" falsecount="1"/>
      <line num="162" count="0" type="cond" truecount="0" falsecount="2"/>
      <line num="165" count="0" type="stmt"/>
      <line num="168" count="3" type="stmt"/>
      <line num="170" count="3" type="cond" truecount="2" falsecount="0"/>
      <line num="171" count="1" type="stmt"/>
      <line num="172" count="1" type="stmt"/>
      <line num="173" count="1" type="stmt"/>
      <line num="174" count="1" type="stmt"/>
      <line num="175" count="1" type="stmt"/>
      <line num="182" count="6" type="cond" truecount="4" falsecount="0"/>
      <line num="183" count="2" type="stmt"/>
      <line num="184" count="2" type="stmt"/>
      <line num="186" count="4" type="stmt"/>
      <line num="187" count="4" type="stmt"/>
      <line num="188" count="4" type="stmt"/>
      <line num="193" count="1" type="stmt"/>
      <line num="194" count="1" type="stmt"/>
      <line num="198" count="2" type="cond" truecount="2" falsecount="0"/>
      <line num="199" count="1" type="stmt"/>
      <line num="201" count="1" type="cond" truecount="1" falsecount="1"/>
      <line num="202" count="0" type="stmt"/>
      <line num="204" count="1" type="stmt"/>
      <line num="206" count="1" type="stmt"/>
      <line num="212" count="1" type="cond" truecount="3" falsecount="1"/>
      <line num="213" count="0" type="stmt"/>
      <line num="215" count="1" type="stmt"/>
      <line num="221" count="2" type="stmt"/>
      <line num="223" count="2" type="stmt"/>
      <line num="228" count="2" type="cond" truecount="2" falsecount="0"/>
      <line num="229" count="1" type="stmt"/>
      <line num="231" count="1" type="cond" truecount="1" falsecount="1"/>
      <line num="232" count="1" type="stmt"/>
      <line num="234" count="1" type="stmt"/>
      <line num="240" count="0" type="cond" truecount="0" falsecount="2"/>
      <line num="241" count="0" type="stmt"/>
      <line num="246" count="0" type="cond" truecount="0" falsecount="2"/>
      <line num="247" count="0" type="stmt"/>
      <line num="252" count="1" type="cond" truecount="1" falsecount="1"/>
      <line num="253" count="1" type="cond" truecount="1" falsecount="1"/>
      <line num="254" count="0" type="stmt"/>
      <line num="256" count="1" type="stmt"/>
      <line num="257" count="1" type="stmt"/>
      <line num="262" count="1" type="cond" truecount="1" falsecount="1"/>
      <line num="263" count="1" type="cond" truecount="1" falsecount="1"/>
      <line num="264" count="0" type="stmt"/>
      <line num="266" count="1" type="stmt"/>
      <line num="267" count="1" type="stmt"/>
      <line num="272" count="2" type="cond" truecount="2" falsecount="0"/>
      <line num="273" count="1" type="stmt"/>
      <line num="275" count="1" type="cond" truecount="1" falsecount="1"/>
      <line num="276" count="0" type="stmt"/>
      <line num="278" count="1" type="stmt"/>
      <line num="279" count="1" type="stmt"/>
      <line num="280" count="1" type="stmt"/>
      <line num="286" count="2" type="cond" truecount="2" falsecount="0"/>
      <line num="287" count="1" type="stmt"/>
      <line num="289" count="1" type="cond" truecount="1" falsecount="1"/>
      <line num="290" count="0" type="stmt"/>
      <line num="292" count="1" type="stmt"/>
      <line num="293" count="1" type="stmt"/>
      <line num="294" count="1" type="stmt"/>
      <line num="299" count="1" type="cond" truecount="1" falsecount="1"/>
      <line num="300" count="1" type="cond" truecount="1" falsecount="1"/>
      <line num="301" count="0" type="stmt"/>
      <line num="303" count="1" type="stmt"/>
      <line num="304" count="1" type="stmt"/>
      <line num="309" count="1" type="cond" truecount="1" falsecount="1"/>
      <line num="310" count="1" type="cond" truecount="1" falsecount="1"/>
      <line num="311" count="0" type="stmt"/>
      <line num="313" count="1" type="stmt"/>
      <line num="314" count="1" type="stmt"/>
      <line num="319" count="2" type="cond" truecount="2" falsecount="0"/>
      <line num="320" count="1" type="stmt"/>
      <line num="322" count="1" type="cond" truecount="1" falsecount="1"/>
      <line num="323" count="0" type="stmt"/>
      <line num="325" count="1" type="stmt"/>
      <line num="326" count="1" type="stmt"/>
      <line num="327" count="1" type="stmt"/>
      <line num="333" count="2" type="cond" truecount="2" falsecount="0"/>
      <line num="334" count="1" type="stmt"/>
      <line num="336" count="1" type="cond" truecount="1" falsecount="1"/>
      <line num="337" count="0" type="stmt"/>
      <line num="339" count="1" type="stmt"/>
      <line num="340" count="1" type="stmt"/>
      <line num="341" count="1" type="stmt"/>
      <line num="346" count="0" type="cond" truecount="0" falsecount="2"/>
      <line num="347" count="0" type="stmt"/>
      <line num="352" count="0" type="stmt"/>
      <line num="353" count="0" type="stmt"/>
      <line num="356" count="187" type="stmt"/>
      <line num="358" count="23" type="stmt"/>
      <line num="362" count="187" type="stmt"/>
      <line num="364" count="74" type="cond" truecount="2" falsecount="0"/>
      <line num="365" count="68" type="cond" truecount="1" falsecount="1"/>
      <line num="367" count="68" type="cond" truecount="2" falsecount="0"/>
      <line num="368" count="47" type="stmt"/>
      <line num="369" count="47" type="stmt"/>
      <line num="371" count="68" type="cond" truecount="2" falsecount="0"/>
      <line num="372" count="22" type="cond" truecount="4" falsecount="0"/>
      <line num="373" count="18" type="stmt"/>
      <line num="376" count="68" type="cond" truecount="2" falsecount="0"/>
      <line num="377" count="14" type="stmt"/>
      <line num="378" count="14" type="stmt"/>
      <line num="380" count="54" type="stmt"/>
      <line num="385" count="74" type="cond" truecount="2" falsecount="0"/>
      <line num="387" count="40" type="cond" truecount="2" falsecount="0"/>
      <line num="389" count="2" type="stmt"/>
      <line num="391" count="38" type="cond" truecount="2" falsecount="0"/>
      <line num="393" count="1" type="stmt"/>
      <line num="394" count="0" type="cond" truecount="0" falsecount="2"/>
      <line num="395" count="0" type="stmt"/>
      <line num="399" count="37" type="cond" truecount="2" falsecount="0"/>
      <line num="401" count="1" type="stmt"/>
      <line num="402" count="0" type="cond" truecount="0" falsecount="2"/>
      <line num="403" count="0" type="stmt"/>
      <line num="407" count="36" type="cond" truecount="2" falsecount="0"/>
      <line num="409" count="1" type="stmt"/>
      <line num="410" count="0" type="cond" truecount="0" falsecount="2"/>
      <line num="411" count="0" type="stmt"/>
      <line num="415" count="35" type="cond" truecount="2" falsecount="0"/>
      <line num="417" count="1" type="stmt"/>
      <line num="418" count="0" type="cond" truecount="0" falsecount="2"/>
      <line num="419" count="0" type="stmt"/>
      <line num="423" count="34" type="cond" truecount="2" falsecount="0"/>
      <line num="425" count="1" type="stmt"/>
      <line num="426" count="0" type="cond" truecount="0" falsecount="2"/>
      <line num="427" count="0" type="stmt"/>
      <line num="431" count="33" type="cond" truecount="2" falsecount="0"/>
      <line num="433" count="30" type="stmt"/>
      <line num="434" count="30" type="stmt"/>
      <line num="435" count="30" type="stmt"/>
      <line num="436" count="30" type="stmt"/>
      <line num="437" count="30" type="stmt"/>
      <line num="439" count="3" type="cond" truecount="2" falsecount="0"/>
      <line num="441" count="1" type="cond" truecount="1" falsecount="1"/>
      <line num="442" count="1" type="stmt"/>
      <line num="443" count="1" type="stmt"/>
      <line num="446" count="2" type="cond" truecount="2" falsecount="0"/>
      <line num="448" count="1" type="cond" truecount="1" falsecount="1"/>
      <line num="449" count="1" type="stmt"/>
      <line num="450" count="1" type="stmt"/>
      <line num="458" count="74" type="cond" truecount="2" falsecount="0"/>
      <line num="459" count="34" type="cond" truecount="2" falsecount="0"/>
      <line num="460" count="22" type="stmt"/>
      <line num="461" count="22" type="stmt"/>
      <line num="463" count="34" type="cond" truecount="2" falsecount="0"/>
      <line num="464" count="4" type="stmt"/>
      <line num="468" count="74" type="cond" truecount="1" falsecount="1"/>
      <line num="471" count="0" type="cond" truecount="0" falsecount="2"/>
      <line num="472" count="0" type="stmt"/>
      <line num="478" count="187" type="stmt"/>
      <line num="480" count="29" type="cond" truecount="2" falsecount="0"/>
      <line num="481" count="10" type="stmt"/>
      <line num="484" count="29" type="cond" truecount="2" falsecount="0"/>
      <line num="485" count="19" type="stmt"/>
      <line num="488" count="29" type="cond" truecount="1" falsecount="1"/>
      <line num="489" count="0" type="stmt"/>
      <line num="494" count="187" type="stmt"/>
      <line num="495" count="17" type="stmt"/>
      <line num="498" count="187" type="stmt"/>
      <line num="499" count="17" type="stmt"/>
      <line num="502" count="187" type="stmt"/>
      <line num="503" count="19" type="stmt"/>
      <line num="506" count="187" type="stmt"/>
      <line num="507" count="19" type="stmt"/>
      <line num="510" count="187" type="stmt"/>
      <line num="511" count="17" type="stmt"/>
      <line num="514" count="187" type="stmt"/>
      <line num="515" count="17" type="stmt"/>
      <line num="518" count="187" type="stmt"/>
      <line num="519" count="19" type="stmt"/>
      <line num="522" count="187" type="stmt"/>
      <line num="523" count="19" type="stmt"/>
      <line num="526" count="187" type="stmt"/>
      <line num="527" count="17" type="stmt"/>
      <line num="530" count="187" type="stmt"/>
      <line num="531" count="17" type="stmt"/>
      <line num="534" count="187" type="stmt"/>
      <line num="535" count="17" type="stmt"/>
      <line num="538" count="187" type="stmt"/>
      <line num="539" count="17" type="cond" truecount="2" falsecount="0"/>
      <line num="540" count="13" type="stmt"/>
      <line num="545" count="187" type="stmt"/>
      <line num="563" count="2" type="cond" truecount="6" falsecount="0"/>
      <line num="565" count="2" type="cond" truecount="11" falsecount="0"/>
      <line num="566" count="0" type="cond" truecount="4" falsecount="2"/>
      <line num="573" count="1" type="cond" truecount="3" falsecount="0"/>
      <line num="574" count="2" type="cond" truecount="3" falsecount="0"/>
      <line num="594" count="2" type="cond" truecount="2" falsecount="0"/>
      <line num="595" count="1" type="cond" truecount="2" falsecount="0"/>
      <line num="602" count="2" type="cond" truecount="2" falsecount="0"/>
      <line num="603" count="1" type="cond" truecount="2" falsecount="0"/>
      <line num="608" count="0" type="cond" truecount="1" falsecount="2"/>
      <line num="630" count="0" type="stmt"/>
      <line num="646" count="0" type="stmt"/>
      <line num="648" count="0" type="cond" truecount="1" falsecount="1"/>
      <line num="661" count="2" type="cond" truecount="2" falsecount="0"/>
      <line num="662" count="1" type="cond" truecount="2" falsecount="0"/>
      <line num="667" count="2" type="cond" truecount="2" falsecount="0"/>
      <line num="668" count="1" type="cond" truecount="2" falsecount="0"/>
      <line num="704" count="0" type="cond" truecount="1" falsecount="2"/>
      <line num="722" count="1" type="cond" truecount="5" falsecount="1"/>
      <line num="725" count="1" type="cond" truecount="3" falsecount="1"/>
      <line num="728" count="6" type="stmt"/>
      <line num="729" count="4" type="cond" truecount="4" falsecount="1"/>
      <line num="732" count="1" type="cond" truecount="3" falsecount="1"/>
      <line num="735" count="1" type="stmt"/>
      <line num="752" count="0" type="stmt"/>
      <line num="758" count="1" type="stmt"/>
      <line num="766" count="1" type="cond" truecount="1" falsecount="1"/>
      <line num="769" count="1" type="cond" truecount="1" falsecount="1"/>
      <line num="772" count="1" type="cond" truecount="1" falsecount="1"/>
      <line num="787" count="0" type="stmt"/>
    </file>
    <file name="Constants.js" path="/Users/admin/Documents/GitHub/react-commentview/src/Constants.js">
      <metrics statements="1" coveredstatements="1" conditionals="0" coveredconditionals="0" methods="0" coveredmethods="0"/>
      <line num="1" count="1" type="stmt"/>
    </file>
    <file name="Util.js" path="/Users/admin/Documents/GitHub/react-commentview/src/Util.js">
      <metrics statements="23" coveredstatements="16" conditionals="12" coveredconditionals="5" methods="3" coveredmethods="3"/>
      <line num="1" count="1" type="stmt"/>
      <line num="4" count="30" type="cond" truecount="1" falsecount="1"/>
      <line num="5" count="30" type="stmt"/>
      <line num="7" count="0" type="stmt"/>
      <line num="11" count="187" type="stmt"/>
      <line num="12" count="187" type="stmt"/>
      <line num="20" count="120" type="stmt"/>
      <line num="21" count="120" type="stmt"/>
      <line num="22" count="120" type="stmt"/>
      <line num="23" count="120" type="stmt"/>
      <line num="24" count="120" type="stmt"/>
      <line num="26" count="120" type="stmt"/>
      <line num="28" count="120" type="cond" truecount="1" falsecount="1"/>
      <line num="29" count="0" type="stmt"/>
      <line num="32" count="120" type="cond" truecount="1" falsecount="1"/>
      <line num="33" count="0" type="stmt"/>
      <line num="36" count="120" type="cond" truecount="1" falsecount="1"/>
      <line num="37" count="0" type="stmt"/>
      <line num="40" count="120" type="cond" truecount="1" falsecount="1"/>
      <line num="41" count="120" type="stmt"/>
      <line num="44" count="0" type="cond" truecount="0" falsecount="2"/>
      <line num="45" count="0" type="stmt"/>
      <line num="49" count="0" type="stmt"/>
    </file>
    <file name="index.js" path="/Users/admin/Documents/GitHub/react-commentview/src/index.js">
      <metrics statements="0" coveredstatements="0" conditionals="0" coveredconditionals="0" methods="0" coveredmethods="0"/>
    </file>
  </project>
</coverage>
