<?xml version="1.0" encoding="UTF-8"?>
<coverage generated="1660727820974" clover="3.2.0">
  <project timestamp="1660727820974" name="All files">
    <metrics statements="250" coveredstatements="177" conditionals="286" coveredconditionals="194" methods="71" coveredmethods="47" elements="607" coveredelements="418" complexity="0" loc="250" ncloc="250" packages="1" files="4" classes="4"/>
    <file name="CommentView.js" path="/Users/admin/Documents/GitHub/react-commentview/src/CommentView.js">
      <metrics statements="226" coveredstatements="160" conditionals="274" coveredconditionals="189" methods="68" coveredmethods="44"/>
      <line num="12" count="1" type="stmt"/>
      <line num="14" count="78" type="stmt"/>
      <line num="15" count="78" type="stmt"/>
      <line num="16" count="78" type="stmt"/>
      <line num="17" count="78" type="stmt"/>
      <line num="18" count="78" type="stmt"/>
      <line num="19" count="78" type="stmt"/>
      <line num="20" count="78" type="stmt"/>
      <line num="21" count="78" type="stmt"/>
      <line num="22" count="78" type="stmt"/>
      <line num="23" count="78" type="stmt"/>
      <line num="24" count="78" type="stmt"/>
      <line num="25" count="78" type="stmt"/>
      <line num="26" count="78" type="stmt"/>
      <line num="27" count="78" type="stmt"/>
      <line num="28" count="78" type="stmt"/>
      <line num="29" count="78" type="stmt"/>
      <line num="30" count="78" type="stmt"/>
      <line num="31" count="78" type="stmt"/>
      <line num="32" count="78" type="stmt"/>
      <line num="33" count="78" type="stmt"/>
      <line num="35" count="78" type="stmt"/>
      <line num="36" count="78" type="stmt"/>
      <line num="39" count="24" type="stmt"/>
      <line num="43" count="3" type="stmt"/>
      <line num="44" count="3" type="stmt"/>
      <line num="48" count="3" type="stmt"/>
      <line num="52" count="0" type="stmt"/>
      <line num="53" count="0" type="cond" truecount="0" falsecount="5"/>
      <line num="54" count="0" type="stmt"/>
      <line num="59" count="0" type="stmt"/>
      <line num="60" count="0" type="stmt"/>
      <line num="65" count="0" type="stmt"/>
      <line num="67" count="0" type="stmt"/>
      <line num="68" count="0" type="cond" truecount="0" falsecount="2"/>
      <line num="69" count="0" type="stmt"/>
      <line num="71" count="0" type="stmt"/>
      <line num="72" count="0" type="stmt"/>
      <line num="73" count="0" type="cond" truecount="0" falsecount="2"/>
      <line num="74" count="0" type="stmt"/>
      <line num="76" count="0" type="stmt"/>
      <line num="81" count="0" type="stmt"/>
      <line num="86" count="14" type="cond" truecount="1" falsecount="1"/>
      <line num="87" count="14" type="cond" truecount="2" falsecount="0"/>
      <line num="88" count="1" type="stmt"/>
      <line num="89" count="1" type="stmt"/>
      <line num="93" count="13" type="cond" truecount="2" falsecount="0"/>
      <line num="94" count="2" type="stmt"/>
      <line num="95" count="2" type="stmt"/>
      <line num="98" count="11" type="stmt"/>
      <line num="103" count="0" type="stmt"/>
      <line num="104" count="0" type="cond" truecount="0" falsecount="2"/>
      <line num="113" count="0" type="stmt"/>
      <line num="118" count="0" type="cond" truecount="0" falsecount="4"/>
      <line num="119" count="0" type="stmt"/>
      <line num="120" count="0" type="stmt"/>
      <line num="122" count="0" type="stmt"/>
      <line num="123" count="0" type="stmt"/>
      <line num="128" count="1" type="stmt"/>
      <line num="129" count="1" type="stmt"/>
      <line num="133" count="2" type="cond" truecount="2" falsecount="0"/>
      <line num="134" count="1" type="stmt"/>
      <line num="136" count="1" type="cond" truecount="1" falsecount="1"/>
      <line num="137" count="0" type="stmt"/>
      <line num="139" count="1" type="stmt"/>
      <line num="141" count="1" type="stmt"/>
      <line num="147" count="1" type="cond" truecount="3" falsecount="1"/>
      <line num="148" count="0" type="stmt"/>
      <line num="150" count="1" type="stmt"/>
      <line num="156" count="0" type="stmt"/>
      <line num="157" count="0" type="stmt"/>
      <line num="162" count="0" type="cond" truecount="0" falsecount="2"/>
      <line num="163" count="0" type="stmt"/>
      <line num="165" count="0" type="cond" truecount="0" falsecount="2"/>
      <line num="166" count="0" type="stmt"/>
      <line num="168" count="0" type="stmt"/>
      <line num="174" count="0" type="cond" truecount="0" falsecount="2"/>
      <line num="175" count="0" type="stmt"/>
      <line num="180" count="0" type="cond" truecount="0" falsecount="2"/>
      <line num="181" count="0" type="stmt"/>
      <line num="186" count="1" type="cond" truecount="1" falsecount="1"/>
      <line num="187" count="1" type="cond" truecount="1" falsecount="1"/>
      <line num="188" count="0" type="stmt"/>
      <line num="190" count="1" type="stmt"/>
      <line num="191" count="1" type="stmt"/>
      <line num="196" count="1" type="cond" truecount="1" falsecount="1"/>
      <line num="197" count="1" type="cond" truecount="1" falsecount="1"/>
      <line num="198" count="0" type="stmt"/>
      <line num="200" count="1" type="stmt"/>
      <line num="201" count="1" type="stmt"/>
      <line num="206" count="2" type="cond" truecount="2" falsecount="0"/>
      <line num="207" count="1" type="stmt"/>
      <line num="209" count="1" type="cond" truecount="1" falsecount="1"/>
      <line num="210" count="0" type="stmt"/>
      <line num="212" count="1" type="stmt"/>
      <line num="213" count="1" type="stmt"/>
      <line num="214" count="1" type="stmt"/>
      <line num="220" count="2" type="cond" truecount="2" falsecount="0"/>
      <line num="221" count="1" type="stmt"/>
      <line num="223" count="1" type="cond" truecount="1" falsecount="1"/>
      <line num="224" count="0" type="stmt"/>
      <line num="226" count="1" type="stmt"/>
      <line num="227" count="1" type="stmt"/>
      <line num="228" count="1" type="stmt"/>
      <line num="233" count="1" type="cond" truecount="1" falsecount="1"/>
      <line num="234" count="1" type="cond" truecount="1" falsecount="1"/>
      <line num="235" count="0" type="stmt"/>
      <line num="237" count="1" type="stmt"/>
      <line num="238" count="1" type="stmt"/>
      <line num="243" count="1" type="cond" truecount="1" falsecount="1"/>
      <line num="244" count="1" type="cond" truecount="1" falsecount="1"/>
      <line num="245" count="0" type="stmt"/>
      <line num="247" count="1" type="stmt"/>
      <line num="248" count="1" type="stmt"/>
      <line num="253" count="2" type="cond" truecount="2" falsecount="0"/>
      <line num="254" count="1" type="stmt"/>
      <line num="256" count="1" type="cond" truecount="1" falsecount="1"/>
      <line num="257" count="0" type="stmt"/>
      <line num="259" count="1" type="stmt"/>
      <line num="260" count="1" type="stmt"/>
      <line num="261" count="1" type="stmt"/>
      <line num="267" count="2" type="cond" truecount="2" falsecount="0"/>
      <line num="268" count="1" type="stmt"/>
      <line num="270" count="1" type="cond" truecount="1" falsecount="1"/>
      <line num="271" count="0" type="stmt"/>
      <line num="273" count="1" type="stmt"/>
      <line num="274" count="1" type="stmt"/>
      <line num="275" count="1" type="stmt"/>
      <line num="280" count="78" type="stmt"/>
      <line num="282" count="14" type="stmt"/>
      <line num="286" count="78" type="stmt"/>
      <line num="288" count="34" type="cond" truecount="4" falsecount="0"/>
      <line num="289" count="16" type="stmt"/>
      <line num="290" count="16" type="stmt"/>
      <line num="293" count="34" type="cond" truecount="1" falsecount="1"/>
      <line num="295" count="0" type="stmt"/>
      <line num="296" count="0" type="cond" truecount="0" falsecount="2"/>
      <line num="297" count="0" type="stmt"/>
      <line num="303" count="34" type="cond" truecount="1" falsecount="1"/>
      <line num="304" count="0" type="stmt"/>
      <line num="307" count="34" type="cond" truecount="2" falsecount="0"/>
      <line num="309" count="1" type="stmt"/>
      <line num="310" count="0" type="cond" truecount="0" falsecount="2"/>
      <line num="311" count="0" type="stmt"/>
      <line num="317" count="34" type="cond" truecount="2" falsecount="0"/>
      <line num="318" count="10" type="stmt"/>
      <line num="321" count="34" type="cond" truecount="2" falsecount="0"/>
      <line num="323" count="1" type="stmt"/>
      <line num="324" count="0" type="cond" truecount="0" falsecount="2"/>
      <line num="325" count="0" type="stmt"/>
      <line num="331" count="34" type="cond" truecount="2" falsecount="0"/>
      <line num="332" count="10" type="stmt"/>
      <line num="335" count="34" type="cond" truecount="2" falsecount="0"/>
      <line num="337" count="1" type="stmt"/>
      <line num="338" count="0" type="cond" truecount="0" falsecount="2"/>
      <line num="339" count="0" type="stmt"/>
      <line num="345" count="34" type="cond" truecount="2" falsecount="0"/>
      <line num="346" count="10" type="stmt"/>
      <line num="349" count="34" type="cond" truecount="2" falsecount="0"/>
      <line num="351" count="1" type="stmt"/>
      <line num="352" count="0" type="cond" truecount="0" falsecount="2"/>
      <line num="353" count="0" type="stmt"/>
      <line num="359" count="34" type="cond" truecount="2" falsecount="0"/>
      <line num="360" count="10" type="stmt"/>
      <line num="365" count="78" type="stmt"/>
      <line num="367" count="11" type="cond" truecount="2" falsecount="0"/>
      <line num="368" count="5" type="cond" truecount="2" falsecount="0"/>
      <line num="370" count="4" type="stmt"/>
      <line num="371" count="4" type="cond" truecount="1" falsecount="1"/>
      <line num="372" count="4" type="stmt"/>
      <line num="375" count="4" type="cond" truecount="2" falsecount="0"/>
      <line num="376" count="1" type="stmt"/>
      <line num="377" count="1" type="stmt"/>
      <line num="378" count="1" type="stmt"/>
      <line num="382" count="6" type="cond" truecount="1" falsecount="1"/>
      <line num="384" count="6" type="cond" truecount="1" falsecount="1"/>
      <line num="385" count="6" type="stmt"/>
      <line num="387" count="6" type="cond" truecount="4" falsecount="0"/>
      <line num="388" count="2" type="stmt"/>
      <line num="389" count="2" type="stmt"/>
      <line num="391" count="6" type="stmt"/>
      <line num="394" count="0" type="stmt"/>
      <line num="401" count="78" type="stmt"/>
      <line num="403" count="11" type="cond" truecount="2" falsecount="0"/>
      <line num="404" count="10" type="stmt"/>
      <line num="409" count="78" type="stmt"/>
      <line num="410" count="11" type="stmt"/>
      <line num="413" count="78" type="stmt"/>
      <line num="414" count="11" type="stmt"/>
      <line num="417" count="78" type="stmt"/>
      <line num="418" count="13" type="stmt"/>
      <line num="421" count="78" type="stmt"/>
      <line num="422" count="13" type="stmt"/>
      <line num="425" count="78" type="stmt"/>
      <line num="426" count="11" type="stmt"/>
      <line num="429" count="78" type="stmt"/>
      <line num="430" count="11" type="stmt"/>
      <line num="433" count="78" type="stmt"/>
      <line num="434" count="13" type="stmt"/>
      <line num="437" count="78" type="stmt"/>
      <line num="438" count="13" type="stmt"/>
      <line num="441" count="78" type="stmt"/>
      <line num="459" count="0" type="cond" truecount="3" falsecount="2"/>
      <line num="478" count="2" type="cond" truecount="2" falsecount="0"/>
      <line num="479" count="1" type="cond" truecount="2" falsecount="0"/>
      <line num="486" count="2" type="cond" truecount="2" falsecount="0"/>
      <line num="487" count="1" type="cond" truecount="2" falsecount="0"/>
      <line num="498" count="0" type="stmt"/>
      <line num="513" count="0" type="stmt"/>
      <line num="518" count="0" type="stmt"/>
      <line num="523" count="2" type="cond" truecount="2" falsecount="0"/>
      <line num="524" count="1" type="cond" truecount="2" falsecount="0"/>
      <line num="529" count="2" type="cond" truecount="2" falsecount="0"/>
      <line num="530" count="1" type="cond" truecount="2" falsecount="0"/>
      <line num="548" count="1" type="cond" truecount="3" falsecount="0"/>
      <line num="549" count="0" type="cond" truecount="3" falsecount="0"/>
      <line num="574" count="0" type="stmt"/>
      <line num="587" count="0" type="stmt"/>
      <line num="593" count="1" type="cond" truecount="1" falsecount="1"/>
      <line num="594" count="1" type="stmt"/>
      <line num="598" count="1" type="cond" truecount="4" falsecount="1"/>
      <line num="602" count="1" type="cond" truecount="3" falsecount="1"/>
      <line num="605" count="1" type="cond" truecount="3" falsecount="1"/>
      <line num="608" count="1" type="cond" truecount="3" falsecount="1"/>
      <line num="611" count="0" type="cond" truecount="5" falsecount="2"/>
      <line num="623" count="0" type="stmt"/>
    </file>
    <file name="Constants.js" path="/Users/admin/Documents/GitHub/react-commentview/src/Constants.js">
      <metrics statements="1" coveredstatements="1" conditionals="0" coveredconditionals="0" methods="0" coveredmethods="0"/>
      <line num="1" count="1" type="stmt"/>
    </file>
    <file name="Util.js" path="/Users/admin/Documents/GitHub/react-commentview/src/Util.js">
      <metrics statements="23" coveredstatements="16" conditionals="12" coveredconditionals="5" methods="3" coveredmethods="3"/>
      <line num="1" count="1" type="stmt"/>
      <line num="4" count="2" type="cond" truecount="1" falsecount="1"/>
      <line num="5" count="2" type="stmt"/>
      <line num="7" count="0" type="stmt"/>
      <line num="11" count="78" type="stmt"/>
      <line num="12" count="78" type="stmt"/>
      <line num="20" count="40" type="stmt"/>
      <line num="21" count="40" type="stmt"/>
      <line num="22" count="40" type="stmt"/>
      <line num="23" count="40" type="stmt"/>
      <line num="24" count="40" type="stmt"/>
      <line num="26" count="40" type="stmt"/>
      <line num="28" count="40" type="cond" truecount="1" falsecount="1"/>
      <line num="29" count="0" type="stmt"/>
      <line num="32" count="40" type="cond" truecount="1" falsecount="1"/>
      <line num="33" count="0" type="stmt"/>
      <line num="36" count="40" type="cond" truecount="1" falsecount="1"/>
      <line num="37" count="0" type="stmt"/>
      <line num="40" count="40" type="cond" truecount="1" falsecount="1"/>
      <line num="41" count="40" type="stmt"/>
      <line num="44" count="0" type="cond" truecount="0" falsecount="2"/>
      <line num="45" count="0" type="stmt"/>
      <line num="49" count="0" type="stmt"/>
    </file>
    <file name="index.js" path="/Users/admin/Documents/GitHub/react-commentview/src/index.js">
      <metrics statements="0" coveredstatements="0" conditionals="0" coveredconditionals="0" methods="0" coveredmethods="0"/>
    </file>
  </project>
</coverage>
