{"/Users/admin/Documents/GitHub/react-commentview/src/CommentView.js": {"path":"/Users/admin/Documents/GitHub/react-commentview/src/CommentView.js","statementMap":{"0":{"start":{"line":12,"column":27},"end":{"line":375,"column":1}},"1":{"start":{"line":14,"column":52},"end":{"line":14,"column":88}},"2":{"start":{"line":15,"column":40},"end":{"line":15,"column":77}},"3":{"start":{"line":16,"column":44},"end":{"line":16,"column":56}},"4":{"start":{"line":17,"column":28},"end":{"line":17,"column":57}},"5":{"start":{"line":18,"column":34},"end":{"line":18,"column":46}},"6":{"start":{"line":19,"column":44},"end":{"line":19,"column":56}},"7":{"start":{"line":20,"column":24},"end":{"line":20,"column":36}},"8":{"start":{"line":21,"column":46},"end":{"line":21,"column":60}},"9":{"start":{"line":22,"column":60},"end":{"line":22,"column":74}},"10":{"start":{"line":24,"column":18},"end":{"line":24,"column":44}},"11":{"start":{"line":27,"column":8},"end":{"line":27,"column":51}},"12":{"start":{"line":27,"column":26},"end":{"line":27,"column":39}},"13":{"start":{"line":31,"column":8},"end":{"line":31,"column":43}},"14":{"start":{"line":32,"column":8},"end":{"line":32,"column":28}},"15":{"start":{"line":36,"column":8},"end":{"line":36,"column":41}},"16":{"start":{"line":40,"column":8},"end":{"line":40,"column":58}},"17":{"start":{"line":41,"column":8},"end":{"line":43,"column":9}},"18":{"start":{"line":42,"column":12},"end":{"line":42,"column":39}},"19":{"start":{"line":47,"column":8},"end":{"line":47,"column":28}},"20":{"start":{"line":48,"column":8},"end":{"line":48,"column":41}},"21":{"start":{"line":53,"column":18},"end":{"line":53,"column":20}},"22":{"start":{"line":55,"column":23},"end":{"line":55,"column":46}},"23":{"start":{"line":56,"column":8},"end":{"line":67,"column":10}},"24":{"start":{"line":57,"column":12},"end":{"line":57,"column":103}},"25":{"start":{"line":59,"column":25},"end":{"line":59,"column":40}},"26":{"start":{"line":60,"column":12},"end":{"line":60,"column":38}},"27":{"start":{"line":61,"column":12},"end":{"line":65,"column":13}},"28":{"start":{"line":62,"column":16},"end":{"line":62,"column":50}},"29":{"start":{"line":64,"column":16},"end":{"line":64,"column":56}},"30":{"start":{"line":69,"column":8},"end":{"line":69,"column":24}},"31":{"start":{"line":74,"column":8},"end":{"line":79,"column":9}},"32":{"start":{"line":75,"column":12},"end":{"line":78,"column":13}},"33":{"start":{"line":76,"column":16},"end":{"line":76,"column":40}},"34":{"start":{"line":77,"column":16},"end":{"line":77,"column":23}},"35":{"start":{"line":81,"column":8},"end":{"line":84,"column":9}},"36":{"start":{"line":82,"column":12},"end":{"line":82,"column":36}},"37":{"start":{"line":83,"column":12},"end":{"line":83,"column":19}},"38":{"start":{"line":86,"column":8},"end":{"line":86,"column":31}},"39":{"start":{"line":91,"column":8},"end":{"line":91,"column":46}},"40":{"start":{"line":92,"column":8},"end":{"line":100,"column":11}},"41":{"start":{"line":92,"column":35},"end":{"line":100,"column":11}},"42":{"start":{"line":101,"column":8},"end":{"line":101,"column":41}},"43":{"start":{"line":106,"column":8},"end":{"line":112,"column":9}},"44":{"start":{"line":107,"column":12},"end":{"line":107,"column":35}},"45":{"start":{"line":108,"column":12},"end":{"line":108,"column":27}},"46":{"start":{"line":110,"column":12},"end":{"line":110,"column":50}},"47":{"start":{"line":111,"column":12},"end":{"line":111,"column":29}},"48":{"start":{"line":116,"column":8},"end":{"line":116,"column":74}},"49":{"start":{"line":117,"column":8},"end":{"line":117,"column":45}},"50":{"start":{"line":121,"column":8},"end":{"line":130,"column":9}},"51":{"start":{"line":122,"column":12},"end":{"line":122,"column":53}},"52":{"start":{"line":124,"column":12},"end":{"line":128,"column":13}},"53":{"start":{"line":125,"column":16},"end":{"line":125,"column":59}},"54":{"start":{"line":127,"column":16},"end":{"line":127,"column":48}},"55":{"start":{"line":129,"column":12},"end":{"line":129,"column":40}},"56":{"start":{"line":135,"column":8},"end":{"line":139,"column":9}},"57":{"start":{"line":136,"column":12},"end":{"line":136,"column":56}},"58":{"start":{"line":138,"column":12},"end":{"line":138,"column":45}},"59":{"start":{"line":144,"column":8},"end":{"line":144,"column":33}},"60":{"start":{"line":145,"column":8},"end":{"line":145,"column":41}},"61":{"start":{"line":150,"column":8},"end":{"line":157,"column":9}},"62":{"start":{"line":151,"column":12},"end":{"line":151,"column":54}},"63":{"start":{"line":153,"column":12},"end":{"line":155,"column":13}},"64":{"start":{"line":154,"column":16},"end":{"line":154,"column":51}},"65":{"start":{"line":156,"column":12},"end":{"line":156,"column":47}},"66":{"start":{"line":161,"column":4},"end":{"line":165,"column":22}},"67":{"start":{"line":163,"column":8},"end":{"line":163,"column":25}},"68":{"start":{"line":168,"column":4},"end":{"line":190,"column":14}},"69":{"start":{"line":170,"column":8},"end":{"line":173,"column":9}},"70":{"start":{"line":171,"column":12},"end":{"line":171,"column":40}},"71":{"start":{"line":172,"column":12},"end":{"line":172,"column":48}},"72":{"start":{"line":175,"column":8},"end":{"line":184,"column":9}},"73":{"start":{"line":177,"column":12},"end":{"line":182,"column":22}},"74":{"start":{"line":178,"column":16},"end":{"line":178,"column":82}},"75":{"start":{"line":179,"column":16},"end":{"line":181,"column":17}},"76":{"start":{"line":180,"column":20},"end":{"line":180,"column":52}},"77":{"start":{"line":186,"column":8},"end":{"line":188,"column":9}},"78":{"start":{"line":187,"column":12},"end":{"line":187,"column":47}},"79":{"start":{"line":192,"column":4},"end":{"line":226,"column":20}},"80":{"start":{"line":194,"column":8},"end":{"line":222,"column":9}},"81":{"start":{"line":195,"column":12},"end":{"line":208,"column":13}},"82":{"start":{"line":197,"column":16},"end":{"line":197,"column":47}},"83":{"start":{"line":198,"column":16},"end":{"line":200,"column":17}},"84":{"start":{"line":199,"column":20},"end":{"line":199,"column":67}},"85":{"start":{"line":202,"column":16},"end":{"line":206,"column":17}},"86":{"start":{"line":203,"column":20},"end":{"line":203,"column":69}},"87":{"start":{"line":204,"column":20},"end":{"line":204,"column":65}},"88":{"start":{"line":205,"column":20},"end":{"line":205,"column":64}},"89":{"start":{"line":209,"column":15},"end":{"line":222,"column":9}},"90":{"start":{"line":211,"column":12},"end":{"line":213,"column":13}},"91":{"start":{"line":212,"column":16},"end":{"line":212,"column":47}},"92":{"start":{"line":214,"column":12},"end":{"line":217,"column":13}},"93":{"start":{"line":215,"column":16},"end":{"line":215,"column":65}},"94":{"start":{"line":216,"column":16},"end":{"line":216,"column":61}},"95":{"start":{"line":218,"column":12},"end":{"line":218,"column":45}},"96":{"start":{"line":221,"column":12},"end":{"line":221,"column":48}},"97":{"start":{"line":228,"column":4},"end":{"line":234,"column":29}},"98":{"start":{"line":230,"column":8},"end":{"line":232,"column":9}},"99":{"start":{"line":231,"column":12},"end":{"line":231,"column":48}},"100":{"start":{"line":237,"column":4},"end":{"line":374,"column":5}},"101":{"start":{"line":255,"column":196},"end":{"line":255,"column":213}},"102":{"start":{"line":277,"column":144},"end":{"line":277,"column":163}},"103":{"start":{"line":291,"column":123},"end":{"line":291,"column":138}},"104":{"start":{"line":292,"column":129},"end":{"line":292,"column":146}},"105":{"start":{"line":298,"column":123},"end":{"line":298,"column":138}},"106":{"start":{"line":299,"column":129},"end":{"line":299,"column":146}},"107":{"start":{"line":312,"column":54},"end":{"line":312,"column":76}},"108":{"start":{"line":325,"column":145},"end":{"line":325,"column":161}},"109":{"start":{"line":331,"column":106},"end":{"line":331,"column":128}},"110":{"start":{"line":332,"column":59},"end":{"line":332,"column":84}},"111":{"start":{"line":336,"column":181},"end":{"line":336,"column":202}},"112":{"start":{"line":340,"column":138},"end":{"line":340,"column":180}},"113":{"start":{"line":343,"column":136},"end":{"line":343,"column":176}},"114":{"start":{"line":346,"column":138},"end":{"line":346,"column":180}},"115":{"start":{"line":349,"column":403},"end":{"line":349,"column":417}},"116":{"start":{"line":361,"column":43},"end":{"line":361,"column":67}}},"fnMap":{"0":{"name":"(anonymous_0)","decl":{"start":{"line":12,"column":27},"end":{"line":12,"column":28}},"loc":{"start":{"line":12,"column":38},"end":{"line":375,"column":1}},"line":12},"1":{"name":"setFlowWrap","decl":{"start":{"line":26,"column":13},"end":{"line":26,"column":24}},"loc":{"start":{"line":26,"column":46},"end":{"line":28,"column":5}},"line":26},"2":{"name":"(anonymous_2)","decl":{"start":{"line":27,"column":19},"end":{"line":27,"column":20}},"loc":{"start":{"line":27,"column":25},"end":{"line":27,"column":40}},"line":27},"3":{"name":"prepareUpload","decl":{"start":{"line":30,"column":13},"end":{"line":30,"column":26}},"loc":{"start":{"line":30,"column":33},"end":{"line":33,"column":5}},"line":30},"4":{"name":"cancelUpload","decl":{"start":{"line":35,"column":13},"end":{"line":35,"column":25}},"loc":{"start":{"line":35,"column":28},"end":{"line":37,"column":5}},"line":35},"5":{"name":"onUploadComplete","decl":{"start":{"line":39,"column":13},"end":{"line":39,"column":29}},"loc":{"start":{"line":39,"column":38},"end":{"line":44,"column":5}},"line":39},"6":{"name":"onRemoveUpload","decl":{"start":{"line":46,"column":13},"end":{"line":46,"column":27}},"loc":{"start":{"line":46,"column":30},"end":{"line":49,"column":5}},"line":46},"7":{"name":"onClickAttachment","decl":{"start":{"line":51,"column":13},"end":{"line":51,"column":30}},"loc":{"start":{"line":51,"column":33},"end":{"line":70,"column":5}},"line":51},"8":{"name":"validateSubmit","decl":{"start":{"line":72,"column":13},"end":{"line":72,"column":27}},"loc":{"start":{"line":72,"column":30},"end":{"line":88,"column":5}},"line":72},"9":{"name":"submitResult","decl":{"start":{"line":90,"column":13},"end":{"line":90,"column":25}},"loc":{"start":{"line":90,"column":28},"end":{"line":102,"column":5}},"line":90},"10":{"name":"onTextAreaKeyUp","decl":{"start":{"line":104,"column":13},"end":{"line":104,"column":28}},"loc":{"start":{"line":104,"column":36},"end":{"line":113,"column":5}},"line":104},"11":{"name":"onEmojiChosen","decl":{"start":{"line":115,"column":13},"end":{"line":115,"column":26}},"loc":{"start":{"line":115,"column":39},"end":{"line":118,"column":5}},"line":115},"12":{"name":"openEmojiPicker","decl":{"start":{"line":120,"column":13},"end":{"line":120,"column":28}},"loc":{"start":{"line":120,"column":36},"end":{"line":132,"column":5}},"line":120},"13":{"name":"onEditClicked","decl":{"start":{"line":134,"column":13},"end":{"line":134,"column":26}},"loc":{"start":{"line":134,"column":29},"end":{"line":141,"column":5}},"line":134},"14":{"name":"onCancelClicked","decl":{"start":{"line":143,"column":13},"end":{"line":143,"column":28}},"loc":{"start":{"line":143,"column":31},"end":{"line":146,"column":5}},"line":143},"15":{"name":"onDeleteClicked","decl":{"start":{"line":148,"column":13},"end":{"line":148,"column":28}},"loc":{"start":{"line":148,"column":31},"end":{"line":159,"column":5}},"line":148},"16":{"name":"(anonymous_16)","decl":{"start":{"line":161,"column":14},"end":{"line":161,"column":15}},"loc":{"start":{"line":161,"column":20},"end":{"line":165,"column":5}},"line":161},"17":{"name":"(anonymous_17)","decl":{"start":{"line":168,"column":14},"end":{"line":168,"column":15}},"loc":{"start":{"line":168,"column":20},"end":{"line":190,"column":5}},"line":168},"18":{"name":"(anonymous_18)","decl":{"start":{"line":177,"column":47},"end":{"line":177,"column":48}},"loc":{"start":{"line":177,"column":53},"end":{"line":182,"column":13}},"line":177},"19":{"name":"(anonymous_19)","decl":{"start":{"line":192,"column":14},"end":{"line":192,"column":15}},"loc":{"start":{"line":192,"column":20},"end":{"line":226,"column":5}},"line":192},"20":{"name":"(anonymous_20)","decl":{"start":{"line":228,"column":14},"end":{"line":228,"column":15}},"loc":{"start":{"line":228,"column":20},"end":{"line":234,"column":5}},"line":228},"21":{"name":"(anonymous_21)","decl":{"start":{"line":255,"column":189},"end":{"line":255,"column":190}},"loc":{"start":{"line":255,"column":195},"end":{"line":255,"column":214}},"line":255},"22":{"name":"(anonymous_22)","decl":{"start":{"line":277,"column":137},"end":{"line":277,"column":138}},"loc":{"start":{"line":277,"column":143},"end":{"line":277,"column":164}},"line":277},"23":{"name":"(anonymous_23)","decl":{"start":{"line":291,"column":116},"end":{"line":291,"column":117}},"loc":{"start":{"line":291,"column":122},"end":{"line":291,"column":139}},"line":291},"24":{"name":"(anonymous_24)","decl":{"start":{"line":292,"column":122},"end":{"line":292,"column":123}},"loc":{"start":{"line":292,"column":128},"end":{"line":292,"column":147}},"line":292},"25":{"name":"(anonymous_25)","decl":{"start":{"line":298,"column":116},"end":{"line":298,"column":117}},"loc":{"start":{"line":298,"column":122},"end":{"line":298,"column":139}},"line":298},"26":{"name":"(anonymous_26)","decl":{"start":{"line":299,"column":122},"end":{"line":299,"column":123}},"loc":{"start":{"line":299,"column":128},"end":{"line":299,"column":147}},"line":299},"27":{"name":"(anonymous_27)","decl":{"start":{"line":312,"column":25},"end":{"line":312,"column":26}},"loc":{"start":{"line":312,"column":29},"end":{"line":312,"column":31}},"line":312},"28":{"name":"(anonymous_28)","decl":{"start":{"line":312,"column":42},"end":{"line":312,"column":43}},"loc":{"start":{"line":312,"column":53},"end":{"line":312,"column":77}},"line":312},"29":{"name":"(anonymous_29)","decl":{"start":{"line":325,"column":138},"end":{"line":325,"column":139}},"loc":{"start":{"line":325,"column":144},"end":{"line":325,"column":162}},"line":325},"30":{"name":"(anonymous_30)","decl":{"start":{"line":331,"column":99},"end":{"line":331,"column":100}},"loc":{"start":{"line":331,"column":105},"end":{"line":331,"column":129}},"line":331},"31":{"name":"(anonymous_31)","decl":{"start":{"line":332,"column":42},"end":{"line":332,"column":43}},"loc":{"start":{"line":332,"column":58},"end":{"line":332,"column":85}},"line":332},"32":{"name":"(anonymous_32)","decl":{"start":{"line":336,"column":174},"end":{"line":336,"column":175}},"loc":{"start":{"line":336,"column":180},"end":{"line":336,"column":203}},"line":336},"33":{"name":"(anonymous_33)","decl":{"start":{"line":340,"column":131},"end":{"line":340,"column":132}},"loc":{"start":{"line":340,"column":137},"end":{"line":340,"column":181}},"line":340},"34":{"name":"(anonymous_34)","decl":{"start":{"line":343,"column":129},"end":{"line":343,"column":130}},"loc":{"start":{"line":343,"column":135},"end":{"line":343,"column":177}},"line":343},"35":{"name":"(anonymous_35)","decl":{"start":{"line":346,"column":131},"end":{"line":346,"column":132}},"loc":{"start":{"line":346,"column":137},"end":{"line":346,"column":181}},"line":346},"36":{"name":"(anonymous_36)","decl":{"start":{"line":349,"column":396},"end":{"line":349,"column":397}},"loc":{"start":{"line":349,"column":402},"end":{"line":349,"column":418}},"line":349},"37":{"name":"(anonymous_37)","decl":{"start":{"line":361,"column":30},"end":{"line":361,"column":31}},"loc":{"start":{"line":361,"column":42},"end":{"line":361,"column":68}},"line":361}},"branchMap":{"0":{"loc":{"start":{"line":26,"column":31},"end":{"line":26,"column":44}},"type":"default-arg","locations":[{"start":{"line":26,"column":41},"end":{"line":26,"column":44}}],"line":26},"1":{"loc":{"start":{"line":41,"column":8},"end":{"line":43,"column":9}},"type":"if","locations":[{"start":{"line":41,"column":8},"end":{"line":43,"column":9}},{"start":{"line":41,"column":8},"end":{"line":43,"column":9}}],"line":41},"2":{"loc":{"start":{"line":41,"column":11},"end":{"line":41,"column":140}},"type":"binary-expr","locations":[{"start":{"line":41,"column":11},"end":{"line":41,"column":50}},{"start":{"line":41,"column":54},"end":{"line":41,"column":95}},{"start":{"line":41,"column":99},"end":{"line":41,"column":140}}],"line":41},"3":{"loc":{"start":{"line":56,"column":8},"end":{"line":67,"column":10}},"type":"if","locations":[{"start":{"line":56,"column":8},"end":{"line":67,"column":10}},{"start":{"line":56,"column":8},"end":{"line":67,"column":10}}],"line":56},"4":{"loc":{"start":{"line":61,"column":12},"end":{"line":65,"column":13}},"type":"if","locations":[{"start":{"line":61,"column":12},"end":{"line":65,"column":13}},{"start":{"line":61,"column":12},"end":{"line":65,"column":13}}],"line":61},"5":{"loc":{"start":{"line":74,"column":8},"end":{"line":79,"column":9}},"type":"if","locations":[{"start":{"line":74,"column":8},"end":{"line":79,"column":9}},{"start":{"line":74,"column":8},"end":{"line":79,"column":9}}],"line":74},"6":{"loc":{"start":{"line":75,"column":12},"end":{"line":78,"column":13}},"type":"if","locations":[{"start":{"line":75,"column":12},"end":{"line":78,"column":13}},{"start":{"line":75,"column":12},"end":{"line":78,"column":13}}],"line":75},"7":{"loc":{"start":{"line":81,"column":8},"end":{"line":84,"column":9}},"type":"if","locations":[{"start":{"line":81,"column":8},"end":{"line":84,"column":9}},{"start":{"line":81,"column":8},"end":{"line":84,"column":9}}],"line":81},"8":{"loc":{"start":{"line":92,"column":8},"end":{"line":100,"column":11}},"type":"if","locations":[{"start":{"line":92,"column":8},"end":{"line":100,"column":11}},{"start":{"line":92,"column":8},"end":{"line":100,"column":11}}],"line":92},"9":{"loc":{"start":{"line":94,"column":24},"end":{"line":97,"column":13}},"type":"cond-expr","locations":[{"start":{"line":94,"column":45},"end":{"line":94,"column":49}},{"start":{"line":94,"column":52},"end":{"line":97,"column":13}}],"line":94},"10":{"loc":{"start":{"line":99,"column":26},"end":{"line":99,"column":80}},"type":"cond-expr","locations":[{"start":{"line":99,"column":55},"end":{"line":99,"column":59}},{"start":{"line":99,"column":62},"end":{"line":99,"column":80}}],"line":99},"11":{"loc":{"start":{"line":106,"column":8},"end":{"line":112,"column":9}},"type":"if","locations":[{"start":{"line":106,"column":8},"end":{"line":112,"column":9}},{"start":{"line":106,"column":8},"end":{"line":112,"column":9}}],"line":106},"12":{"loc":{"start":{"line":106,"column":11},"end":{"line":106,"column":50}},"type":"binary-expr","locations":[{"start":{"line":106,"column":11},"end":{"line":106,"column":31}},{"start":{"line":106,"column":35},"end":{"line":106,"column":50}}],"line":106},"13":{"loc":{"start":{"line":121,"column":8},"end":{"line":130,"column":9}},"type":"if","locations":[{"start":{"line":121,"column":8},"end":{"line":130,"column":9}},{"start":{"line":121,"column":8},"end":{"line":130,"column":9}}],"line":121},"14":{"loc":{"start":{"line":124,"column":12},"end":{"line":128,"column":13}},"type":"if","locations":[{"start":{"line":124,"column":12},"end":{"line":128,"column":13}},{"start":{"line":124,"column":12},"end":{"line":128,"column":13}}],"line":124},"15":{"loc":{"start":{"line":135,"column":8},"end":{"line":139,"column":9}},"type":"if","locations":[{"start":{"line":135,"column":8},"end":{"line":139,"column":9}},{"start":{"line":135,"column":8},"end":{"line":139,"column":9}}],"line":135},"16":{"loc":{"start":{"line":135,"column":11},"end":{"line":135,"column":58}},"type":"binary-expr","locations":[{"start":{"line":135,"column":11},"end":{"line":135,"column":31}},{"start":{"line":135,"column":35},"end":{"line":135,"column":58}}],"line":135},"17":{"loc":{"start":{"line":150,"column":8},"end":{"line":157,"column":9}},"type":"if","locations":[{"start":{"line":150,"column":8},"end":{"line":157,"column":9}},{"start":{"line":150,"column":8},"end":{"line":157,"column":9}}],"line":150},"18":{"loc":{"start":{"line":153,"column":12},"end":{"line":155,"column":13}},"type":"if","locations":[{"start":{"line":153,"column":12},"end":{"line":155,"column":13}},{"start":{"line":153,"column":12},"end":{"line":155,"column":13}}],"line":153},"19":{"loc":{"start":{"line":170,"column":8},"end":{"line":173,"column":9}},"type":"if","locations":[{"start":{"line":170,"column":8},"end":{"line":173,"column":9}},{"start":{"line":170,"column":8},"end":{"line":173,"column":9}}],"line":170},"20":{"loc":{"start":{"line":170,"column":11},"end":{"line":170,"column":82}},"type":"binary-expr","locations":[{"start":{"line":170,"column":11},"end":{"line":170,"column":39}},{"start":{"line":170,"column":43},"end":{"line":170,"column":82}}],"line":170},"21":{"loc":{"start":{"line":175,"column":8},"end":{"line":184,"column":9}},"type":"if","locations":[{"start":{"line":175,"column":8},"end":{"line":184,"column":9}},{"start":{"line":175,"column":8},"end":{"line":184,"column":9}}],"line":175},"22":{"loc":{"start":{"line":179,"column":16},"end":{"line":181,"column":17}},"type":"if","locations":[{"start":{"line":179,"column":16},"end":{"line":181,"column":17}},{"start":{"line":179,"column":16},"end":{"line":181,"column":17}}],"line":179},"23":{"loc":{"start":{"line":186,"column":8},"end":{"line":188,"column":9}},"type":"if","locations":[{"start":{"line":186,"column":8},"end":{"line":188,"column":9}},{"start":{"line":186,"column":8},"end":{"line":188,"column":9}}],"line":186},"24":{"loc":{"start":{"line":194,"column":8},"end":{"line":222,"column":9}},"type":"if","locations":[{"start":{"line":194,"column":8},"end":{"line":222,"column":9}},{"start":{"line":194,"column":8},"end":{"line":222,"column":9}}],"line":194},"25":{"loc":{"start":{"line":195,"column":12},"end":{"line":208,"column":13}},"type":"if","locations":[{"start":{"line":195,"column":12},"end":{"line":208,"column":13}},{"start":{"line":195,"column":12},"end":{"line":208,"column":13}}],"line":195},"26":{"loc":{"start":{"line":198,"column":16},"end":{"line":200,"column":17}},"type":"if","locations":[{"start":{"line":198,"column":16},"end":{"line":200,"column":17}},{"start":{"line":198,"column":16},"end":{"line":200,"column":17}}],"line":198},"27":{"loc":{"start":{"line":202,"column":16},"end":{"line":206,"column":17}},"type":"if","locations":[{"start":{"line":202,"column":16},"end":{"line":206,"column":17}},{"start":{"line":202,"column":16},"end":{"line":206,"column":17}}],"line":202},"28":{"loc":{"start":{"line":209,"column":15},"end":{"line":222,"column":9}},"type":"if","locations":[{"start":{"line":209,"column":15},"end":{"line":222,"column":9}},{"start":{"line":209,"column":15},"end":{"line":222,"column":9}}],"line":209},"29":{"loc":{"start":{"line":211,"column":12},"end":{"line":213,"column":13}},"type":"if","locations":[{"start":{"line":211,"column":12},"end":{"line":213,"column":13}},{"start":{"line":211,"column":12},"end":{"line":213,"column":13}}],"line":211},"30":{"loc":{"start":{"line":214,"column":12},"end":{"line":217,"column":13}},"type":"if","locations":[{"start":{"line":214,"column":12},"end":{"line":217,"column":13}},{"start":{"line":214,"column":12},"end":{"line":217,"column":13}}],"line":214},"31":{"loc":{"start":{"line":214,"column":15},"end":{"line":214,"column":72}},"type":"binary-expr","locations":[{"start":{"line":214,"column":15},"end":{"line":214,"column":36}},{"start":{"line":214,"column":40},"end":{"line":214,"column":72}}],"line":214},"32":{"loc":{"start":{"line":230,"column":8},"end":{"line":232,"column":9}},"type":"if","locations":[{"start":{"line":230,"column":8},"end":{"line":232,"column":9}},{"start":{"line":230,"column":8},"end":{"line":232,"column":9}}],"line":230},"33":{"loc":{"start":{"line":243,"column":29},"end":{"line":243,"column":116}},"type":"cond-expr","locations":[{"start":{"line":243,"column":51},"end":{"line":243,"column":85}},{"start":{"line":243,"column":88},"end":{"line":243,"column":116}}],"line":243},"34":{"loc":{"start":{"line":244,"column":33},"end":{"line":244,"column":128}},"type":"cond-expr","locations":[{"start":{"line":244,"column":55},"end":{"line":244,"column":93}},{"start":{"line":244,"column":96},"end":{"line":244,"column":128}}],"line":244},"35":{"loc":{"start":{"line":252,"column":21},"end":{"line":252,"column":59}},"type":"binary-expr","locations":[{"start":{"line":252,"column":21},"end":{"line":252,"column":48}},{"start":{"line":252,"column":52},"end":{"line":252,"column":59}}],"line":252},"36":{"loc":{"start":{"line":253,"column":21},"end":{"line":253,"column":199}},"type":"binary-expr","locations":[{"start":{"line":253,"column":21},"end":{"line":253,"column":48}},{"start":{"line":253,"column":52},"end":{"line":253,"column":199}}],"line":253},"37":{"loc":{"start":{"line":254,"column":21},"end":{"line":254,"column":153}},"type":"binary-expr","locations":[{"start":{"line":254,"column":23},"end":{"line":254,"column":50}},{"start":{"line":254,"column":54},"end":{"line":254,"column":92}},{"start":{"line":254,"column":97},"end":{"line":254,"column":121}},{"start":{"line":254,"column":125},"end":{"line":254,"column":141}},{"start":{"line":254,"column":146},"end":{"line":254,"column":153}}],"line":254},"38":{"loc":{"start":{"line":255,"column":21},"end":{"line":255,"column":272}},"type":"binary-expr","locations":[{"start":{"line":255,"column":23},"end":{"line":255,"column":50}},{"start":{"line":255,"column":54},"end":{"line":255,"column":92}},{"start":{"line":255,"column":97},"end":{"line":255,"column":121}},{"start":{"line":255,"column":125},"end":{"line":255,"column":141}},{"start":{"line":255,"column":146},"end":{"line":255,"column":272}}],"line":255},"39":{"loc":{"start":{"line":259,"column":17},"end":{"line":268,"column":28}},"type":"binary-expr","locations":[{"start":{"line":259,"column":17},"end":{"line":259,"column":47}},{"start":{"line":259,"column":51},"end":{"line":268,"column":28}}],"line":259},"40":{"loc":{"start":{"line":270,"column":17},"end":{"line":307,"column":28}},"type":"binary-expr","locations":[{"start":{"line":270,"column":18},"end":{"line":270,"column":45}},{"start":{"line":270,"column":49},"end":{"line":270,"column":86}},{"start":{"line":270,"column":91},"end":{"line":307,"column":28}}],"line":270},"41":{"loc":{"start":{"line":276,"column":21},"end":{"line":294,"column":26}},"type":"binary-expr","locations":[{"start":{"line":276,"column":22},"end":{"line":276,"column":45}},{"start":{"line":276,"column":50},"end":{"line":294,"column":26}}],"line":276},"42":{"loc":{"start":{"line":278,"column":29},"end":{"line":278,"column":99}},"type":"binary-expr","locations":[{"start":{"line":278,"column":29},"end":{"line":278,"column":68}},{"start":{"line":278,"column":72},"end":{"line":278,"column":99}}],"line":278},"43":{"loc":{"start":{"line":279,"column":29},"end":{"line":279,"column":99}},"type":"binary-expr","locations":[{"start":{"line":279,"column":29},"end":{"line":279,"column":70}},{"start":{"line":279,"column":74},"end":{"line":279,"column":99}}],"line":279},"44":{"loc":{"start":{"line":280,"column":29},"end":{"line":280,"column":102}},"type":"binary-expr","locations":[{"start":{"line":280,"column":29},"end":{"line":280,"column":70}},{"start":{"line":280,"column":74},"end":{"line":280,"column":102}}],"line":280},"45":{"loc":{"start":{"line":291,"column":29},"end":{"line":291,"column":195}},"type":"binary-expr","locations":[{"start":{"line":291,"column":30},"end":{"line":291,"column":52}},{"start":{"line":291,"column":56},"end":{"line":291,"column":70}},{"start":{"line":291,"column":75},"end":{"line":291,"column":195}}],"line":291},"46":{"loc":{"start":{"line":292,"column":29},"end":{"line":292,"column":210}},"type":"binary-expr","locations":[{"start":{"line":292,"column":30},"end":{"line":292,"column":54}},{"start":{"line":292,"column":58},"end":{"line":292,"column":74}},{"start":{"line":292,"column":79},"end":{"line":292,"column":210}}],"line":292},"47":{"loc":{"start":{"line":295,"column":21},"end":{"line":301,"column":26}},"type":"binary-expr","locations":[{"start":{"line":295,"column":22},"end":{"line":295,"column":47}},{"start":{"line":295,"column":52},"end":{"line":301,"column":26}}],"line":295},"48":{"loc":{"start":{"line":298,"column":29},"end":{"line":298,"column":195}},"type":"binary-expr","locations":[{"start":{"line":298,"column":30},"end":{"line":298,"column":52}},{"start":{"line":298,"column":56},"end":{"line":298,"column":70}},{"start":{"line":298,"column":75},"end":{"line":298,"column":195}}],"line":298},"49":{"loc":{"start":{"line":299,"column":29},"end":{"line":299,"column":210}},"type":"binary-expr","locations":[{"start":{"line":299,"column":30},"end":{"line":299,"column":54}},{"start":{"line":299,"column":58},"end":{"line":299,"column":74}},{"start":{"line":299,"column":79},"end":{"line":299,"column":210}}],"line":299},"50":{"loc":{"start":{"line":302,"column":21},"end":{"line":306,"column":26}},"type":"binary-expr","locations":[{"start":{"line":302,"column":22},"end":{"line":302,"column":60}},{"start":{"line":302,"column":65},"end":{"line":306,"column":26}}],"line":302},"51":{"loc":{"start":{"line":309,"column":17},"end":{"line":313,"column":28}},"type":"binary-expr","locations":[{"start":{"line":309,"column":18},"end":{"line":309,"column":46}},{"start":{"line":309,"column":50},"end":{"line":309,"column":89}},{"start":{"line":309,"column":93},"end":{"line":309,"column":129}},{"start":{"line":309,"column":134},"end":{"line":313,"column":28}}],"line":309},"52":{"loc":{"start":{"line":311,"column":24},"end":{"line":311,"column":92}},"type":"cond-expr","locations":[{"start":{"line":311,"column":75},"end":{"line":311,"column":82}},{"start":{"line":311,"column":85},"end":{"line":311,"column":92}}],"line":311},"53":{"loc":{"start":{"line":315,"column":17},"end":{"line":328,"column":28}},"type":"binary-expr","locations":[{"start":{"line":315,"column":17},"end":{"line":315,"column":56}},{"start":{"line":315,"column":60},"end":{"line":328,"column":28}}],"line":315},"54":{"loc":{"start":{"line":317,"column":25},"end":{"line":317,"column":125}},"type":"binary-expr","locations":[{"start":{"line":317,"column":25},"end":{"line":317,"column":64}},{"start":{"line":317,"column":68},"end":{"line":317,"column":125}}],"line":317},"55":{"loc":{"start":{"line":318,"column":25},"end":{"line":318,"column":129}},"type":"binary-expr","locations":[{"start":{"line":318,"column":25},"end":{"line":318,"column":66}},{"start":{"line":318,"column":70},"end":{"line":318,"column":129}}],"line":318},"56":{"loc":{"start":{"line":319,"column":25},"end":{"line":319,"column":128}},"type":"binary-expr","locations":[{"start":{"line":319,"column":25},"end":{"line":319,"column":66}},{"start":{"line":319,"column":70},"end":{"line":319,"column":128}}],"line":319},"57":{"loc":{"start":{"line":330,"column":17},"end":{"line":333,"column":28}},"type":"binary-expr","locations":[{"start":{"line":330,"column":17},"end":{"line":330,"column":53}},{"start":{"line":330,"column":57},"end":{"line":333,"column":28}}],"line":330},"58":{"loc":{"start":{"line":331,"column":146},"end":{"line":331,"column":221}},"type":"cond-expr","locations":[{"start":{"line":331,"column":168},"end":{"line":331,"column":196}},{"start":{"line":331,"column":199},"end":{"line":331,"column":221}}],"line":331},"59":{"loc":{"start":{"line":335,"column":17},"end":{"line":350,"column":28}},"type":"binary-expr","locations":[{"start":{"line":335,"column":18},"end":{"line":335,"column":46}},{"start":{"line":335,"column":50},"end":{"line":335,"column":89}},{"start":{"line":335,"column":93},"end":{"line":335,"column":129}},{"start":{"line":335,"column":134},"end":{"line":350,"column":28}}],"line":335},"60":{"loc":{"start":{"line":336,"column":21},"end":{"line":338,"column":29}},"type":"binary-expr","locations":[{"start":{"line":336,"column":22},"end":{"line":336,"column":50}},{"start":{"line":336,"column":54},"end":{"line":336,"column":93}},{"start":{"line":336,"column":98},"end":{"line":338,"column":29}}],"line":336},"61":{"loc":{"start":{"line":336,"column":220},"end":{"line":336,"column":295}},"type":"cond-expr","locations":[{"start":{"line":336,"column":242},"end":{"line":336,"column":270}},{"start":{"line":336,"column":273},"end":{"line":336,"column":295}}],"line":336},"62":{"loc":{"start":{"line":340,"column":21},"end":{"line":342,"column":29}},"type":"binary-expr","locations":[{"start":{"line":340,"column":22},"end":{"line":340,"column":50}},{"start":{"line":340,"column":55},"end":{"line":342,"column":29}}],"line":340},"63":{"loc":{"start":{"line":340,"column":198},"end":{"line":340,"column":273}},"type":"cond-expr","locations":[{"start":{"line":340,"column":220},"end":{"line":340,"column":248}},{"start":{"line":340,"column":251},"end":{"line":340,"column":273}}],"line":340},"64":{"loc":{"start":{"line":343,"column":21},"end":{"line":345,"column":29}},"type":"binary-expr","locations":[{"start":{"line":343,"column":22},"end":{"line":343,"column":50}},{"start":{"line":343,"column":55},"end":{"line":345,"column":29}}],"line":343},"65":{"loc":{"start":{"line":343,"column":194},"end":{"line":343,"column":269}},"type":"cond-expr","locations":[{"start":{"line":343,"column":216},"end":{"line":343,"column":244}},{"start":{"line":343,"column":247},"end":{"line":343,"column":269}}],"line":343},"66":{"loc":{"start":{"line":346,"column":21},"end":{"line":348,"column":29}},"type":"binary-expr","locations":[{"start":{"line":346,"column":22},"end":{"line":346,"column":50}},{"start":{"line":346,"column":55},"end":{"line":348,"column":29}}],"line":346},"67":{"loc":{"start":{"line":346,"column":198},"end":{"line":346,"column":273}},"type":"cond-expr","locations":[{"start":{"line":346,"column":220},"end":{"line":346,"column":248}},{"start":{"line":346,"column":251},"end":{"line":346,"column":273}}],"line":346},"68":{"loc":{"start":{"line":349,"column":21},"end":{"line":349,"column":464}},"type":"binary-expr","locations":[{"start":{"line":349,"column":22},"end":{"line":349,"column":50}},{"start":{"line":349,"column":54},"end":{"line":349,"column":93}},{"start":{"line":349,"column":98},"end":{"line":349,"column":464}}],"line":349},"69":{"loc":{"start":{"line":349,"column":157},"end":{"line":349,"column":276}},"type":"cond-expr","locations":[{"start":{"line":349,"column":179},"end":{"line":349,"column":229}},{"start":{"line":349,"column":232},"end":{"line":349,"column":276}}],"line":349},"70":{"loc":{"start":{"line":349,"column":285},"end":{"line":349,"column":384}},"type":"cond-expr","locations":[{"start":{"line":349,"column":307},"end":{"line":349,"column":347}},{"start":{"line":349,"column":350},"end":{"line":349,"column":384}}],"line":349},"71":{"loc":{"start":{"line":352,"column":17},"end":{"line":364,"column":28}},"type":"binary-expr","locations":[{"start":{"line":352,"column":17},"end":{"line":352,"column":47}},{"start":{"line":352,"column":51},"end":{"line":364,"column":28}}],"line":352},"72":{"loc":{"start":{"line":363,"column":27},"end":{"line":363,"column":68}},"type":"cond-expr","locations":[{"start":{"line":363,"column":49},"end":{"line":363,"column":60}},{"start":{"line":363,"column":63},"end":{"line":363,"column":68}}],"line":363},"73":{"loc":{"start":{"line":366,"column":17},"end":{"line":368,"column":28}},"type":"binary-expr","locations":[{"start":{"line":366,"column":18},"end":{"line":366,"column":48}},{"start":{"line":366,"column":53},"end":{"line":368,"column":28}}],"line":366},"74":{"loc":{"start":{"line":367,"column":138},"end":{"line":367,"column":213}},"type":"cond-expr","locations":[{"start":{"line":367,"column":160},"end":{"line":367,"column":188}},{"start":{"line":367,"column":191},"end":{"line":367,"column":213}}],"line":367}},"s":{"0":1,"1":37,"2":37,"3":37,"4":37,"5":37,"6":37,"7":37,"8":37,"9":37,"10":37,"11":14,"12":14,"13":3,"14":3,"15":3,"16":0,"17":0,"18":0,"19":0,"20":0,"21":0,"22":0,"23":0,"24":0,"25":0,"26":0,"27":0,"28":0,"29":0,"30":0,"31":12,"32":12,"33":1,"34":1,"35":11,"36":2,"37":2,"38":9,"39":0,"40":0,"41":0,"42":0,"43":0,"44":0,"45":0,"46":0,"47":0,"48":1,"49":1,"50":2,"51":1,"52":1,"53":0,"54":1,"55":1,"56":1,"57":0,"58":1,"59":0,"60":0,"61":0,"62":0,"63":0,"64":0,"65":0,"66":37,"67":12,"68":37,"69":22,"70":14,"71":14,"72":22,"73":0,"74":0,"75":0,"76":0,"77":22,"78":0,"79":37,"80":9,"81":5,"82":4,"83":4,"84":4,"85":4,"86":1,"87":1,"88":1,"89":4,"90":4,"91":4,"92":4,"93":2,"94":2,"95":4,"96":0,"97":37,"98":9,"99":8,"100":37,"101":0,"102":0,"103":0,"104":0,"105":1,"106":0,"107":0,"108":0,"109":1,"110":1,"111":1,"112":1,"113":1,"114":1,"115":0,"116":0},"f":{"0":37,"1":14,"2":14,"3":3,"4":3,"5":0,"6":0,"7":0,"8":12,"9":0,"10":0,"11":1,"12":2,"13":1,"14":0,"15":0,"16":12,"17":22,"18":0,"19":9,"20":9,"21":0,"22":0,"23":0,"24":0,"25":1,"26":0,"27":0,"28":0,"29":0,"30":1,"31":1,"32":1,"33":1,"34":1,"35":1,"36":0,"37":0},"b":{"0":[14],"1":[0,0],"2":[0,0,0],"3":[0,0],"4":[0,0],"5":[12,0],"6":[1,11],"7":[2,9],"8":[0,0],"9":[0,0],"10":[0,0],"11":[0,0],"12":[0,0],"13":[1,1],"14":[0,1],"15":[0,1],"16":[1,1],"17":[0,0],"18":[0,0],"19":[14,8],"20":[22,8],"21":[0,22],"22":[0,0],"23":[0,22],"24":[5,4],"25":[4,1],"26":[4,0],"27":[1,3],"28":[4,0],"29":[4,0],"30":[2,2],"31":[4,4],"32":[8,1],"33":[37,0],"34":[37,0],"35":[37,4],"36":[37,4],"37":[37,9,28,0,0],"38":[37,9,28,0,0],"39":[37,0],"40":[37,33,4],"41":[4,2],"42":[2,0],"43":[2,0],"44":[2,2],"45":[2,2,1],"46":[2,2,1],"47":[4,2],"48":[2,1,1],"49":[2,1,1],"50":[4,0],"51":[37,9,9,30],"52":[0,30],"53":[37,0],"54":[0,0],"55":[0,0],"56":[0,0],"57":[37,2],"58":[2,0],"59":[37,9,9,30],"60":[30,2,28],"61":[28,0],"62":[30,28],"63":[28,0],"64":[30,28],"65":[28,0],"66":[30,28],"67":[28,0],"68":[30,2,28],"69":[28,0],"70":[28,0],"71":[37,3],"72":[3,0],"73":[37,3],"74":[3,0]},"_coverageSchema":"43e27e138ebf9cfc5966b082cf9a028302ed4184","hash":"15be412f7c6ded0b6f0557e7542185cdbeebefd6"}
,"/Users/admin/Documents/GitHub/react-commentview/src/Constants.js": {"path":"/Users/admin/Documents/GitHub/react-commentview/src/Constants.js","statementMap":{"0":{"start":{"line":1,"column":18},"end":{"line":21,"column":1}}},"fnMap":{},"branchMap":{},"s":{"0":1},"f":{},"b":{},"_coverageSchema":"43e27e138ebf9cfc5966b082cf9a028302ed4184","hash":"875d3c0ea3409e464d7695c96c8d32089f4f98a3"}
,"/Users/admin/Documents/GitHub/react-commentview/src/Util.js": {"path":"/Users/admin/Documents/GitHub/react-commentview/src/Util.js","statementMap":{"0":{"start":{"line":1,"column":13},"end":{"line":53,"column":1}},"1":{"start":{"line":4,"column":8},"end":{"line":6,"column":9}},"2":{"start":{"line":5,"column":12},"end":{"line":5,"column":55}},"3":{"start":{"line":7,"column":8},"end":{"line":7,"column":19}},"4":{"start":{"line":11,"column":59},"end":{"line":11,"column":65}},"5":{"start":{"line":12,"column":8},"end":{"line":15,"column":10}},"6":{"start":{"line":20,"column":26},"end":{"line":20,"column":35}},"7":{"start":{"line":21,"column":24},"end":{"line":21,"column":40}},"8":{"start":{"line":22,"column":23},"end":{"line":22,"column":37}},"9":{"start":{"line":23,"column":25},"end":{"line":23,"column":38}},"10":{"start":{"line":24,"column":24},"end":{"line":24,"column":38}},"11":{"start":{"line":26,"column":22},"end":{"line":26,"column":40}},"12":{"start":{"line":28,"column":8},"end":{"line":50,"column":9}},"13":{"start":{"line":29,"column":13},"end":{"line":29,"column":62}},"14":{"start":{"line":32,"column":13},"end":{"line":50,"column":9}},"15":{"start":{"line":33,"column":13},"end":{"line":33,"column":69}},"16":{"start":{"line":36,"column":13},"end":{"line":50,"column":9}},"17":{"start":{"line":37,"column":13},"end":{"line":37,"column":66}},"18":{"start":{"line":40,"column":13},"end":{"line":50,"column":9}},"19":{"start":{"line":41,"column":12},"end":{"line":41,"column":81}},"20":{"start":{"line":44,"column":13},"end":{"line":50,"column":9}},"21":{"start":{"line":45,"column":12},"end":{"line":45,"column":85}},"22":{"start":{"line":49,"column":12},"end":{"line":49,"column":84}}},"fnMap":{"0":{"name":"(anonymous_0)","decl":{"start":{"line":3,"column":20},"end":{"line":3,"column":21}},"loc":{"start":{"line":3,"column":46},"end":{"line":8,"column":5}},"line":3},"1":{"name":"(anonymous_1)","decl":{"start":{"line":10,"column":25},"end":{"line":10,"column":26}},"loc":{"start":{"line":10,"column":37},"end":{"line":16,"column":5}},"line":10},"2":{"name":"(anonymous_2)","decl":{"start":{"line":18,"column":20},"end":{"line":18,"column":21}},"loc":{"start":{"line":18,"column":49},"end":{"line":51,"column":5}},"line":18}},"branchMap":{"0":{"loc":{"start":{"line":4,"column":8},"end":{"line":6,"column":9}},"type":"if","locations":[{"start":{"line":4,"column":8},"end":{"line":6,"column":9}},{"start":{"line":4,"column":8},"end":{"line":6,"column":9}}],"line":4},"1":{"loc":{"start":{"line":28,"column":8},"end":{"line":50,"column":9}},"type":"if","locations":[{"start":{"line":28,"column":8},"end":{"line":50,"column":9}},{"start":{"line":28,"column":8},"end":{"line":50,"column":9}}],"line":28},"2":{"loc":{"start":{"line":32,"column":13},"end":{"line":50,"column":9}},"type":"if","locations":[{"start":{"line":32,"column":13},"end":{"line":50,"column":9}},{"start":{"line":32,"column":13},"end":{"line":50,"column":9}}],"line":32},"3":{"loc":{"start":{"line":36,"column":13},"end":{"line":50,"column":9}},"type":"if","locations":[{"start":{"line":36,"column":13},"end":{"line":50,"column":9}},{"start":{"line":36,"column":13},"end":{"line":50,"column":9}}],"line":36},"4":{"loc":{"start":{"line":40,"column":13},"end":{"line":50,"column":9}},"type":"if","locations":[{"start":{"line":40,"column":13},"end":{"line":50,"column":9}},{"start":{"line":40,"column":13},"end":{"line":50,"column":9}}],"line":40},"5":{"loc":{"start":{"line":44,"column":13},"end":{"line":50,"column":9}},"type":"if","locations":[{"start":{"line":44,"column":13},"end":{"line":50,"column":9}},{"start":{"line":44,"column":13},"end":{"line":50,"column":9}}],"line":44}},"s":{"0":1,"1":2,"2":2,"3":0,"4":37,"5":37,"6":4,"7":4,"8":4,"9":4,"10":4,"11":4,"12":4,"13":0,"14":4,"15":0,"16":4,"17":0,"18":4,"19":4,"20":0,"21":0,"22":0},"f":{"0":2,"1":37,"2":4},"b":{"0":[2,0],"1":[0,4],"2":[0,4],"3":[0,4],"4":[4,0],"5":[0,0]},"_coverageSchema":"43e27e138ebf9cfc5966b082cf9a028302ed4184","hash":"35d1aa370e7508e998c687c222f47fdc0c5c1ae9"}
,"/Users/admin/Documents/GitHub/react-commentview/src/index.js": {"path":"/Users/admin/Documents/GitHub/react-commentview/src/index.js","statementMap":{},"fnMap":{},"branchMap":{},"s":{},"f":{},"b":{},"_coverageSchema":"43e27e138ebf9cfc5966b082cf9a028302ed4184","hash":"8b41ffe7debd3d680f513b7ffec6b8b87018b1be"}
}
