{"/Users/admin/Documents/GitHub/react-commentview/src/CommentView.js": {"path":"/Users/admin/Documents/GitHub/react-commentview/src/CommentView.js","statementMap":{"0":{"start":{"line":12,"column":27},"end":{"line":801,"column":1}},"1":{"start":{"line":14,"column":52},"end":{"line":14,"column":88}},"2":{"start":{"line":15,"column":40},"end":{"line":15,"column":77}},"3":{"start":{"line":16,"column":44},"end":{"line":16,"column":56}},"4":{"start":{"line":17,"column":30},"end":{"line":17,"column":45}},"5":{"start":{"line":18,"column":28},"end":{"line":18,"column":57}},"6":{"start":{"line":19,"column":28},"end":{"line":19,"column":57}},"7":{"start":{"line":20,"column":32},"end":{"line":20,"column":47}},"8":{"start":{"line":21,"column":34},"end":{"line":21,"column":48}},"9":{"start":{"line":22,"column":34},"end":{"line":22,"column":46}},"10":{"start":{"line":23,"column":44},"end":{"line":23,"column":56}},"11":{"start":{"line":24,"column":46},"end":{"line":24,"column":60}},"12":{"start":{"line":25,"column":60},"end":{"line":25,"column":74}},"13":{"start":{"line":26,"column":68},"end":{"line":26,"column":82}},"14":{"start":{"line":27,"column":74},"end":{"line":27,"column":88}},"15":{"start":{"line":28,"column":72},"end":{"line":28,"column":86}},"16":{"start":{"line":29,"column":76},"end":{"line":29,"column":90}},"17":{"start":{"line":30,"column":30},"end":{"line":30,"column":44}},"18":{"start":{"line":31,"column":36},"end":{"line":31,"column":50}},"19":{"start":{"line":32,"column":40},"end":{"line":32,"column":55}},"20":{"start":{"line":33,"column":46},"end":{"line":33,"column":61}},"21":{"start":{"line":34,"column":34},"end":{"line":34,"column":48}},"22":{"start":{"line":35,"column":38},"end":{"line":35,"column":52}},"23":{"start":{"line":36,"column":44},"end":{"line":36,"column":59}},"24":{"start":{"line":37,"column":48},"end":{"line":37,"column":63}},"25":{"start":{"line":38,"column":44},"end":{"line":38,"column":59}},"26":{"start":{"line":39,"column":24},"end":{"line":39,"column":36}},"27":{"start":{"line":40,"column":21},"end":{"line":40,"column":33}},"28":{"start":{"line":41,"column":18},"end":{"line":41,"column":44}},"29":{"start":{"line":44,"column":8},"end":{"line":44,"column":41}},"30":{"start":{"line":48,"column":8},"end":{"line":48,"column":35}},"31":{"start":{"line":52,"column":8},"end":{"line":52,"column":47}},"32":{"start":{"line":56,"column":8},"end":{"line":56,"column":40}},"33":{"start":{"line":61,"column":8},"end":{"line":70,"column":9}},"34":{"start":{"line":62,"column":12},"end":{"line":62,"column":55}},"35":{"start":{"line":64,"column":12},"end":{"line":68,"column":13}},"36":{"start":{"line":65,"column":16},"end":{"line":65,"column":48}},"37":{"start":{"line":67,"column":16},"end":{"line":67,"column":59}},"38":{"start":{"line":75,"column":8},"end":{"line":79,"column":9}},"39":{"start":{"line":76,"column":12},"end":{"line":76,"column":49}},"40":{"start":{"line":78,"column":12},"end":{"line":78,"column":44}},"41":{"start":{"line":84,"column":8},"end":{"line":84,"column":51}},"42":{"start":{"line":84,"column":26},"end":{"line":84,"column":39}},"43":{"start":{"line":88,"column":8},"end":{"line":88,"column":43}},"44":{"start":{"line":89,"column":8},"end":{"line":89,"column":28}},"45":{"start":{"line":94,"column":8},"end":{"line":94,"column":41}},"46":{"start":{"line":99,"column":8},"end":{"line":99,"column":23}},"47":{"start":{"line":100,"column":8},"end":{"line":100,"column":58}},"48":{"start":{"line":101,"column":8},"end":{"line":103,"column":9}},"49":{"start":{"line":102,"column":12},"end":{"line":102,"column":39}},"50":{"start":{"line":107,"column":8},"end":{"line":107,"column":28}},"51":{"start":{"line":108,"column":8},"end":{"line":108,"column":41}},"52":{"start":{"line":113,"column":18},"end":{"line":113,"column":20}},"53":{"start":{"line":115,"column":23},"end":{"line":115,"column":46}},"54":{"start":{"line":116,"column":8},"end":{"line":127,"column":10}},"55":{"start":{"line":117,"column":12},"end":{"line":117,"column":103}},"56":{"start":{"line":119,"column":25},"end":{"line":119,"column":40}},"57":{"start":{"line":120,"column":12},"end":{"line":120,"column":38}},"58":{"start":{"line":121,"column":12},"end":{"line":125,"column":13}},"59":{"start":{"line":122,"column":16},"end":{"line":122,"column":50}},"60":{"start":{"line":124,"column":16},"end":{"line":124,"column":56}},"61":{"start":{"line":129,"column":8},"end":{"line":129,"column":24}},"62":{"start":{"line":134,"column":8},"end":{"line":139,"column":9}},"63":{"start":{"line":135,"column":12},"end":{"line":138,"column":13}},"64":{"start":{"line":136,"column":16},"end":{"line":136,"column":40}},"65":{"start":{"line":137,"column":16},"end":{"line":137,"column":23}},"66":{"start":{"line":141,"column":8},"end":{"line":144,"column":9}},"67":{"start":{"line":142,"column":12},"end":{"line":142,"column":36}},"68":{"start":{"line":143,"column":12},"end":{"line":143,"column":19}},"69":{"start":{"line":146,"column":8},"end":{"line":146,"column":31}},"70":{"start":{"line":151,"column":8},"end":{"line":151,"column":65}},"71":{"start":{"line":152,"column":8},"end":{"line":160,"column":11}},"72":{"start":{"line":152,"column":35},"end":{"line":160,"column":11}},"73":{"start":{"line":161,"column":8},"end":{"line":169,"column":9}},"74":{"start":{"line":162,"column":12},"end":{"line":166,"column":13}},"75":{"start":{"line":165,"column":16},"end":{"line":165,"column":49}},"76":{"start":{"line":168,"column":12},"end":{"line":168,"column":45}},"77":{"start":{"line":170,"column":8},"end":{"line":176,"column":9}},"78":{"start":{"line":171,"column":12},"end":{"line":171,"column":27}},"79":{"start":{"line":172,"column":12},"end":{"line":172,"column":32}},"80":{"start":{"line":173,"column":12},"end":{"line":173,"column":32}},"81":{"start":{"line":174,"column":12},"end":{"line":174,"column":43}},"82":{"start":{"line":175,"column":12},"end":{"line":175,"column":44}},"83":{"start":{"line":182,"column":8},"end":{"line":189,"column":9}},"84":{"start":{"line":183,"column":12},"end":{"line":183,"column":35}},"85":{"start":{"line":184,"column":12},"end":{"line":184,"column":27}},"86":{"start":{"line":186,"column":12},"end":{"line":186,"column":50}},"87":{"start":{"line":187,"column":12},"end":{"line":187,"column":27}},"88":{"start":{"line":188,"column":12},"end":{"line":188,"column":29}},"89":{"start":{"line":193,"column":8},"end":{"line":193,"column":74}},"90":{"start":{"line":194,"column":8},"end":{"line":194,"column":45}},"91":{"start":{"line":198,"column":8},"end":{"line":207,"column":9}},"92":{"start":{"line":199,"column":12},"end":{"line":199,"column":53}},"93":{"start":{"line":201,"column":12},"end":{"line":205,"column":13}},"94":{"start":{"line":202,"column":16},"end":{"line":202,"column":59}},"95":{"start":{"line":204,"column":16},"end":{"line":204,"column":48}},"96":{"start":{"line":206,"column":12},"end":{"line":206,"column":40}},"97":{"start":{"line":212,"column":8},"end":{"line":216,"column":9}},"98":{"start":{"line":213,"column":12},"end":{"line":213,"column":56}},"99":{"start":{"line":215,"column":12},"end":{"line":215,"column":45}},"100":{"start":{"line":221,"column":8},"end":{"line":221,"column":33}},"101":{"start":{"line":223,"column":8},"end":{"line":223,"column":36}},"102":{"start":{"line":228,"column":8},"end":{"line":235,"column":9}},"103":{"start":{"line":229,"column":12},"end":{"line":229,"column":54}},"104":{"start":{"line":231,"column":12},"end":{"line":233,"column":13}},"105":{"start":{"line":232,"column":16},"end":{"line":232,"column":54}},"106":{"start":{"line":234,"column":12},"end":{"line":234,"column":47}},"107":{"start":{"line":240,"column":8},"end":{"line":242,"column":9}},"108":{"start":{"line":241,"column":12},"end":{"line":241,"column":51}},"109":{"start":{"line":246,"column":8},"end":{"line":248,"column":9}},"110":{"start":{"line":247,"column":12},"end":{"line":247,"column":50}},"111":{"start":{"line":252,"column":8},"end":{"line":258,"column":9}},"112":{"start":{"line":253,"column":12},"end":{"line":255,"column":13}},"113":{"start":{"line":254,"column":16},"end":{"line":254,"column":53}},"114":{"start":{"line":256,"column":12},"end":{"line":256,"column":32}},"115":{"start":{"line":257,"column":12},"end":{"line":257,"column":32}},"116":{"start":{"line":262,"column":8},"end":{"line":268,"column":9}},"117":{"start":{"line":263,"column":12},"end":{"line":265,"column":13}},"118":{"start":{"line":264,"column":16},"end":{"line":264,"column":56}},"119":{"start":{"line":266,"column":12},"end":{"line":266,"column":38}},"120":{"start":{"line":267,"column":12},"end":{"line":267,"column":35}},"121":{"start":{"line":272,"column":8},"end":{"line":281,"column":9}},"122":{"start":{"line":273,"column":12},"end":{"line":273,"column":59}},"123":{"start":{"line":275,"column":12},"end":{"line":277,"column":13}},"124":{"start":{"line":276,"column":16},"end":{"line":276,"column":59}},"125":{"start":{"line":278,"column":12},"end":{"line":278,"column":32}},"126":{"start":{"line":279,"column":12},"end":{"line":279,"column":33}},"127":{"start":{"line":280,"column":12},"end":{"line":280,"column":45}},"128":{"start":{"line":286,"column":8},"end":{"line":295,"column":9}},"129":{"start":{"line":287,"column":12},"end":{"line":287,"column":62}},"130":{"start":{"line":289,"column":12},"end":{"line":291,"column":13}},"131":{"start":{"line":290,"column":16},"end":{"line":290,"column":62}},"132":{"start":{"line":292,"column":12},"end":{"line":292,"column":38}},"133":{"start":{"line":293,"column":12},"end":{"line":293,"column":36}},"134":{"start":{"line":294,"column":12},"end":{"line":294,"column":45}},"135":{"start":{"line":299,"column":8},"end":{"line":305,"column":9}},"136":{"start":{"line":300,"column":12},"end":{"line":302,"column":13}},"137":{"start":{"line":301,"column":16},"end":{"line":301,"column":55}},"138":{"start":{"line":303,"column":12},"end":{"line":303,"column":36}},"139":{"start":{"line":304,"column":12},"end":{"line":304,"column":34}},"140":{"start":{"line":309,"column":8},"end":{"line":315,"column":9}},"141":{"start":{"line":310,"column":12},"end":{"line":312,"column":13}},"142":{"start":{"line":311,"column":16},"end":{"line":311,"column":57}},"143":{"start":{"line":313,"column":12},"end":{"line":313,"column":40}},"144":{"start":{"line":314,"column":12},"end":{"line":314,"column":36}},"145":{"start":{"line":319,"column":8},"end":{"line":328,"column":9}},"146":{"start":{"line":320,"column":12},"end":{"line":320,"column":61}},"147":{"start":{"line":322,"column":12},"end":{"line":324,"column":13}},"148":{"start":{"line":323,"column":16},"end":{"line":323,"column":61}},"149":{"start":{"line":325,"column":12},"end":{"line":325,"column":36}},"150":{"start":{"line":326,"column":12},"end":{"line":326,"column":35}},"151":{"start":{"line":327,"column":12},"end":{"line":327,"column":45}},"152":{"start":{"line":333,"column":8},"end":{"line":342,"column":9}},"153":{"start":{"line":334,"column":12},"end":{"line":334,"column":63}},"154":{"start":{"line":336,"column":12},"end":{"line":338,"column":13}},"155":{"start":{"line":337,"column":16},"end":{"line":337,"column":63}},"156":{"start":{"line":339,"column":12},"end":{"line":339,"column":40}},"157":{"start":{"line":340,"column":12},"end":{"line":340,"column":37}},"158":{"start":{"line":341,"column":12},"end":{"line":341,"column":45}},"159":{"start":{"line":346,"column":8},"end":{"line":348,"column":9}},"160":{"start":{"line":347,"column":12},"end":{"line":347,"column":91}},"161":{"start":{"line":352,"column":8},"end":{"line":352,"column":42}},"162":{"start":{"line":353,"column":8},"end":{"line":353,"column":69}},"163":{"start":{"line":356,"column":4},"end":{"line":360,"column":22}},"164":{"start":{"line":358,"column":8},"end":{"line":358,"column":25}},"165":{"start":{"line":362,"column":4},"end":{"line":476,"column":44}},"166":{"start":{"line":364,"column":8},"end":{"line":383,"column":9}},"167":{"start":{"line":365,"column":12},"end":{"line":382,"column":13}},"168":{"start":{"line":367,"column":16},"end":{"line":370,"column":17}},"169":{"start":{"line":368,"column":20},"end":{"line":368,"column":54}},"170":{"start":{"line":369,"column":20},"end":{"line":369,"column":59}},"171":{"start":{"line":371,"column":16},"end":{"line":375,"column":17}},"172":{"start":{"line":372,"column":20},"end":{"line":374,"column":21}},"173":{"start":{"line":373,"column":24},"end":{"line":373,"column":74}},"174":{"start":{"line":376,"column":16},"end":{"line":381,"column":17}},"175":{"start":{"line":377,"column":20},"end":{"line":377,"column":72}},"176":{"start":{"line":378,"column":20},"end":{"line":378,"column":68}},"177":{"start":{"line":380,"column":20},"end":{"line":380,"column":40}},"178":{"start":{"line":385,"column":8},"end":{"line":456,"column":9}},"179":{"start":{"line":387,"column":12},"end":{"line":453,"column":13}},"180":{"start":{"line":389,"column":16},"end":{"line":389,"column":54}},"181":{"start":{"line":391,"column":19},"end":{"line":453,"column":13}},"182":{"start":{"line":393,"column":16},"end":{"line":397,"column":26}},"183":{"start":{"line":394,"column":20},"end":{"line":396,"column":21}},"184":{"start":{"line":395,"column":24},"end":{"line":395,"column":56}},"185":{"start":{"line":399,"column":19},"end":{"line":453,"column":13}},"186":{"start":{"line":401,"column":16},"end":{"line":405,"column":26}},"187":{"start":{"line":402,"column":20},"end":{"line":404,"column":21}},"188":{"start":{"line":403,"column":24},"end":{"line":403,"column":56}},"189":{"start":{"line":407,"column":19},"end":{"line":453,"column":13}},"190":{"start":{"line":409,"column":16},"end":{"line":413,"column":26}},"191":{"start":{"line":410,"column":20},"end":{"line":412,"column":21}},"192":{"start":{"line":411,"column":24},"end":{"line":411,"column":56}},"193":{"start":{"line":415,"column":19},"end":{"line":453,"column":13}},"194":{"start":{"line":417,"column":16},"end":{"line":421,"column":26}},"195":{"start":{"line":418,"column":20},"end":{"line":420,"column":21}},"196":{"start":{"line":419,"column":24},"end":{"line":419,"column":56}},"197":{"start":{"line":423,"column":19},"end":{"line":453,"column":13}},"198":{"start":{"line":425,"column":16},"end":{"line":429,"column":26}},"199":{"start":{"line":426,"column":20},"end":{"line":428,"column":21}},"200":{"start":{"line":427,"column":24},"end":{"line":427,"column":56}},"201":{"start":{"line":431,"column":19},"end":{"line":453,"column":13}},"202":{"start":{"line":433,"column":16},"end":{"line":433,"column":51}},"203":{"start":{"line":434,"column":16},"end":{"line":434,"column":55}},"204":{"start":{"line":435,"column":16},"end":{"line":435,"column":58}},"205":{"start":{"line":436,"column":16},"end":{"line":436,"column":57}},"206":{"start":{"line":437,"column":16},"end":{"line":437,"column":59}},"207":{"start":{"line":439,"column":19},"end":{"line":453,"column":13}},"208":{"start":{"line":441,"column":16},"end":{"line":444,"column":17}},"209":{"start":{"line":442,"column":20},"end":{"line":442,"column":48}},"210":{"start":{"line":443,"column":20},"end":{"line":443,"column":56}},"211":{"start":{"line":446,"column":19},"end":{"line":453,"column":13}},"212":{"start":{"line":448,"column":16},"end":{"line":451,"column":17}},"213":{"start":{"line":449,"column":20},"end":{"line":449,"column":48}},"214":{"start":{"line":450,"column":20},"end":{"line":450,"column":56}},"215":{"start":{"line":458,"column":8},"end":{"line":466,"column":9}},"216":{"start":{"line":459,"column":12},"end":{"line":462,"column":13}},"217":{"start":{"line":460,"column":16},"end":{"line":460,"column":44}},"218":{"start":{"line":461,"column":16},"end":{"line":461,"column":52}},"219":{"start":{"line":463,"column":12},"end":{"line":465,"column":13}},"220":{"start":{"line":464,"column":16},"end":{"line":464,"column":60}},"221":{"start":{"line":468,"column":8},"end":{"line":474,"column":9}},"222":{"start":{"line":471,"column":12},"end":{"line":473,"column":13}},"223":{"start":{"line":472,"column":16},"end":{"line":472,"column":51}},"224":{"start":{"line":478,"column":4},"end":{"line":492,"column":14}},"225":{"start":{"line":480,"column":8},"end":{"line":482,"column":9}},"226":{"start":{"line":481,"column":12},"end":{"line":481,"column":45}},"227":{"start":{"line":484,"column":8},"end":{"line":486,"column":9}},"228":{"start":{"line":485,"column":12},"end":{"line":485,"column":45}},"229":{"start":{"line":488,"column":8},"end":{"line":490,"column":9}},"230":{"start":{"line":489,"column":12},"end":{"line":489,"column":48}},"231":{"start":{"line":494,"column":4},"end":{"line":496,"column":21}},"232":{"start":{"line":495,"column":8},"end":{"line":495,"column":29}},"233":{"start":{"line":498,"column":4},"end":{"line":500,"column":24}},"234":{"start":{"line":499,"column":8},"end":{"line":499,"column":35}},"235":{"start":{"line":502,"column":4},"end":{"line":504,"column":26}},"236":{"start":{"line":503,"column":8},"end":{"line":503,"column":39}},"237":{"start":{"line":506,"column":4},"end":{"line":508,"column":29}},"238":{"start":{"line":507,"column":8},"end":{"line":507,"column":45}},"239":{"start":{"line":510,"column":4},"end":{"line":512,"column":23}},"240":{"start":{"line":511,"column":8},"end":{"line":511,"column":33}},"241":{"start":{"line":514,"column":4},"end":{"line":516,"column":25}},"242":{"start":{"line":515,"column":8},"end":{"line":515,"column":37}},"243":{"start":{"line":518,"column":4},"end":{"line":520,"column":28}},"244":{"start":{"line":519,"column":8},"end":{"line":519,"column":43}},"245":{"start":{"line":522,"column":4},"end":{"line":524,"column":30}},"246":{"start":{"line":523,"column":8},"end":{"line":523,"column":47}},"247":{"start":{"line":526,"column":4},"end":{"line":528,"column":28}},"248":{"start":{"line":527,"column":8},"end":{"line":527,"column":47}},"249":{"start":{"line":530,"column":4},"end":{"line":532,"column":22}},"250":{"start":{"line":531,"column":8},"end":{"line":531,"column":32}},"251":{"start":{"line":534,"column":4},"end":{"line":536,"column":20}},"252":{"start":{"line":535,"column":8},"end":{"line":535,"column":28}},"253":{"start":{"line":538,"column":4},"end":{"line":543,"column":29}},"254":{"start":{"line":539,"column":8},"end":{"line":541,"column":9}},"255":{"start":{"line":540,"column":12},"end":{"line":540,"column":42}},"256":{"start":{"line":545,"column":4},"end":{"line":800,"column":5}},"257":{"start":{"line":563,"column":242},"end":{"line":563,"column":259}},"258":{"start":{"line":565,"column":465},"end":{"line":565,"column":479}},"259":{"start":{"line":566,"column":236},"end":{"line":566,"column":251}},"260":{"start":{"line":573,"column":130},"end":{"line":573,"column":145}},"261":{"start":{"line":574,"column":137},"end":{"line":574,"column":154}},"262":{"start":{"line":594,"column":99},"end":{"line":594,"column":116}},"263":{"start":{"line":595,"column":106},"end":{"line":595,"column":117}},"264":{"start":{"line":602,"column":107},"end":{"line":602,"column":126}},"265":{"start":{"line":603,"column":114},"end":{"line":603,"column":127}},"266":{"start":{"line":608,"column":313},"end":{"line":608,"column":331}},"267":{"start":{"line":630,"column":148},"end":{"line":630,"column":167}},"268":{"start":{"line":646,"column":97},"end":{"line":646,"column":113}},"269":{"start":{"line":648,"column":122},"end":{"line":648,"column":138}},"270":{"start":{"line":661,"column":215},"end":{"line":661,"column":230}},"271":{"start":{"line":662,"column":206},"end":{"line":662,"column":215}},"272":{"start":{"line":667,"column":208},"end":{"line":667,"column":226}},"273":{"start":{"line":668,"column":214},"end":{"line":668,"column":226}},"274":{"start":{"line":704,"column":314},"end":{"line":704,"column":332}},"275":{"start":{"line":722,"column":228},"end":{"line":722,"column":249}},"276":{"start":{"line":725,"column":157},"end":{"line":725,"column":179}},"277":{"start":{"line":728,"column":246},"end":{"line":728,"column":268}},"278":{"start":{"line":728,"column":292},"end":{"line":728,"column":308}},"279":{"start":{"line":729,"column":188},"end":{"line":729,"column":208}},"280":{"start":{"line":732,"column":164},"end":{"line":732,"column":185}},"281":{"start":{"line":735,"column":97},"end":{"line":735,"column":111}},"282":{"start":{"line":752,"column":145},"end":{"line":752,"column":161}},"283":{"start":{"line":758,"column":59},"end":{"line":758,"column":84}},"284":{"start":{"line":766,"column":104},"end":{"line":766,"column":146}},"285":{"start":{"line":769,"column":102},"end":{"line":769,"column":142}},"286":{"start":{"line":772,"column":104},"end":{"line":772,"column":146}},"287":{"start":{"line":787,"column":43},"end":{"line":787,"column":67}}},"fnMap":{"0":{"name":"(anonymous_0)","decl":{"start":{"line":12,"column":27},"end":{"line":12,"column":28}},"loc":{"start":{"line":12,"column":38},"end":{"line":801,"column":1}},"line":12},"1":{"name":"setPreFillWrap","decl":{"start":{"line":43,"column":13},"end":{"line":43,"column":27}},"loc":{"start":{"line":43,"column":35},"end":{"line":45,"column":5}},"line":43},"2":{"name":"getPreFillWrap","decl":{"start":{"line":47,"column":13},"end":{"line":47,"column":27}},"loc":{"start":{"line":47,"column":30},"end":{"line":49,"column":5}},"line":47},"3":{"name":"setCallbackInfoWrap","decl":{"start":{"line":51,"column":13},"end":{"line":51,"column":32}},"loc":{"start":{"line":51,"column":40},"end":{"line":53,"column":5}},"line":51},"4":{"name":"getCallbackInfoWrap","decl":{"start":{"line":55,"column":13},"end":{"line":55,"column":32}},"loc":{"start":{"line":55,"column":35},"end":{"line":57,"column":5}},"line":55},"5":{"name":"showAttachment","decl":{"start":{"line":59,"column":13},"end":{"line":59,"column":27}},"loc":{"start":{"line":59,"column":35},"end":{"line":72,"column":5}},"line":59},"6":{"name":"showEdit","decl":{"start":{"line":74,"column":13},"end":{"line":74,"column":21}},"loc":{"start":{"line":74,"column":29},"end":{"line":81,"column":5}},"line":74},"7":{"name":"setFlowWrap","decl":{"start":{"line":83,"column":13},"end":{"line":83,"column":24}},"loc":{"start":{"line":83,"column":46},"end":{"line":85,"column":5}},"line":83},"8":{"name":"(anonymous_8)","decl":{"start":{"line":84,"column":19},"end":{"line":84,"column":20}},"loc":{"start":{"line":84,"column":25},"end":{"line":84,"column":40}},"line":84},"9":{"name":"prepareUpload","decl":{"start":{"line":87,"column":13},"end":{"line":87,"column":26}},"loc":{"start":{"line":87,"column":33},"end":{"line":90,"column":5}},"line":87},"10":{"name":"cancelUpload","decl":{"start":{"line":92,"column":13},"end":{"line":92,"column":25}},"loc":{"start":{"line":92,"column":28},"end":{"line":96,"column":5}},"line":92},"11":{"name":"onUploadComplete","decl":{"start":{"line":98,"column":13},"end":{"line":98,"column":29}},"loc":{"start":{"line":98,"column":38},"end":{"line":104,"column":5}},"line":98},"12":{"name":"onRemoveUpload","decl":{"start":{"line":106,"column":13},"end":{"line":106,"column":27}},"loc":{"start":{"line":106,"column":30},"end":{"line":109,"column":5}},"line":106},"13":{"name":"onClickAttachment","decl":{"start":{"line":111,"column":13},"end":{"line":111,"column":30}},"loc":{"start":{"line":111,"column":33},"end":{"line":130,"column":5}},"line":111},"14":{"name":"validateSubmit","decl":{"start":{"line":132,"column":13},"end":{"line":132,"column":27}},"loc":{"start":{"line":132,"column":30},"end":{"line":148,"column":5}},"line":132},"15":{"name":"submitResult","decl":{"start":{"line":150,"column":13},"end":{"line":150,"column":25}},"loc":{"start":{"line":150,"column":28},"end":{"line":178,"column":5}},"line":150},"16":{"name":"onTextAreaKeyUp","decl":{"start":{"line":180,"column":13},"end":{"line":180,"column":28}},"loc":{"start":{"line":180,"column":36},"end":{"line":190,"column":5}},"line":180},"17":{"name":"onEmojiChosen","decl":{"start":{"line":192,"column":13},"end":{"line":192,"column":26}},"loc":{"start":{"line":192,"column":39},"end":{"line":195,"column":5}},"line":192},"18":{"name":"openEmojiPicker","decl":{"start":{"line":197,"column":13},"end":{"line":197,"column":28}},"loc":{"start":{"line":197,"column":36},"end":{"line":209,"column":5}},"line":197},"19":{"name":"onEditClicked","decl":{"start":{"line":211,"column":13},"end":{"line":211,"column":26}},"loc":{"start":{"line":211,"column":29},"end":{"line":218,"column":5}},"line":211},"20":{"name":"onCancelClicked","decl":{"start":{"line":220,"column":13},"end":{"line":220,"column":28}},"loc":{"start":{"line":220,"column":31},"end":{"line":224,"column":5}},"line":220},"21":{"name":"onDeleteClicked","decl":{"start":{"line":226,"column":13},"end":{"line":226,"column":28}},"loc":{"start":{"line":226,"column":31},"end":{"line":237,"column":5}},"line":226},"22":{"name":"onReplyClicked","decl":{"start":{"line":239,"column":13},"end":{"line":239,"column":27}},"loc":{"start":{"line":239,"column":30},"end":{"line":243,"column":5}},"line":239},"23":{"name":"onShareClicked","decl":{"start":{"line":245,"column":13},"end":{"line":245,"column":27}},"loc":{"start":{"line":245,"column":30},"end":{"line":249,"column":5}},"line":245},"24":{"name":"onLiked","decl":{"start":{"line":251,"column":13},"end":{"line":251,"column":20}},"loc":{"start":{"line":251,"column":23},"end":{"line":259,"column":5}},"line":251},"25":{"name":"onDisLiked","decl":{"start":{"line":261,"column":13},"end":{"line":261,"column":23}},"loc":{"start":{"line":261,"column":26},"end":{"line":269,"column":5}},"line":261},"26":{"name":"onLikeRemoved","decl":{"start":{"line":271,"column":13},"end":{"line":271,"column":26}},"loc":{"start":{"line":271,"column":29},"end":{"line":283,"column":5}},"line":271},"27":{"name":"onDisLikeRemoved","decl":{"start":{"line":285,"column":13},"end":{"line":285,"column":29}},"loc":{"start":{"line":285,"column":32},"end":{"line":296,"column":5}},"line":285},"28":{"name":"onUpVoted","decl":{"start":{"line":298,"column":13},"end":{"line":298,"column":22}},"loc":{"start":{"line":298,"column":25},"end":{"line":306,"column":5}},"line":298},"29":{"name":"onDownVoted","decl":{"start":{"line":308,"column":13},"end":{"line":308,"column":24}},"loc":{"start":{"line":308,"column":27},"end":{"line":316,"column":5}},"line":308},"30":{"name":"onUpVoteRemoved","decl":{"start":{"line":318,"column":13},"end":{"line":318,"column":28}},"loc":{"start":{"line":318,"column":31},"end":{"line":330,"column":5}},"line":318},"31":{"name":"onDownVoteRemoved","decl":{"start":{"line":332,"column":13},"end":{"line":332,"column":30}},"loc":{"start":{"line":332,"column":33},"end":{"line":343,"column":5}},"line":332},"32":{"name":"onReplyToClicked","decl":{"start":{"line":345,"column":13},"end":{"line":345,"column":29}},"loc":{"start":{"line":345,"column":32},"end":{"line":349,"column":5}},"line":345},"33":{"name":"auto_grow","decl":{"start":{"line":351,"column":13},"end":{"line":351,"column":22}},"loc":{"start":{"line":351,"column":30},"end":{"line":354,"column":5}},"line":351},"34":{"name":"(anonymous_34)","decl":{"start":{"line":356,"column":14},"end":{"line":356,"column":15}},"loc":{"start":{"line":356,"column":20},"end":{"line":360,"column":5}},"line":356},"35":{"name":"(anonymous_35)","decl":{"start":{"line":362,"column":14},"end":{"line":362,"column":15}},"loc":{"start":{"line":362,"column":20},"end":{"line":476,"column":5}},"line":362},"36":{"name":"(anonymous_36)","decl":{"start":{"line":393,"column":51},"end":{"line":393,"column":52}},"loc":{"start":{"line":393,"column":57},"end":{"line":397,"column":17}},"line":393},"37":{"name":"(anonymous_37)","decl":{"start":{"line":401,"column":55},"end":{"line":401,"column":56}},"loc":{"start":{"line":401,"column":61},"end":{"line":405,"column":17}},"line":401},"38":{"name":"(anonymous_38)","decl":{"start":{"line":409,"column":58},"end":{"line":409,"column":59}},"loc":{"start":{"line":409,"column":64},"end":{"line":413,"column":17}},"line":409},"39":{"name":"(anonymous_39)","decl":{"start":{"line":417,"column":57},"end":{"line":417,"column":58}},"loc":{"start":{"line":417,"column":63},"end":{"line":421,"column":17}},"line":417},"40":{"name":"(anonymous_40)","decl":{"start":{"line":425,"column":59},"end":{"line":425,"column":60}},"loc":{"start":{"line":425,"column":65},"end":{"line":429,"column":17}},"line":425},"41":{"name":"(anonymous_41)","decl":{"start":{"line":478,"column":14},"end":{"line":478,"column":15}},"loc":{"start":{"line":478,"column":20},"end":{"line":492,"column":5}},"line":478},"42":{"name":"(anonymous_42)","decl":{"start":{"line":494,"column":14},"end":{"line":494,"column":15}},"loc":{"start":{"line":494,"column":20},"end":{"line":496,"column":5}},"line":494},"43":{"name":"(anonymous_43)","decl":{"start":{"line":498,"column":14},"end":{"line":498,"column":15}},"loc":{"start":{"line":498,"column":20},"end":{"line":500,"column":5}},"line":498},"44":{"name":"(anonymous_44)","decl":{"start":{"line":502,"column":14},"end":{"line":502,"column":15}},"loc":{"start":{"line":502,"column":20},"end":{"line":504,"column":5}},"line":502},"45":{"name":"(anonymous_45)","decl":{"start":{"line":506,"column":14},"end":{"line":506,"column":15}},"loc":{"start":{"line":506,"column":20},"end":{"line":508,"column":5}},"line":506},"46":{"name":"(anonymous_46)","decl":{"start":{"line":510,"column":14},"end":{"line":510,"column":15}},"loc":{"start":{"line":510,"column":20},"end":{"line":512,"column":5}},"line":510},"47":{"name":"(anonymous_47)","decl":{"start":{"line":514,"column":14},"end":{"line":514,"column":15}},"loc":{"start":{"line":514,"column":20},"end":{"line":516,"column":5}},"line":514},"48":{"name":"(anonymous_48)","decl":{"start":{"line":518,"column":14},"end":{"line":518,"column":15}},"loc":{"start":{"line":518,"column":20},"end":{"line":520,"column":5}},"line":518},"49":{"name":"(anonymous_49)","decl":{"start":{"line":522,"column":14},"end":{"line":522,"column":15}},"loc":{"start":{"line":522,"column":20},"end":{"line":524,"column":5}},"line":522},"50":{"name":"(anonymous_50)","decl":{"start":{"line":526,"column":14},"end":{"line":526,"column":15}},"loc":{"start":{"line":526,"column":20},"end":{"line":528,"column":5}},"line":526},"51":{"name":"(anonymous_51)","decl":{"start":{"line":530,"column":14},"end":{"line":530,"column":15}},"loc":{"start":{"line":530,"column":20},"end":{"line":532,"column":5}},"line":530},"52":{"name":"(anonymous_52)","decl":{"start":{"line":534,"column":14},"end":{"line":534,"column":15}},"loc":{"start":{"line":534,"column":20},"end":{"line":536,"column":5}},"line":534},"53":{"name":"(anonymous_53)","decl":{"start":{"line":538,"column":14},"end":{"line":538,"column":15}},"loc":{"start":{"line":538,"column":20},"end":{"line":543,"column":5}},"line":538},"54":{"name":"(anonymous_54)","decl":{"start":{"line":563,"column":235},"end":{"line":563,"column":236}},"loc":{"start":{"line":563,"column":241},"end":{"line":563,"column":260}},"line":563},"55":{"name":"(anonymous_55)","decl":{"start":{"line":565,"column":458},"end":{"line":565,"column":459}},"loc":{"start":{"line":565,"column":464},"end":{"line":565,"column":480}},"line":565},"56":{"name":"(anonymous_56)","decl":{"start":{"line":566,"column":229},"end":{"line":566,"column":230}},"loc":{"start":{"line":566,"column":235},"end":{"line":566,"column":252}},"line":566},"57":{"name":"(anonymous_57)","decl":{"start":{"line":573,"column":123},"end":{"line":573,"column":124}},"loc":{"start":{"line":573,"column":129},"end":{"line":573,"column":146}},"line":573},"58":{"name":"(anonymous_58)","decl":{"start":{"line":574,"column":130},"end":{"line":574,"column":131}},"loc":{"start":{"line":574,"column":136},"end":{"line":574,"column":155}},"line":574},"59":{"name":"(anonymous_59)","decl":{"start":{"line":594,"column":94},"end":{"line":594,"column":95}},"loc":{"start":{"line":594,"column":98},"end":{"line":594,"column":117}},"line":594},"60":{"name":"(anonymous_60)","decl":{"start":{"line":595,"column":101},"end":{"line":595,"column":102}},"loc":{"start":{"line":595,"column":105},"end":{"line":595,"column":118}},"line":595},"61":{"name":"(anonymous_61)","decl":{"start":{"line":602,"column":100},"end":{"line":602,"column":101}},"loc":{"start":{"line":602,"column":106},"end":{"line":602,"column":127}},"line":602},"62":{"name":"(anonymous_62)","decl":{"start":{"line":603,"column":107},"end":{"line":603,"column":108}},"loc":{"start":{"line":603,"column":113},"end":{"line":603,"column":128}},"line":603},"63":{"name":"(anonymous_63)","decl":{"start":{"line":608,"column":306},"end":{"line":608,"column":307}},"loc":{"start":{"line":608,"column":312},"end":{"line":608,"column":332}},"line":608},"64":{"name":"(anonymous_64)","decl":{"start":{"line":630,"column":141},"end":{"line":630,"column":142}},"loc":{"start":{"line":630,"column":147},"end":{"line":630,"column":168}},"line":630},"65":{"name":"(anonymous_65)","decl":{"start":{"line":646,"column":90},"end":{"line":646,"column":91}},"loc":{"start":{"line":646,"column":96},"end":{"line":646,"column":114}},"line":646},"66":{"name":"(anonymous_66)","decl":{"start":{"line":648,"column":115},"end":{"line":648,"column":116}},"loc":{"start":{"line":648,"column":121},"end":{"line":648,"column":139}},"line":648},"67":{"name":"(anonymous_67)","decl":{"start":{"line":661,"column":208},"end":{"line":661,"column":209}},"loc":{"start":{"line":661,"column":214},"end":{"line":661,"column":231}},"line":661},"68":{"name":"(anonymous_68)","decl":{"start":{"line":662,"column":199},"end":{"line":662,"column":200}},"loc":{"start":{"line":662,"column":205},"end":{"line":662,"column":216}},"line":662},"69":{"name":"(anonymous_69)","decl":{"start":{"line":667,"column":201},"end":{"line":667,"column":202}},"loc":{"start":{"line":667,"column":207},"end":{"line":667,"column":227}},"line":667},"70":{"name":"(anonymous_70)","decl":{"start":{"line":668,"column":207},"end":{"line":668,"column":208}},"loc":{"start":{"line":668,"column":213},"end":{"line":668,"column":227}},"line":668},"71":{"name":"(anonymous_71)","decl":{"start":{"line":704,"column":307},"end":{"line":704,"column":308}},"loc":{"start":{"line":704,"column":313},"end":{"line":704,"column":333}},"line":704},"72":{"name":"(anonymous_72)","decl":{"start":{"line":722,"column":221},"end":{"line":722,"column":222}},"loc":{"start":{"line":722,"column":227},"end":{"line":722,"column":250}},"line":722},"73":{"name":"(anonymous_73)","decl":{"start":{"line":725,"column":150},"end":{"line":725,"column":151}},"loc":{"start":{"line":725,"column":156},"end":{"line":725,"column":180}},"line":725},"74":{"name":"(anonymous_74)","decl":{"start":{"line":728,"column":217},"end":{"line":728,"column":218}},"loc":{"start":{"line":728,"column":221},"end":{"line":728,"column":223}},"line":728},"75":{"name":"(anonymous_75)","decl":{"start":{"line":728,"column":234},"end":{"line":728,"column":235}},"loc":{"start":{"line":728,"column":245},"end":{"line":728,"column":269}},"line":728},"76":{"name":"(anonymous_76)","decl":{"start":{"line":728,"column":280},"end":{"line":728,"column":281}},"loc":{"start":{"line":728,"column":291},"end":{"line":728,"column":309}},"line":728},"77":{"name":"(anonymous_77)","decl":{"start":{"line":729,"column":181},"end":{"line":729,"column":182}},"loc":{"start":{"line":729,"column":187},"end":{"line":729,"column":209}},"line":729},"78":{"name":"(anonymous_78)","decl":{"start":{"line":732,"column":157},"end":{"line":732,"column":158}},"loc":{"start":{"line":732,"column":163},"end":{"line":732,"column":186}},"line":732},"79":{"name":"(anonymous_79)","decl":{"start":{"line":735,"column":90},"end":{"line":735,"column":91}},"loc":{"start":{"line":735,"column":96},"end":{"line":735,"column":112}},"line":735},"80":{"name":"(anonymous_80)","decl":{"start":{"line":752,"column":138},"end":{"line":752,"column":139}},"loc":{"start":{"line":752,"column":144},"end":{"line":752,"column":162}},"line":752},"81":{"name":"(anonymous_81)","decl":{"start":{"line":758,"column":42},"end":{"line":758,"column":43}},"loc":{"start":{"line":758,"column":58},"end":{"line":758,"column":85}},"line":758},"82":{"name":"(anonymous_82)","decl":{"start":{"line":766,"column":97},"end":{"line":766,"column":98}},"loc":{"start":{"line":766,"column":103},"end":{"line":766,"column":147}},"line":766},"83":{"name":"(anonymous_83)","decl":{"start":{"line":769,"column":95},"end":{"line":769,"column":96}},"loc":{"start":{"line":769,"column":101},"end":{"line":769,"column":143}},"line":769},"84":{"name":"(anonymous_84)","decl":{"start":{"line":772,"column":97},"end":{"line":772,"column":98}},"loc":{"start":{"line":772,"column":103},"end":{"line":772,"column":147}},"line":772},"85":{"name":"(anonymous_85)","decl":{"start":{"line":787,"column":30},"end":{"line":787,"column":31}},"loc":{"start":{"line":787,"column":42},"end":{"line":787,"column":68}},"line":787}},"branchMap":{"0":{"loc":{"start":{"line":61,"column":8},"end":{"line":70,"column":9}},"type":"if","locations":[{"start":{"line":61,"column":8},"end":{"line":70,"column":9}},{"start":{"line":61,"column":8},"end":{"line":70,"column":9}}],"line":61},"1":{"loc":{"start":{"line":64,"column":12},"end":{"line":68,"column":13}},"type":"if","locations":[{"start":{"line":64,"column":12},"end":{"line":68,"column":13}},{"start":{"line":64,"column":12},"end":{"line":68,"column":13}}],"line":64},"2":{"loc":{"start":{"line":75,"column":8},"end":{"line":79,"column":9}},"type":"if","locations":[{"start":{"line":75,"column":8},"end":{"line":79,"column":9}},{"start":{"line":75,"column":8},"end":{"line":79,"column":9}}],"line":75},"3":{"loc":{"start":{"line":83,"column":31},"end":{"line":83,"column":44}},"type":"default-arg","locations":[{"start":{"line":83,"column":41},"end":{"line":83,"column":44}}],"line":83},"4":{"loc":{"start":{"line":101,"column":8},"end":{"line":103,"column":9}},"type":"if","locations":[{"start":{"line":101,"column":8},"end":{"line":103,"column":9}},{"start":{"line":101,"column":8},"end":{"line":103,"column":9}}],"line":101},"5":{"loc":{"start":{"line":101,"column":11},"end":{"line":101,"column":140}},"type":"binary-expr","locations":[{"start":{"line":101,"column":11},"end":{"line":101,"column":50}},{"start":{"line":101,"column":54},"end":{"line":101,"column":95}},{"start":{"line":101,"column":99},"end":{"line":101,"column":140}}],"line":101},"6":{"loc":{"start":{"line":116,"column":8},"end":{"line":127,"column":10}},"type":"if","locations":[{"start":{"line":116,"column":8},"end":{"line":127,"column":10}},{"start":{"line":116,"column":8},"end":{"line":127,"column":10}}],"line":116},"7":{"loc":{"start":{"line":121,"column":12},"end":{"line":125,"column":13}},"type":"if","locations":[{"start":{"line":121,"column":12},"end":{"line":125,"column":13}},{"start":{"line":121,"column":12},"end":{"line":125,"column":13}}],"line":121},"8":{"loc":{"start":{"line":134,"column":8},"end":{"line":139,"column":9}},"type":"if","locations":[{"start":{"line":134,"column":8},"end":{"line":139,"column":9}},{"start":{"line":134,"column":8},"end":{"line":139,"column":9}}],"line":134},"9":{"loc":{"start":{"line":135,"column":12},"end":{"line":138,"column":13}},"type":"if","locations":[{"start":{"line":135,"column":12},"end":{"line":138,"column":13}},{"start":{"line":135,"column":12},"end":{"line":138,"column":13}}],"line":135},"10":{"loc":{"start":{"line":141,"column":8},"end":{"line":144,"column":9}},"type":"if","locations":[{"start":{"line":141,"column":8},"end":{"line":144,"column":9}},{"start":{"line":141,"column":8},"end":{"line":144,"column":9}}],"line":141},"11":{"loc":{"start":{"line":152,"column":8},"end":{"line":160,"column":11}},"type":"if","locations":[{"start":{"line":152,"column":8},"end":{"line":160,"column":11}},{"start":{"line":152,"column":8},"end":{"line":160,"column":11}}],"line":152},"12":{"loc":{"start":{"line":154,"column":24},"end":{"line":157,"column":13}},"type":"cond-expr","locations":[{"start":{"line":154,"column":45},"end":{"line":154,"column":49}},{"start":{"line":154,"column":52},"end":{"line":157,"column":13}}],"line":154},"13":{"loc":{"start":{"line":159,"column":26},"end":{"line":159,"column":80}},"type":"cond-expr","locations":[{"start":{"line":159,"column":55},"end":{"line":159,"column":59}},{"start":{"line":159,"column":62},"end":{"line":159,"column":80}}],"line":159},"14":{"loc":{"start":{"line":161,"column":8},"end":{"line":169,"column":9}},"type":"if","locations":[{"start":{"line":161,"column":8},"end":{"line":169,"column":9}},{"start":{"line":161,"column":8},"end":{"line":169,"column":9}}],"line":161},"15":{"loc":{"start":{"line":162,"column":12},"end":{"line":166,"column":13}},"type":"if","locations":[{"start":{"line":162,"column":12},"end":{"line":166,"column":13}},{"start":{"line":162,"column":12},"end":{"line":166,"column":13}}],"line":162},"16":{"loc":{"start":{"line":170,"column":8},"end":{"line":176,"column":9}},"type":"if","locations":[{"start":{"line":170,"column":8},"end":{"line":176,"column":9}},{"start":{"line":170,"column":8},"end":{"line":176,"column":9}}],"line":170},"17":{"loc":{"start":{"line":182,"column":8},"end":{"line":189,"column":9}},"type":"if","locations":[{"start":{"line":182,"column":8},"end":{"line":189,"column":9}},{"start":{"line":182,"column":8},"end":{"line":189,"column":9}}],"line":182},"18":{"loc":{"start":{"line":182,"column":11},"end":{"line":182,"column":50}},"type":"binary-expr","locations":[{"start":{"line":182,"column":11},"end":{"line":182,"column":31}},{"start":{"line":182,"column":35},"end":{"line":182,"column":50}}],"line":182},"19":{"loc":{"start":{"line":198,"column":8},"end":{"line":207,"column":9}},"type":"if","locations":[{"start":{"line":198,"column":8},"end":{"line":207,"column":9}},{"start":{"line":198,"column":8},"end":{"line":207,"column":9}}],"line":198},"20":{"loc":{"start":{"line":201,"column":12},"end":{"line":205,"column":13}},"type":"if","locations":[{"start":{"line":201,"column":12},"end":{"line":205,"column":13}},{"start":{"line":201,"column":12},"end":{"line":205,"column":13}}],"line":201},"21":{"loc":{"start":{"line":212,"column":8},"end":{"line":216,"column":9}},"type":"if","locations":[{"start":{"line":212,"column":8},"end":{"line":216,"column":9}},{"start":{"line":212,"column":8},"end":{"line":216,"column":9}}],"line":212},"22":{"loc":{"start":{"line":212,"column":11},"end":{"line":212,"column":58}},"type":"binary-expr","locations":[{"start":{"line":212,"column":11},"end":{"line":212,"column":31}},{"start":{"line":212,"column":35},"end":{"line":212,"column":58}}],"line":212},"23":{"loc":{"start":{"line":228,"column":8},"end":{"line":235,"column":9}},"type":"if","locations":[{"start":{"line":228,"column":8},"end":{"line":235,"column":9}},{"start":{"line":228,"column":8},"end":{"line":235,"column":9}}],"line":228},"24":{"loc":{"start":{"line":231,"column":12},"end":{"line":233,"column":13}},"type":"if","locations":[{"start":{"line":231,"column":12},"end":{"line":233,"column":13}},{"start":{"line":231,"column":12},"end":{"line":233,"column":13}}],"line":231},"25":{"loc":{"start":{"line":240,"column":8},"end":{"line":242,"column":9}},"type":"if","locations":[{"start":{"line":240,"column":8},"end":{"line":242,"column":9}},{"start":{"line":240,"column":8},"end":{"line":242,"column":9}}],"line":240},"26":{"loc":{"start":{"line":246,"column":8},"end":{"line":248,"column":9}},"type":"if","locations":[{"start":{"line":246,"column":8},"end":{"line":248,"column":9}},{"start":{"line":246,"column":8},"end":{"line":248,"column":9}}],"line":246},"27":{"loc":{"start":{"line":252,"column":8},"end":{"line":258,"column":9}},"type":"if","locations":[{"start":{"line":252,"column":8},"end":{"line":258,"column":9}},{"start":{"line":252,"column":8},"end":{"line":258,"column":9}}],"line":252},"28":{"loc":{"start":{"line":253,"column":12},"end":{"line":255,"column":13}},"type":"if","locations":[{"start":{"line":253,"column":12},"end":{"line":255,"column":13}},{"start":{"line":253,"column":12},"end":{"line":255,"column":13}}],"line":253},"29":{"loc":{"start":{"line":262,"column":8},"end":{"line":268,"column":9}},"type":"if","locations":[{"start":{"line":262,"column":8},"end":{"line":268,"column":9}},{"start":{"line":262,"column":8},"end":{"line":268,"column":9}}],"line":262},"30":{"loc":{"start":{"line":263,"column":12},"end":{"line":265,"column":13}},"type":"if","locations":[{"start":{"line":263,"column":12},"end":{"line":265,"column":13}},{"start":{"line":263,"column":12},"end":{"line":265,"column":13}}],"line":263},"31":{"loc":{"start":{"line":272,"column":8},"end":{"line":281,"column":9}},"type":"if","locations":[{"start":{"line":272,"column":8},"end":{"line":281,"column":9}},{"start":{"line":272,"column":8},"end":{"line":281,"column":9}}],"line":272},"32":{"loc":{"start":{"line":275,"column":12},"end":{"line":277,"column":13}},"type":"if","locations":[{"start":{"line":275,"column":12},"end":{"line":277,"column":13}},{"start":{"line":275,"column":12},"end":{"line":277,"column":13}}],"line":275},"33":{"loc":{"start":{"line":286,"column":8},"end":{"line":295,"column":9}},"type":"if","locations":[{"start":{"line":286,"column":8},"end":{"line":295,"column":9}},{"start":{"line":286,"column":8},"end":{"line":295,"column":9}}],"line":286},"34":{"loc":{"start":{"line":289,"column":12},"end":{"line":291,"column":13}},"type":"if","locations":[{"start":{"line":289,"column":12},"end":{"line":291,"column":13}},{"start":{"line":289,"column":12},"end":{"line":291,"column":13}}],"line":289},"35":{"loc":{"start":{"line":299,"column":8},"end":{"line":305,"column":9}},"type":"if","locations":[{"start":{"line":299,"column":8},"end":{"line":305,"column":9}},{"start":{"line":299,"column":8},"end":{"line":305,"column":9}}],"line":299},"36":{"loc":{"start":{"line":300,"column":12},"end":{"line":302,"column":13}},"type":"if","locations":[{"start":{"line":300,"column":12},"end":{"line":302,"column":13}},{"start":{"line":300,"column":12},"end":{"line":302,"column":13}}],"line":300},"37":{"loc":{"start":{"line":309,"column":8},"end":{"line":315,"column":9}},"type":"if","locations":[{"start":{"line":309,"column":8},"end":{"line":315,"column":9}},{"start":{"line":309,"column":8},"end":{"line":315,"column":9}}],"line":309},"38":{"loc":{"start":{"line":310,"column":12},"end":{"line":312,"column":13}},"type":"if","locations":[{"start":{"line":310,"column":12},"end":{"line":312,"column":13}},{"start":{"line":310,"column":12},"end":{"line":312,"column":13}}],"line":310},"39":{"loc":{"start":{"line":319,"column":8},"end":{"line":328,"column":9}},"type":"if","locations":[{"start":{"line":319,"column":8},"end":{"line":328,"column":9}},{"start":{"line":319,"column":8},"end":{"line":328,"column":9}}],"line":319},"40":{"loc":{"start":{"line":322,"column":12},"end":{"line":324,"column":13}},"type":"if","locations":[{"start":{"line":322,"column":12},"end":{"line":324,"column":13}},{"start":{"line":322,"column":12},"end":{"line":324,"column":13}}],"line":322},"41":{"loc":{"start":{"line":333,"column":8},"end":{"line":342,"column":9}},"type":"if","locations":[{"start":{"line":333,"column":8},"end":{"line":342,"column":9}},{"start":{"line":333,"column":8},"end":{"line":342,"column":9}}],"line":333},"42":{"loc":{"start":{"line":336,"column":12},"end":{"line":338,"column":13}},"type":"if","locations":[{"start":{"line":336,"column":12},"end":{"line":338,"column":13}},{"start":{"line":336,"column":12},"end":{"line":338,"column":13}}],"line":336},"43":{"loc":{"start":{"line":346,"column":8},"end":{"line":348,"column":9}},"type":"if","locations":[{"start":{"line":346,"column":8},"end":{"line":348,"column":9}},{"start":{"line":346,"column":8},"end":{"line":348,"column":9}}],"line":346},"44":{"loc":{"start":{"line":364,"column":8},"end":{"line":383,"column":9}},"type":"if","locations":[{"start":{"line":364,"column":8},"end":{"line":383,"column":9}},{"start":{"line":364,"column":8},"end":{"line":383,"column":9}}],"line":364},"45":{"loc":{"start":{"line":365,"column":12},"end":{"line":382,"column":13}},"type":"if","locations":[{"start":{"line":365,"column":12},"end":{"line":382,"column":13}},{"start":{"line":365,"column":12},"end":{"line":382,"column":13}}],"line":365},"46":{"loc":{"start":{"line":367,"column":16},"end":{"line":370,"column":17}},"type":"if","locations":[{"start":{"line":367,"column":16},"end":{"line":370,"column":17}},{"start":{"line":367,"column":16},"end":{"line":370,"column":17}}],"line":367},"47":{"loc":{"start":{"line":371,"column":16},"end":{"line":375,"column":17}},"type":"if","locations":[{"start":{"line":371,"column":16},"end":{"line":375,"column":17}},{"start":{"line":371,"column":16},"end":{"line":375,"column":17}}],"line":371},"48":{"loc":{"start":{"line":372,"column":20},"end":{"line":374,"column":21}},"type":"if","locations":[{"start":{"line":372,"column":20},"end":{"line":374,"column":21}},{"start":{"line":372,"column":20},"end":{"line":374,"column":21}}],"line":372},"49":{"loc":{"start":{"line":372,"column":23},"end":{"line":372,"column":83}},"type":"binary-expr","locations":[{"start":{"line":372,"column":23},"end":{"line":372,"column":52}},{"start":{"line":372,"column":56},"end":{"line":372,"column":83}}],"line":372},"50":{"loc":{"start":{"line":376,"column":16},"end":{"line":381,"column":17}},"type":"if","locations":[{"start":{"line":376,"column":16},"end":{"line":381,"column":17}},{"start":{"line":376,"column":16},"end":{"line":381,"column":17}}],"line":376},"51":{"loc":{"start":{"line":385,"column":8},"end":{"line":456,"column":9}},"type":"if","locations":[{"start":{"line":385,"column":8},"end":{"line":456,"column":9}},{"start":{"line":385,"column":8},"end":{"line":456,"column":9}}],"line":385},"52":{"loc":{"start":{"line":387,"column":12},"end":{"line":453,"column":13}},"type":"if","locations":[{"start":{"line":387,"column":12},"end":{"line":453,"column":13}},{"start":{"line":387,"column":12},"end":{"line":453,"column":13}}],"line":387},"53":{"loc":{"start":{"line":391,"column":19},"end":{"line":453,"column":13}},"type":"if","locations":[{"start":{"line":391,"column":19},"end":{"line":453,"column":13}},{"start":{"line":391,"column":19},"end":{"line":453,"column":13}}],"line":391},"54":{"loc":{"start":{"line":394,"column":20},"end":{"line":396,"column":21}},"type":"if","locations":[{"start":{"line":394,"column":20},"end":{"line":396,"column":21}},{"start":{"line":394,"column":20},"end":{"line":396,"column":21}}],"line":394},"55":{"loc":{"start":{"line":399,"column":19},"end":{"line":453,"column":13}},"type":"if","locations":[{"start":{"line":399,"column":19},"end":{"line":453,"column":13}},{"start":{"line":399,"column":19},"end":{"line":453,"column":13}}],"line":399},"56":{"loc":{"start":{"line":402,"column":20},"end":{"line":404,"column":21}},"type":"if","locations":[{"start":{"line":402,"column":20},"end":{"line":404,"column":21}},{"start":{"line":402,"column":20},"end":{"line":404,"column":21}}],"line":402},"57":{"loc":{"start":{"line":407,"column":19},"end":{"line":453,"column":13}},"type":"if","locations":[{"start":{"line":407,"column":19},"end":{"line":453,"column":13}},{"start":{"line":407,"column":19},"end":{"line":453,"column":13}}],"line":407},"58":{"loc":{"start":{"line":410,"column":20},"end":{"line":412,"column":21}},"type":"if","locations":[{"start":{"line":410,"column":20},"end":{"line":412,"column":21}},{"start":{"line":410,"column":20},"end":{"line":412,"column":21}}],"line":410},"59":{"loc":{"start":{"line":415,"column":19},"end":{"line":453,"column":13}},"type":"if","locations":[{"start":{"line":415,"column":19},"end":{"line":453,"column":13}},{"start":{"line":415,"column":19},"end":{"line":453,"column":13}}],"line":415},"60":{"loc":{"start":{"line":418,"column":20},"end":{"line":420,"column":21}},"type":"if","locations":[{"start":{"line":418,"column":20},"end":{"line":420,"column":21}},{"start":{"line":418,"column":20},"end":{"line":420,"column":21}}],"line":418},"61":{"loc":{"start":{"line":423,"column":19},"end":{"line":453,"column":13}},"type":"if","locations":[{"start":{"line":423,"column":19},"end":{"line":453,"column":13}},{"start":{"line":423,"column":19},"end":{"line":453,"column":13}}],"line":423},"62":{"loc":{"start":{"line":426,"column":20},"end":{"line":428,"column":21}},"type":"if","locations":[{"start":{"line":426,"column":20},"end":{"line":428,"column":21}},{"start":{"line":426,"column":20},"end":{"line":428,"column":21}}],"line":426},"63":{"loc":{"start":{"line":431,"column":19},"end":{"line":453,"column":13}},"type":"if","locations":[{"start":{"line":431,"column":19},"end":{"line":453,"column":13}},{"start":{"line":431,"column":19},"end":{"line":453,"column":13}}],"line":431},"64":{"loc":{"start":{"line":439,"column":19},"end":{"line":453,"column":13}},"type":"if","locations":[{"start":{"line":439,"column":19},"end":{"line":453,"column":13}},{"start":{"line":439,"column":19},"end":{"line":453,"column":13}}],"line":439},"65":{"loc":{"start":{"line":441,"column":16},"end":{"line":444,"column":17}},"type":"if","locations":[{"start":{"line":441,"column":16},"end":{"line":444,"column":17}},{"start":{"line":441,"column":16},"end":{"line":444,"column":17}}],"line":441},"66":{"loc":{"start":{"line":446,"column":19},"end":{"line":453,"column":13}},"type":"if","locations":[{"start":{"line":446,"column":19},"end":{"line":453,"column":13}},{"start":{"line":446,"column":19},"end":{"line":453,"column":13}}],"line":446},"67":{"loc":{"start":{"line":448,"column":16},"end":{"line":451,"column":17}},"type":"if","locations":[{"start":{"line":448,"column":16},"end":{"line":451,"column":17}},{"start":{"line":448,"column":16},"end":{"line":451,"column":17}}],"line":448},"68":{"loc":{"start":{"line":458,"column":8},"end":{"line":466,"column":9}},"type":"if","locations":[{"start":{"line":458,"column":8},"end":{"line":466,"column":9}},{"start":{"line":458,"column":8},"end":{"line":466,"column":9}}],"line":458},"69":{"loc":{"start":{"line":459,"column":12},"end":{"line":462,"column":13}},"type":"if","locations":[{"start":{"line":459,"column":12},"end":{"line":462,"column":13}},{"start":{"line":459,"column":12},"end":{"line":462,"column":13}}],"line":459},"70":{"loc":{"start":{"line":463,"column":12},"end":{"line":465,"column":13}},"type":"if","locations":[{"start":{"line":463,"column":12},"end":{"line":465,"column":13}},{"start":{"line":463,"column":12},"end":{"line":465,"column":13}}],"line":463},"71":{"loc":{"start":{"line":468,"column":8},"end":{"line":474,"column":9}},"type":"if","locations":[{"start":{"line":468,"column":8},"end":{"line":474,"column":9}},{"start":{"line":468,"column":8},"end":{"line":474,"column":9}}],"line":468},"72":{"loc":{"start":{"line":471,"column":12},"end":{"line":473,"column":13}},"type":"if","locations":[{"start":{"line":471,"column":12},"end":{"line":473,"column":13}},{"start":{"line":471,"column":12},"end":{"line":473,"column":13}}],"line":471},"73":{"loc":{"start":{"line":480,"column":8},"end":{"line":482,"column":9}},"type":"if","locations":[{"start":{"line":480,"column":8},"end":{"line":482,"column":9}},{"start":{"line":480,"column":8},"end":{"line":482,"column":9}}],"line":480},"74":{"loc":{"start":{"line":484,"column":8},"end":{"line":486,"column":9}},"type":"if","locations":[{"start":{"line":484,"column":8},"end":{"line":486,"column":9}},{"start":{"line":484,"column":8},"end":{"line":486,"column":9}}],"line":484},"75":{"loc":{"start":{"line":488,"column":8},"end":{"line":490,"column":9}},"type":"if","locations":[{"start":{"line":488,"column":8},"end":{"line":490,"column":9}},{"start":{"line":488,"column":8},"end":{"line":490,"column":9}}],"line":488},"76":{"loc":{"start":{"line":539,"column":8},"end":{"line":541,"column":9}},"type":"if","locations":[{"start":{"line":539,"column":8},"end":{"line":541,"column":9}},{"start":{"line":539,"column":8},"end":{"line":541,"column":9}}],"line":539},"77":{"loc":{"start":{"line":551,"column":29},"end":{"line":551,"column":116}},"type":"cond-expr","locations":[{"start":{"line":551,"column":51},"end":{"line":551,"column":85}},{"start":{"line":551,"column":88},"end":{"line":551,"column":116}}],"line":551},"78":{"loc":{"start":{"line":552,"column":33},"end":{"line":552,"column":128}},"type":"cond-expr","locations":[{"start":{"line":552,"column":55},"end":{"line":552,"column":93}},{"start":{"line":552,"column":96},"end":{"line":552,"column":128}}],"line":552},"79":{"loc":{"start":{"line":561,"column":25},"end":{"line":561,"column":299}},"type":"binary-expr","locations":[{"start":{"line":561,"column":26},"end":{"line":561,"column":53}},{"start":{"line":561,"column":57},"end":{"line":561,"column":94}},{"start":{"line":561,"column":98},"end":{"line":561,"column":140}},{"start":{"line":561,"column":144},"end":{"line":561,"column":189}},{"start":{"line":561,"column":193},"end":{"line":561,"column":237}},{"start":{"line":561,"column":241},"end":{"line":561,"column":287}},{"start":{"line":561,"column":292},"end":{"line":561,"column":299}}],"line":561},"80":{"loc":{"start":{"line":562,"column":25},"end":{"line":562,"column":199}},"type":"binary-expr","locations":[{"start":{"line":562,"column":27},"end":{"line":562,"column":54}},{"start":{"line":562,"column":58},"end":{"line":562,"column":96}},{"start":{"line":562,"column":100},"end":{"line":562,"column":138}},{"start":{"line":562,"column":143},"end":{"line":562,"column":167}},{"start":{"line":562,"column":171},"end":{"line":562,"column":187}},{"start":{"line":562,"column":192},"end":{"line":562,"column":199}}],"line":562},"81":{"loc":{"start":{"line":563,"column":25},"end":{"line":563,"column":318}},"type":"binary-expr","locations":[{"start":{"line":563,"column":27},"end":{"line":563,"column":54}},{"start":{"line":563,"column":58},"end":{"line":563,"column":96}},{"start":{"line":563,"column":100},"end":{"line":563,"column":138}},{"start":{"line":563,"column":143},"end":{"line":563,"column":167}},{"start":{"line":563,"column":171},"end":{"line":563,"column":187}},{"start":{"line":563,"column":192},"end":{"line":563,"column":318}}],"line":563},"82":{"loc":{"start":{"line":565,"column":21},"end":{"line":565,"column":531}},"type":"binary-expr","locations":[{"start":{"line":565,"column":23},"end":{"line":565,"column":50}},{"start":{"line":565,"column":54},"end":{"line":565,"column":91}},{"start":{"line":565,"column":95},"end":{"line":565,"column":137}},{"start":{"line":565,"column":141},"end":{"line":565,"column":186}},{"start":{"line":565,"column":190},"end":{"line":565,"column":234}},{"start":{"line":565,"column":238},"end":{"line":565,"column":284}},{"start":{"line":565,"column":291},"end":{"line":565,"column":313}},{"start":{"line":565,"column":317},"end":{"line":565,"column":331}},{"start":{"line":565,"column":337},"end":{"line":565,"column":361}},{"start":{"line":565,"column":365},"end":{"line":565,"column":381}},{"start":{"line":565,"column":388},"end":{"line":565,"column":531}}],"line":565},"83":{"loc":{"start":{"line":566,"column":21},"end":{"line":566,"column":301}},"type":"binary-expr","locations":[{"start":{"line":566,"column":23},"end":{"line":566,"column":55}},{"start":{"line":566,"column":62},"end":{"line":566,"column":84}},{"start":{"line":566,"column":88},"end":{"line":566,"column":102}},{"start":{"line":566,"column":108},"end":{"line":566,"column":132}},{"start":{"line":566,"column":136},"end":{"line":566,"column":152}},{"start":{"line":566,"column":159},"end":{"line":566,"column":301}}],"line":566},"84":{"loc":{"start":{"line":570,"column":17},"end":{"line":576,"column":22}},"type":"binary-expr","locations":[{"start":{"line":570,"column":18},"end":{"line":570,"column":50}},{"start":{"line":570,"column":54},"end":{"line":570,"column":91}},{"start":{"line":570,"column":96},"end":{"line":576,"column":22}}],"line":570},"85":{"loc":{"start":{"line":573,"column":25},"end":{"line":573,"column":217}},"type":"binary-expr","locations":[{"start":{"line":573,"column":26},"end":{"line":573,"column":48}},{"start":{"line":573,"column":52},"end":{"line":573,"column":66}},{"start":{"line":573,"column":71},"end":{"line":573,"column":217}}],"line":573},"86":{"loc":{"start":{"line":574,"column":25},"end":{"line":574,"column":228}},"type":"binary-expr","locations":[{"start":{"line":574,"column":26},"end":{"line":574,"column":50}},{"start":{"line":574,"column":54},"end":{"line":574,"column":70}},{"start":{"line":574,"column":75},"end":{"line":574,"column":228}}],"line":574},"87":{"loc":{"start":{"line":579,"column":17},"end":{"line":588,"column":28}},"type":"binary-expr","locations":[{"start":{"line":579,"column":17},"end":{"line":579,"column":47}},{"start":{"line":579,"column":51},"end":{"line":588,"column":28}}],"line":579},"88":{"loc":{"start":{"line":590,"column":17},"end":{"line":700,"column":28}},"type":"binary-expr","locations":[{"start":{"line":590,"column":18},"end":{"line":590,"column":45}},{"start":{"line":590,"column":49},"end":{"line":590,"column":86}},{"start":{"line":590,"column":90},"end":{"line":590,"column":132}},{"start":{"line":590,"column":136},"end":{"line":590,"column":181}},{"start":{"line":590,"column":185},"end":{"line":590,"column":229}},{"start":{"line":590,"column":233},"end":{"line":590,"column":279}},{"start":{"line":590,"column":283},"end":{"line":590,"column":315}},{"start":{"line":590,"column":320},"end":{"line":700,"column":28}}],"line":590},"89":{"loc":{"start":{"line":592,"column":21},"end":{"line":605,"column":26}},"type":"binary-expr","locations":[{"start":{"line":592,"column":21},"end":{"line":592,"column":36}},{"start":{"line":592,"column":40},"end":{"line":605,"column":26}}],"line":592},"90":{"loc":{"start":{"line":594,"column":29},"end":{"line":594,"column":148}},"type":"binary-expr","locations":[{"start":{"line":594,"column":29},"end":{"line":594,"column":41}},{"start":{"line":594,"column":45},"end":{"line":594,"column":148}}],"line":594},"91":{"loc":{"start":{"line":595,"column":29},"end":{"line":595,"column":149}},"type":"binary-expr","locations":[{"start":{"line":595,"column":29},"end":{"line":595,"column":42}},{"start":{"line":595,"column":46},"end":{"line":595,"column":149}}],"line":595},"92":{"loc":{"start":{"line":598,"column":29},"end":{"line":598,"column":124}},"type":"binary-expr","locations":[{"start":{"line":598,"column":30},"end":{"line":598,"column":42}},{"start":{"line":598,"column":46},"end":{"line":598,"column":60}},{"start":{"line":598,"column":65},"end":{"line":598,"column":124}}],"line":598},"93":{"loc":{"start":{"line":599,"column":29},"end":{"line":599,"column":124}},"type":"binary-expr","locations":[{"start":{"line":599,"column":30},"end":{"line":599,"column":43}},{"start":{"line":599,"column":47},"end":{"line":599,"column":62}},{"start":{"line":599,"column":67},"end":{"line":599,"column":124}}],"line":599},"94":{"loc":{"start":{"line":602,"column":29},"end":{"line":602,"column":158}},"type":"binary-expr","locations":[{"start":{"line":602,"column":29},"end":{"line":602,"column":43}},{"start":{"line":602,"column":47},"end":{"line":602,"column":158}}],"line":602},"95":{"loc":{"start":{"line":603,"column":29},"end":{"line":603,"column":159}},"type":"binary-expr","locations":[{"start":{"line":603,"column":29},"end":{"line":603,"column":44}},{"start":{"line":603,"column":48},"end":{"line":603,"column":159}}],"line":603},"96":{"loc":{"start":{"line":608,"column":25},"end":{"line":623,"column":30}},"type":"binary-expr","locations":[{"start":{"line":608,"column":26},"end":{"line":608,"column":47}},{"start":{"line":608,"column":51},"end":{"line":608,"column":81}},{"start":{"line":608,"column":86},"end":{"line":623,"column":30}}],"line":608},"97":{"loc":{"start":{"line":629,"column":25},"end":{"line":643,"column":30}},"type":"binary-expr","locations":[{"start":{"line":629,"column":26},"end":{"line":629,"column":49}},{"start":{"line":629,"column":54},"end":{"line":643,"column":30}}],"line":629},"98":{"loc":{"start":{"line":631,"column":33},"end":{"line":631,"column":103}},"type":"binary-expr","locations":[{"start":{"line":631,"column":33},"end":{"line":631,"column":72}},{"start":{"line":631,"column":76},"end":{"line":631,"column":103}}],"line":631},"99":{"loc":{"start":{"line":632,"column":33},"end":{"line":632,"column":103}},"type":"binary-expr","locations":[{"start":{"line":632,"column":33},"end":{"line":632,"column":74}},{"start":{"line":632,"column":78},"end":{"line":632,"column":103}}],"line":632},"100":{"loc":{"start":{"line":633,"column":33},"end":{"line":633,"column":106}},"type":"binary-expr","locations":[{"start":{"line":633,"column":33},"end":{"line":633,"column":74}},{"start":{"line":633,"column":78},"end":{"line":633,"column":106}}],"line":633},"101":{"loc":{"start":{"line":644,"column":25},"end":{"line":650,"column":30}},"type":"binary-expr","locations":[{"start":{"line":644,"column":26},"end":{"line":644,"column":41}},{"start":{"line":644,"column":45},"end":{"line":644,"column":63}},{"start":{"line":644,"column":68},"end":{"line":650,"column":30}}],"line":644},"102":{"loc":{"start":{"line":647,"column":29},"end":{"line":647,"column":55}},"type":"binary-expr","locations":[{"start":{"line":647,"column":29},"end":{"line":647,"column":44}},{"start":{"line":647,"column":48},"end":{"line":647,"column":55}}],"line":647},"103":{"loc":{"start":{"line":648,"column":29},"end":{"line":648,"column":196}},"type":"binary-expr","locations":[{"start":{"line":648,"column":29},"end":{"line":648,"column":44}},{"start":{"line":648,"column":48},"end":{"line":648,"column":196}}],"line":648},"104":{"loc":{"start":{"line":651,"column":25},"end":{"line":672,"column":30}},"type":"binary-expr","locations":[{"start":{"line":651,"column":26},"end":{"line":651,"column":41}},{"start":{"line":651,"column":45},"end":{"line":651,"column":63}},{"start":{"line":651,"column":67},"end":{"line":651,"column":95}},{"start":{"line":651,"column":100},"end":{"line":672,"column":30}}],"line":651},"105":{"loc":{"start":{"line":655,"column":33},"end":{"line":655,"column":227}},"type":"binary-expr","locations":[{"start":{"line":655,"column":33},"end":{"line":655,"column":61}},{"start":{"line":655,"column":65},"end":{"line":655,"column":227}}],"line":655},"106":{"loc":{"start":{"line":656,"column":33},"end":{"line":656,"column":67}},"type":"binary-expr","locations":[{"start":{"line":656,"column":33},"end":{"line":656,"column":39}},{"start":{"line":656,"column":44},"end":{"line":656,"column":67}}],"line":656},"107":{"loc":{"start":{"line":657,"column":33},"end":{"line":657,"column":180}},"type":"binary-expr","locations":[{"start":{"line":657,"column":33},"end":{"line":657,"column":39}},{"start":{"line":657,"column":43},"end":{"line":657,"column":180}}],"line":657},"108":{"loc":{"start":{"line":658,"column":33},"end":{"line":658,"column":67}},"type":"binary-expr","locations":[{"start":{"line":658,"column":33},"end":{"line":658,"column":39}},{"start":{"line":658,"column":44},"end":{"line":658,"column":67}}],"line":658},"109":{"loc":{"start":{"line":659,"column":33},"end":{"line":664,"column":38}},"type":"binary-expr","locations":[{"start":{"line":659,"column":33},"end":{"line":659,"column":48}},{"start":{"line":659,"column":52},"end":{"line":664,"column":38}}],"line":659},"110":{"loc":{"start":{"line":661,"column":41},"end":{"line":661,"column":248}},"type":"binary-expr","locations":[{"start":{"line":661,"column":42},"end":{"line":661,"column":52}},{"start":{"line":661,"column":57},"end":{"line":661,"column":248}}],"line":661},"111":{"loc":{"start":{"line":662,"column":41},"end":{"line":662,"column":233}},"type":"binary-expr","locations":[{"start":{"line":662,"column":42},"end":{"line":662,"column":53}},{"start":{"line":662,"column":58},"end":{"line":662,"column":233}}],"line":662},"112":{"loc":{"start":{"line":665,"column":33},"end":{"line":670,"column":38}},"type":"binary-expr","locations":[{"start":{"line":665,"column":33},"end":{"line":665,"column":51}},{"start":{"line":665,"column":55},"end":{"line":670,"column":38}}],"line":665},"113":{"loc":{"start":{"line":667,"column":41},"end":{"line":667,"column":247}},"type":"binary-expr","locations":[{"start":{"line":667,"column":42},"end":{"line":667,"column":55}},{"start":{"line":667,"column":60},"end":{"line":667,"column":247}}],"line":667},"114":{"loc":{"start":{"line":668,"column":41},"end":{"line":668,"column":247}},"type":"binary-expr","locations":[{"start":{"line":668,"column":42},"end":{"line":668,"column":56}},{"start":{"line":668,"column":61},"end":{"line":668,"column":247}}],"line":668},"115":{"loc":{"start":{"line":673,"column":25},"end":{"line":677,"column":30}},"type":"binary-expr","locations":[{"start":{"line":673,"column":26},"end":{"line":673,"column":69}},{"start":{"line":673,"column":74},"end":{"line":677,"column":30}}],"line":673},"116":{"loc":{"start":{"line":678,"column":25},"end":{"line":682,"column":30}},"type":"binary-expr","locations":[{"start":{"line":678,"column":26},"end":{"line":678,"column":72}},{"start":{"line":678,"column":77},"end":{"line":682,"column":30}}],"line":678},"117":{"loc":{"start":{"line":683,"column":25},"end":{"line":687,"column":30}},"type":"binary-expr","locations":[{"start":{"line":683,"column":26},"end":{"line":683,"column":64}},{"start":{"line":683,"column":69},"end":{"line":687,"column":30}}],"line":683},"118":{"loc":{"start":{"line":688,"column":25},"end":{"line":692,"column":30}},"type":"binary-expr","locations":[{"start":{"line":688,"column":26},"end":{"line":688,"column":71}},{"start":{"line":688,"column":76},"end":{"line":692,"column":30}}],"line":688},"119":{"loc":{"start":{"line":693,"column":25},"end":{"line":697,"column":30}},"type":"binary-expr","locations":[{"start":{"line":693,"column":26},"end":{"line":693,"column":73}},{"start":{"line":693,"column":78},"end":{"line":697,"column":30}}],"line":693},"120":{"loc":{"start":{"line":702,"column":17},"end":{"line":740,"column":28}},"type":"binary-expr","locations":[{"start":{"line":702,"column":18},"end":{"line":702,"column":46}},{"start":{"line":702,"column":50},"end":{"line":702,"column":89}},{"start":{"line":702,"column":93},"end":{"line":702,"column":129}},{"start":{"line":702,"column":133},"end":{"line":702,"column":171}},{"start":{"line":702,"column":176},"end":{"line":740,"column":28}}],"line":702},"121":{"loc":{"start":{"line":704,"column":21},"end":{"line":719,"column":26}},"type":"binary-expr","locations":[{"start":{"line":704,"column":22},"end":{"line":704,"column":43}},{"start":{"line":704,"column":47},"end":{"line":704,"column":77}},{"start":{"line":704,"column":82},"end":{"line":719,"column":26}}],"line":704},"122":{"loc":{"start":{"line":722,"column":25},"end":{"line":724,"column":33}},"type":"binary-expr","locations":[{"start":{"line":722,"column":26},"end":{"line":722,"column":54}},{"start":{"line":722,"column":58},"end":{"line":722,"column":97}},{"start":{"line":722,"column":101},"end":{"line":722,"column":140}},{"start":{"line":722,"column":145},"end":{"line":724,"column":33}}],"line":722},"123":{"loc":{"start":{"line":722,"column":267},"end":{"line":722,"column":342}},"type":"cond-expr","locations":[{"start":{"line":722,"column":289},"end":{"line":722,"column":317}},{"start":{"line":722,"column":320},"end":{"line":722,"column":342}}],"line":722},"124":{"loc":{"start":{"line":725,"column":25},"end":{"line":727,"column":33}},"type":"binary-expr","locations":[{"start":{"line":725,"column":26},"end":{"line":725,"column":62}},{"start":{"line":725,"column":67},"end":{"line":727,"column":33}}],"line":725},"125":{"loc":{"start":{"line":725,"column":197},"end":{"line":725,"column":272}},"type":"cond-expr","locations":[{"start":{"line":725,"column":219},"end":{"line":725,"column":247}},{"start":{"line":725,"column":250},"end":{"line":725,"column":272}}],"line":725},"126":{"loc":{"start":{"line":729,"column":25},"end":{"line":731,"column":33}},"type":"binary-expr","locations":[{"start":{"line":729,"column":26},"end":{"line":729,"column":54}},{"start":{"line":729,"column":59},"end":{"line":729,"column":95}},{"start":{"line":729,"column":101},"end":{"line":731,"column":33}}],"line":729},"127":{"loc":{"start":{"line":729,"column":226},"end":{"line":729,"column":301}},"type":"cond-expr","locations":[{"start":{"line":729,"column":248},"end":{"line":729,"column":276}},{"start":{"line":729,"column":279},"end":{"line":729,"column":301}}],"line":729},"128":{"loc":{"start":{"line":732,"column":25},"end":{"line":734,"column":33}},"type":"binary-expr","locations":[{"start":{"line":732,"column":26},"end":{"line":732,"column":65}},{"start":{"line":732,"column":70},"end":{"line":734,"column":33}}],"line":732},"129":{"loc":{"start":{"line":732,"column":203},"end":{"line":732,"column":278}},"type":"cond-expr","locations":[{"start":{"line":732,"column":225},"end":{"line":732,"column":253}},{"start":{"line":732,"column":256},"end":{"line":732,"column":278}}],"line":732},"130":{"loc":{"start":{"line":742,"column":17},"end":{"line":755,"column":28}},"type":"binary-expr","locations":[{"start":{"line":742,"column":17},"end":{"line":742,"column":56}},{"start":{"line":742,"column":60},"end":{"line":755,"column":28}}],"line":742},"131":{"loc":{"start":{"line":744,"column":25},"end":{"line":744,"column":125}},"type":"binary-expr","locations":[{"start":{"line":744,"column":25},"end":{"line":744,"column":64}},{"start":{"line":744,"column":68},"end":{"line":744,"column":125}}],"line":744},"132":{"loc":{"start":{"line":745,"column":25},"end":{"line":745,"column":129}},"type":"binary-expr","locations":[{"start":{"line":745,"column":25},"end":{"line":745,"column":66}},{"start":{"line":745,"column":70},"end":{"line":745,"column":129}}],"line":745},"133":{"loc":{"start":{"line":746,"column":25},"end":{"line":746,"column":128}},"type":"binary-expr","locations":[{"start":{"line":746,"column":25},"end":{"line":746,"column":66}},{"start":{"line":746,"column":70},"end":{"line":746,"column":128}}],"line":746},"134":{"loc":{"start":{"line":757,"column":17},"end":{"line":759,"column":28}},"type":"binary-expr","locations":[{"start":{"line":757,"column":17},"end":{"line":757,"column":53}},{"start":{"line":757,"column":57},"end":{"line":759,"column":28}}],"line":757},"135":{"loc":{"start":{"line":761,"column":17},"end":{"line":776,"column":28}},"type":"binary-expr","locations":[{"start":{"line":761,"column":18},"end":{"line":761,"column":56}},{"start":{"line":761,"column":61},"end":{"line":776,"column":28}}],"line":761},"136":{"loc":{"start":{"line":766,"column":164},"end":{"line":766,"column":239}},"type":"cond-expr","locations":[{"start":{"line":766,"column":186},"end":{"line":766,"column":214}},{"start":{"line":766,"column":217},"end":{"line":766,"column":239}}],"line":766},"137":{"loc":{"start":{"line":769,"column":160},"end":{"line":769,"column":235}},"type":"cond-expr","locations":[{"start":{"line":769,"column":182},"end":{"line":769,"column":210}},{"start":{"line":769,"column":213},"end":{"line":769,"column":235}}],"line":769},"138":{"loc":{"start":{"line":772,"column":164},"end":{"line":772,"column":239}},"type":"cond-expr","locations":[{"start":{"line":772,"column":186},"end":{"line":772,"column":214}},{"start":{"line":772,"column":217},"end":{"line":772,"column":239}}],"line":772},"139":{"loc":{"start":{"line":778,"column":17},"end":{"line":790,"column":28}},"type":"binary-expr","locations":[{"start":{"line":778,"column":17},"end":{"line":778,"column":47}},{"start":{"line":778,"column":51},"end":{"line":790,"column":28}}],"line":778},"140":{"loc":{"start":{"line":789,"column":27},"end":{"line":789,"column":68}},"type":"cond-expr","locations":[{"start":{"line":789,"column":49},"end":{"line":789,"column":60}},{"start":{"line":789,"column":63},"end":{"line":789,"column":68}}],"line":789},"141":{"loc":{"start":{"line":792,"column":17},"end":{"line":794,"column":28}},"type":"binary-expr","locations":[{"start":{"line":792,"column":18},"end":{"line":792,"column":48}},{"start":{"line":792,"column":53},"end":{"line":794,"column":28}}],"line":792},"142":{"loc":{"start":{"line":793,"column":138},"end":{"line":793,"column":213}},"type":"cond-expr","locations":[{"start":{"line":793,"column":160},"end":{"line":793,"column":188}},{"start":{"line":793,"column":191},"end":{"line":793,"column":213}}],"line":793}},"s":{"0":1,"1":187,"2":187,"3":187,"4":187,"5":187,"6":187,"7":187,"8":187,"9":187,"10":187,"11":187,"12":187,"13":187,"14":187,"15":187,"16":187,"17":187,"18":187,"19":187,"20":187,"21":187,"22":187,"23":187,"24":187,"25":187,"26":187,"27":187,"28":187,"29":13,"30":366,"31":17,"32":1,"33":5,"34":4,"35":1,"36":1,"37":0,"38":2,"39":2,"40":0,"41":65,"42":65,"43":3,"44":3,"45":3,"46":0,"47":0,"48":0,"49":0,"50":0,"51":0,"52":0,"53":0,"54":0,"55":0,"56":0,"57":0,"58":0,"59":0,"60":0,"61":0,"62":27,"63":4,"64":4,"65":4,"66":23,"67":6,"68":6,"69":17,"70":3,"71":3,"72":3,"73":3,"74":0,"75":0,"76":3,"77":3,"78":1,"79":1,"80":1,"81":1,"82":1,"83":6,"84":2,"85":2,"86":4,"87":4,"88":4,"89":1,"90":1,"91":2,"92":1,"93":1,"94":0,"95":1,"96":1,"97":1,"98":0,"99":1,"100":2,"101":2,"102":2,"103":1,"104":1,"105":1,"106":1,"107":0,"108":0,"109":0,"110":0,"111":1,"112":1,"113":0,"114":1,"115":1,"116":1,"117":1,"118":0,"119":1,"120":1,"121":2,"122":1,"123":1,"124":0,"125":1,"126":1,"127":1,"128":2,"129":1,"130":1,"131":0,"132":1,"133":1,"134":1,"135":1,"136":1,"137":0,"138":1,"139":1,"140":1,"141":1,"142":0,"143":1,"144":1,"145":2,"146":1,"147":1,"148":0,"149":1,"150":1,"151":1,"152":2,"153":1,"154":1,"155":0,"156":1,"157":1,"158":1,"159":0,"160":0,"161":0,"162":0,"163":187,"164":23,"165":187,"166":74,"167":68,"168":68,"169":47,"170":47,"171":68,"172":22,"173":18,"174":68,"175":14,"176":14,"177":54,"178":74,"179":40,"180":2,"181":38,"182":1,"183":0,"184":0,"185":37,"186":1,"187":0,"188":0,"189":36,"190":1,"191":0,"192":0,"193":35,"194":1,"195":0,"196":0,"197":34,"198":1,"199":0,"200":0,"201":33,"202":30,"203":30,"204":30,"205":30,"206":30,"207":3,"208":1,"209":1,"210":1,"211":2,"212":1,"213":1,"214":1,"215":74,"216":34,"217":22,"218":22,"219":34,"220":4,"221":74,"222":0,"223":0,"224":187,"225":29,"226":10,"227":29,"228":19,"229":29,"230":0,"231":187,"232":17,"233":187,"234":17,"235":187,"236":19,"237":187,"238":19,"239":187,"240":17,"241":187,"242":17,"243":187,"244":19,"245":187,"246":19,"247":187,"248":17,"249":187,"250":17,"251":187,"252":17,"253":187,"254":17,"255":13,"256":187,"257":2,"258":2,"259":0,"260":1,"261":2,"262":2,"263":1,"264":2,"265":1,"266":0,"267":0,"268":0,"269":0,"270":2,"271":1,"272":2,"273":1,"274":0,"275":1,"276":1,"277":6,"278":0,"279":4,"280":1,"281":1,"282":0,"283":1,"284":1,"285":1,"286":1,"287":0},"f":{"0":187,"1":13,"2":366,"3":17,"4":1,"5":5,"6":2,"7":65,"8":65,"9":3,"10":3,"11":0,"12":0,"13":0,"14":27,"15":3,"16":6,"17":1,"18":2,"19":1,"20":2,"21":2,"22":0,"23":0,"24":1,"25":1,"26":2,"27":2,"28":1,"29":1,"30":2,"31":2,"32":0,"33":0,"34":23,"35":74,"36":0,"37":0,"38":0,"39":0,"40":0,"41":29,"42":17,"43":17,"44":19,"45":19,"46":17,"47":17,"48":19,"49":19,"50":17,"51":17,"52":17,"53":17,"54":2,"55":2,"56":0,"57":1,"58":2,"59":2,"60":1,"61":2,"62":1,"63":0,"64":0,"65":0,"66":0,"67":2,"68":1,"69":2,"70":1,"71":0,"72":1,"73":1,"74":4,"75":6,"76":0,"77":4,"78":1,"79":1,"80":0,"81":1,"82":1,"83":1,"84":1,"85":0},"b":{"0":[4,1],"1":[1,0],"2":[2,0],"3":[65],"4":[0,0],"5":[0,0,0],"6":[0,0],"7":[0,0],"8":[4,23],"9":[4,0],"10":[6,17],"11":[3,0],"12":[3,0],"13":[3,0],"14":[0,3],"15":[0,0],"16":[1,2],"17":[2,4],"18":[6,2],"19":[1,1],"20":[0,1],"21":[0,1],"22":[1,1],"23":[1,1],"24":[1,0],"25":[0,0],"26":[0,0],"27":[1,0],"28":[0,1],"29":[1,0],"30":[0,1],"31":[1,1],"32":[0,1],"33":[1,1],"34":[0,1],"35":[1,0],"36":[0,1],"37":[1,0],"38":[0,1],"39":[1,1],"40":[0,1],"41":[1,1],"42":[0,1],"43":[0,0],"44":[68,6],"45":[68,0],"46":[47,21],"47":[22,46],"48":[18,4],"49":[22,18],"50":[14,54],"51":[40,34],"52":[2,38],"53":[1,37],"54":[0,0],"55":[1,36],"56":[0,0],"57":[1,35],"58":[0,0],"59":[1,34],"60":[0,0],"61":[1,33],"62":[0,0],"63":[30,3],"64":[1,2],"65":[1,0],"66":[1,1],"67":[1,0],"68":[34,40],"69":[22,12],"70":[4,30],"71":[0,74],"72":[0,0],"73":[10,19],"74":[19,10],"75":[0,29],"76":[13,4],"77":[187,0],"78":[187,0],"79":[187,85,83,80,77,74,116],"80":[187,146,141,56,11,11],"81":[187,146,141,56,11,11],"82":[187,85,83,80,77,74,116,67,54,5,62],"83":[187,4,4,0,0,4],"84":[187,183,6],"85":[6,6,6],"86":[6,6,6],"87":[187,2],"88":[187,85,83,80,77,74,71,120],"89":[120,23],"90":[23,5],"91":[23,18],"92":[23,18,10],"93":[23,18,13],"94":[23,5],"95":[23,18],"96":[120,0,0],"97":[120,25],"98":[25,0],"99":[25,0],"100":[25,25],"101":[120,97,23],"102":[23,0],"103":[23,0],"104":[120,97,97,120],"105":[120,120],"106":[120,0],"107":[120,0],"108":[120,0],"109":[120,23],"110":[23,5],"111":[23,18],"112":[120,23],"113":[23,5],"114":[23,18],"115":[120,3],"116":[120,3],"117":[120,2],"118":[120,3],"119":[120,3],"120":[187,146,141,138,59],"121":[59,0,0],"122":[59,18,13,56],"123":[56,0],"124":[59,3],"125":[3,0],"126":[59,18,44],"127":[44,0],"128":[59,10],"129":[10,0],"130":[187,5],"131":[5,0],"132":[5,0],"133":[5,5],"134":[187,3],"135":[187,10],"136":[10,0],"137":[10,0],"138":[10,0],"139":[187,6],"140":[6,0],"141":[187,6],"142":[6,0]},"_coverageSchema":"43e27e138ebf9cfc5966b082cf9a028302ed4184","hash":"a6d802b43d8a0da5c8d3d70e218b2e768305a161"}
,"/Users/admin/Documents/GitHub/react-commentview/src/Constants.js": {"path":"/Users/admin/Documents/GitHub/react-commentview/src/Constants.js","statementMap":{"0":{"start":{"line":1,"column":18},"end":{"line":27,"column":1}}},"fnMap":{},"branchMap":{},"s":{"0":1},"f":{},"b":{},"_coverageSchema":"43e27e138ebf9cfc5966b082cf9a028302ed4184","hash":"627bee4cf12bb7f2fbb7063ff32875ca59448bf2"}
,"/Users/admin/Documents/GitHub/react-commentview/src/Util.js": {"path":"/Users/admin/Documents/GitHub/react-commentview/src/Util.js","statementMap":{"0":{"start":{"line":1,"column":13},"end":{"line":53,"column":1}},"1":{"start":{"line":4,"column":8},"end":{"line":6,"column":9}},"2":{"start":{"line":5,"column":12},"end":{"line":5,"column":55}},"3":{"start":{"line":7,"column":8},"end":{"line":7,"column":19}},"4":{"start":{"line":11,"column":59},"end":{"line":11,"column":65}},"5":{"start":{"line":12,"column":8},"end":{"line":15,"column":10}},"6":{"start":{"line":20,"column":26},"end":{"line":20,"column":35}},"7":{"start":{"line":21,"column":24},"end":{"line":21,"column":40}},"8":{"start":{"line":22,"column":23},"end":{"line":22,"column":37}},"9":{"start":{"line":23,"column":25},"end":{"line":23,"column":38}},"10":{"start":{"line":24,"column":24},"end":{"line":24,"column":38}},"11":{"start":{"line":26,"column":22},"end":{"line":26,"column":40}},"12":{"start":{"line":28,"column":8},"end":{"line":50,"column":9}},"13":{"start":{"line":29,"column":13},"end":{"line":29,"column":62}},"14":{"start":{"line":32,"column":13},"end":{"line":50,"column":9}},"15":{"start":{"line":33,"column":13},"end":{"line":33,"column":69}},"16":{"start":{"line":36,"column":13},"end":{"line":50,"column":9}},"17":{"start":{"line":37,"column":13},"end":{"line":37,"column":66}},"18":{"start":{"line":40,"column":13},"end":{"line":50,"column":9}},"19":{"start":{"line":41,"column":12},"end":{"line":41,"column":62}},"20":{"start":{"line":44,"column":13},"end":{"line":50,"column":9}},"21":{"start":{"line":45,"column":12},"end":{"line":45,"column":66}},"22":{"start":{"line":49,"column":12},"end":{"line":49,"column":65}}},"fnMap":{"0":{"name":"(anonymous_0)","decl":{"start":{"line":3,"column":20},"end":{"line":3,"column":21}},"loc":{"start":{"line":3,"column":46},"end":{"line":8,"column":5}},"line":3},"1":{"name":"(anonymous_1)","decl":{"start":{"line":10,"column":25},"end":{"line":10,"column":26}},"loc":{"start":{"line":10,"column":37},"end":{"line":16,"column":5}},"line":10},"2":{"name":"(anonymous_2)","decl":{"start":{"line":18,"column":20},"end":{"line":18,"column":21}},"loc":{"start":{"line":18,"column":49},"end":{"line":51,"column":5}},"line":18}},"branchMap":{"0":{"loc":{"start":{"line":4,"column":8},"end":{"line":6,"column":9}},"type":"if","locations":[{"start":{"line":4,"column":8},"end":{"line":6,"column":9}},{"start":{"line":4,"column":8},"end":{"line":6,"column":9}}],"line":4},"1":{"loc":{"start":{"line":28,"column":8},"end":{"line":50,"column":9}},"type":"if","locations":[{"start":{"line":28,"column":8},"end":{"line":50,"column":9}},{"start":{"line":28,"column":8},"end":{"line":50,"column":9}}],"line":28},"2":{"loc":{"start":{"line":32,"column":13},"end":{"line":50,"column":9}},"type":"if","locations":[{"start":{"line":32,"column":13},"end":{"line":50,"column":9}},{"start":{"line":32,"column":13},"end":{"line":50,"column":9}}],"line":32},"3":{"loc":{"start":{"line":36,"column":13},"end":{"line":50,"column":9}},"type":"if","locations":[{"start":{"line":36,"column":13},"end":{"line":50,"column":9}},{"start":{"line":36,"column":13},"end":{"line":50,"column":9}}],"line":36},"4":{"loc":{"start":{"line":40,"column":13},"end":{"line":50,"column":9}},"type":"if","locations":[{"start":{"line":40,"column":13},"end":{"line":50,"column":9}},{"start":{"line":40,"column":13},"end":{"line":50,"column":9}}],"line":40},"5":{"loc":{"start":{"line":44,"column":13},"end":{"line":50,"column":9}},"type":"if","locations":[{"start":{"line":44,"column":13},"end":{"line":50,"column":9}},{"start":{"line":44,"column":13},"end":{"line":50,"column":9}}],"line":44}},"s":{"0":1,"1":30,"2":30,"3":0,"4":187,"5":187,"6":120,"7":120,"8":120,"9":120,"10":120,"11":120,"12":120,"13":0,"14":120,"15":0,"16":120,"17":0,"18":120,"19":120,"20":0,"21":0,"22":0},"f":{"0":30,"1":187,"2":120},"b":{"0":[30,0],"1":[0,120],"2":[0,120],"3":[0,120],"4":[120,0],"5":[0,0]},"_coverageSchema":"43e27e138ebf9cfc5966b082cf9a028302ed4184","hash":"ffbd109b10f8aa2f26d053f2848d72f37a3902f2"}
,"/Users/admin/Documents/GitHub/react-commentview/src/index.js": {"path":"/Users/admin/Documents/GitHub/react-commentview/src/index.js","statementMap":{},"fnMap":{},"branchMap":{},"s":{},"f":{},"b":{},"_coverageSchema":"43e27e138ebf9cfc5966b082cf9a028302ed4184","hash":"8b41ffe7debd3d680f513b7ffec6b8b87018b1be"}
}
