TN:
SF:/Users/admin/Documents/GitHub/react-commentview/src/CommentView.js
FN:12,(anonymous_0)
FN:25,setFlowWrap
FN:26,(anonymous_2)
FN:29,prepareUpload
FN:34,cancelUpload
FN:38,onUploadComplete
FN:45,onRemoveUpload
FN:50,onClickAttachment
FN:71,validateSubmit
FN:89,submitResult
FN:102,onTextAreaKeyUp
FN:113,onEmojiChosen
FN:118,openEmojiPicker
FN:132,onEditClicked
FN:141,onCancelClicked
FN:146,onDeleteClicked
FN:152,(anonymous_16)
FN:158,(anonymous_17)
FN:167,(anonymous_18)
FN:200,(anonymous_19)
FN:226,(anonymous_20)
FN:237,(anonymous_21)
FN:251,(anonymous_22)
FN:252,(anonymous_23)
FN:258,(anonymous_24)
FN:259,(anonymous_25)
FN:267,(anonymous_26)
FN:267,(anonymous_27)
FN:280,(anonymous_28)
FN:286,(anonymous_29)
FN:287,(anonymous_30)
FN:291,(anonymous_31)
FN:295,(anonymous_32)
FN:298,(anonymous_33)
FN:301,(anonymous_34)
FN:304,(anonymous_35)
FN:316,(anonymous_36)
FNF:37
FNH:20
FNDA:37,(anonymous_0)
FNDA:14,setFlowWrap
FNDA:14,(anonymous_2)
FNDA:3,prepareUpload
FNDA:3,cancelUpload
FNDA:0,onUploadComplete
FNDA:0,onRemoveUpload
FNDA:0,onClickAttachment
FNDA:12,validateSubmit
FNDA:0,submitResult
FNDA:0,onTextAreaKeyUp
FNDA:1,onEmojiChosen
FNDA:2,openEmojiPicker
FNDA:1,onEditClicked
FNDA:0,onCancelClicked
FNDA:0,onDeleteClicked
FNDA:12,(anonymous_16)
FNDA:22,(anonymous_17)
FNDA:9,(anonymous_18)
FNDA:9,(anonymous_19)
FNDA:0,(anonymous_20)
FNDA:0,(anonymous_21)
FNDA:0,(anonymous_22)
FNDA:0,(anonymous_23)
FNDA:1,(anonymous_24)
FNDA:0,(anonymous_25)
FNDA:0,(anonymous_26)
FNDA:0,(anonymous_27)
FNDA:0,(anonymous_28)
FNDA:1,(anonymous_29)
FNDA:1,(anonymous_30)
FNDA:1,(anonymous_31)
FNDA:1,(anonymous_32)
FNDA:1,(anonymous_33)
FNDA:1,(anonymous_34)
FNDA:0,(anonymous_35)
FNDA:0,(anonymous_36)
DA:12,1
DA:14,37
DA:15,37
DA:16,37
DA:17,37
DA:18,37
DA:19,37
DA:20,37
DA:21,37
DA:23,37
DA:26,14
DA:30,3
DA:31,3
DA:35,3
DA:39,0
DA:40,0
DA:41,0
DA:46,0
DA:47,0
DA:52,0
DA:54,0
DA:55,0
DA:56,0
DA:58,0
DA:59,0
DA:60,0
DA:61,0
DA:63,0
DA:68,0
DA:73,12
DA:74,12
DA:75,1
DA:76,1
DA:80,11
DA:81,2
DA:82,2
DA:85,9
DA:90,0
DA:91,0
DA:104,0
DA:105,0
DA:106,0
DA:108,0
DA:109,0
DA:114,1
DA:115,1
DA:119,2
DA:120,1
DA:122,1
DA:123,0
DA:125,1
DA:127,1
DA:133,1
DA:134,0
DA:136,1
DA:142,0
DA:143,0
DA:147,0
DA:148,0
DA:152,37
DA:154,12
DA:158,37
DA:160,22
DA:161,14
DA:162,14
DA:167,37
DA:169,9
DA:170,5
DA:172,4
DA:173,4
DA:174,4
DA:177,4
DA:178,1
DA:179,1
DA:180,1
DA:186,4
DA:187,4
DA:189,4
DA:190,2
DA:191,2
DA:193,4
DA:200,37
DA:202,9
DA:203,8
DA:208,37
DA:226,0
DA:237,0
DA:251,0
DA:252,0
DA:258,1
DA:259,0
DA:267,0
DA:280,0
DA:286,1
DA:287,1
DA:291,1
DA:295,1
DA:298,1
DA:301,1
DA:304,0
DA:316,0
LF:101
LH:64
BRDA:25,0,0,14
BRDA:40,1,0,0
BRDA:40,1,1,0
BRDA:40,2,0,0
BRDA:40,2,1,0
BRDA:40,2,2,0
BRDA:55,3,0,0
BRDA:55,3,1,0
BRDA:60,4,0,0
BRDA:60,4,1,0
BRDA:73,5,0,12
BRDA:73,5,1,0
BRDA:74,6,0,1
BRDA:74,6,1,11
BRDA:80,7,0,2
BRDA:80,7,1,9
BRDA:91,8,0,0
BRDA:91,8,1,0
BRDA:93,9,0,0
BRDA:93,9,1,0
BRDA:98,10,0,0
BRDA:98,10,1,0
BRDA:104,11,0,0
BRDA:104,11,1,0
BRDA:104,12,0,0
BRDA:104,12,1,0
BRDA:119,13,0,1
BRDA:119,13,1,1
BRDA:122,14,0,0
BRDA:122,14,1,1
BRDA:133,15,0,0
BRDA:133,15,1,1
BRDA:133,16,0,1
BRDA:133,16,1,1
BRDA:147,17,0,0
BRDA:147,17,1,0
BRDA:160,18,0,14
BRDA:160,18,1,8
BRDA:160,19,0,22
BRDA:160,19,1,8
BRDA:169,20,0,5
BRDA:169,20,1,4
BRDA:170,21,0,4
BRDA:170,21,1,1
BRDA:173,22,0,4
BRDA:173,22,1,0
BRDA:177,23,0,1
BRDA:177,23,1,3
BRDA:186,24,0,4
BRDA:186,24,1,0
BRDA:189,25,0,2
BRDA:189,25,1,2
BRDA:189,26,0,4
BRDA:189,26,1,4
BRDA:202,27,0,8
BRDA:202,27,1,1
BRDA:214,28,0,37
BRDA:214,28,1,0
BRDA:215,29,0,37
BRDA:215,29,1,0
BRDA:223,30,0,37
BRDA:223,30,1,4
BRDA:224,31,0,37
BRDA:224,31,1,4
BRDA:225,32,0,37
BRDA:225,32,1,9
BRDA:225,32,2,28
BRDA:225,32,3,0
BRDA:225,32,4,0
BRDA:226,33,0,37
BRDA:226,33,1,9
BRDA:226,33,2,28
BRDA:226,33,3,0
BRDA:226,33,4,0
BRDA:230,34,0,37
BRDA:230,34,1,4
BRDA:236,35,0,4
BRDA:236,35,1,2
BRDA:238,36,0,2
BRDA:238,36,1,0
BRDA:239,37,0,2
BRDA:239,37,1,0
BRDA:240,38,0,2
BRDA:240,38,1,2
BRDA:251,39,0,2
BRDA:251,39,1,2
BRDA:251,39,2,1
BRDA:252,40,0,2
BRDA:252,40,1,2
BRDA:252,40,2,1
BRDA:255,41,0,4
BRDA:255,41,1,2
BRDA:258,42,0,2
BRDA:258,42,1,1
BRDA:258,42,2,1
BRDA:259,43,0,2
BRDA:259,43,1,1
BRDA:259,43,2,1
BRDA:264,44,0,37
BRDA:264,44,1,9
BRDA:264,44,2,9
BRDA:264,44,3,30
BRDA:266,45,0,0
BRDA:266,45,1,30
BRDA:270,46,0,37
BRDA:270,46,1,0
BRDA:272,47,0,0
BRDA:272,47,1,0
BRDA:273,48,0,0
BRDA:273,48,1,0
BRDA:274,49,0,0
BRDA:274,49,1,0
BRDA:285,50,0,37
BRDA:285,50,1,2
BRDA:286,51,0,2
BRDA:286,51,1,0
BRDA:290,52,0,37
BRDA:290,52,1,9
BRDA:290,52,2,9
BRDA:290,52,3,30
BRDA:291,53,0,30
BRDA:291,53,1,2
BRDA:291,53,2,28
BRDA:291,54,0,28
BRDA:291,54,1,0
BRDA:295,55,0,30
BRDA:295,55,1,28
BRDA:295,56,0,28
BRDA:295,56,1,0
BRDA:298,57,0,30
BRDA:298,57,1,28
BRDA:298,58,0,28
BRDA:298,58,1,0
BRDA:301,59,0,30
BRDA:301,59,1,28
BRDA:301,60,0,28
BRDA:301,60,1,0
BRDA:304,61,0,30
BRDA:304,61,1,2
BRDA:304,61,2,28
BRDA:304,62,0,28
BRDA:304,62,1,0
BRDA:304,63,0,28
BRDA:304,63,1,0
BRDA:307,64,0,37
BRDA:307,64,1,3
BRDA:318,65,0,3
BRDA:318,65,1,0
BRDA:321,66,0,37
BRDA:321,66,1,3
BRDA:322,67,0,3
BRDA:322,67,1,0
BRF:152
BRH:101
end_of_record
TN:
SF:/Users/admin/Documents/GitHub/react-commentview/src/Constants.js
FNF:0
FNH:0
DA:1,1
LF:1
LH:1
BRF:0
BRH:0
end_of_record
TN:
SF:/Users/admin/Documents/GitHub/react-commentview/src/Util.js
FN:3,(anonymous_0)
FN:10,(anonymous_1)
FN:18,(anonymous_2)
FNF:3
FNH:3
FNDA:2,(anonymous_0)
FNDA:37,(anonymous_1)
FNDA:4,(anonymous_2)
DA:1,1
DA:4,2
DA:5,2
DA:7,0
DA:11,37
DA:12,37
DA:20,4
DA:21,4
DA:22,4
DA:23,4
DA:24,4
DA:26,4
DA:28,4
DA:29,0
DA:32,4
DA:33,0
DA:36,4
DA:37,0
DA:40,4
DA:41,4
DA:44,0
DA:45,0
DA:49,0
LF:23
LH:16
BRDA:4,0,0,2
BRDA:4,0,1,0
BRDA:28,1,0,0
BRDA:28,1,1,4
BRDA:32,2,0,0
BRDA:32,2,1,4
BRDA:36,3,0,0
BRDA:36,3,1,4
BRDA:40,4,0,4
BRDA:40,4,1,0
BRDA:44,5,0,0
BRDA:44,5,1,0
BRF:12
BRH:5
end_of_record
TN:
SF:/Users/admin/Documents/GitHub/react-commentview/src/index.js
FNF:0
FNH:0
LF:0
LH:0
BRF:0
BRH:0
end_of_record
