TN:
SF:/Users/admin/Documents/GitHub/react-commentview/src/CommentView.js
FN:12,(anonymous_0)
FN:38,setFlowWrap
FN:39,(anonymous_2)
FN:42,prepareUpload
FN:47,cancelUpload
FN:51,onUploadComplete
FN:58,onRemoveUpload
FN:63,onClickAttachment
FN:84,validateSubmit
FN:102,submitResult
FN:116,onTextAreaKeyUp
FN:127,onEmojiChosen
FN:132,openEmojiPicker
FN:146,onEditClicked
FN:155,onCancelClicked
FN:160,onDeleteClicked
FN:173,onReplyClicked
FN:179,onShareClicked
FN:185,onLiked
FN:195,onDisLiked
FN:205,onLikeRemoved
FN:219,onDisLikeRemoved
FN:232,onUpVoted
FN:242,onDownVoted
FN:252,onUpVoteRemoved
FN:266,onDownVoteRemoved
FN:280,(anonymous_26)
FN:286,(anonymous_27)
FN:295,(anonymous_28)
FN:309,(anonymous_29)
FN:323,(anonymous_30)
FN:337,(anonymous_31)
FN:351,(anonymous_32)
FN:365,(anonymous_33)
FN:401,(anonymous_34)
FN:409,(anonymous_35)
FN:413,(anonymous_36)
FN:417,(anonymous_37)
FN:421,(anonymous_38)
FN:425,(anonymous_39)
FN:429,(anonymous_40)
FN:433,(anonymous_41)
FN:437,(anonymous_42)
FN:459,(anonymous_43)
FN:478,(anonymous_44)
FN:479,(anonymous_45)
FN:486,(anonymous_46)
FN:487,(anonymous_47)
FN:498,(anonymous_48)
FN:513,(anonymous_49)
FN:518,(anonymous_50)
FN:523,(anonymous_51)
FN:524,(anonymous_52)
FN:529,(anonymous_53)
FN:530,(anonymous_54)
FN:548,(anonymous_55)
FN:549,(anonymous_56)
FN:574,(anonymous_57)
FN:574,(anonymous_58)
FN:587,(anonymous_59)
FN:593,(anonymous_60)
FN:594,(anonymous_61)
FN:598,(anonymous_62)
FN:602,(anonymous_63)
FN:605,(anonymous_64)
FN:608,(anonymous_65)
FN:611,(anonymous_66)
FN:623,(anonymous_67)
FNF:68
FNH:44
FNDA:78,(anonymous_0)
FNDA:24,setFlowWrap
FNDA:24,(anonymous_2)
FNDA:3,prepareUpload
FNDA:3,cancelUpload
FNDA:0,onUploadComplete
FNDA:0,onRemoveUpload
FNDA:0,onClickAttachment
FNDA:14,validateSubmit
FNDA:0,submitResult
FNDA:0,onTextAreaKeyUp
FNDA:1,onEmojiChosen
FNDA:2,openEmojiPicker
FNDA:1,onEditClicked
FNDA:0,onCancelClicked
FNDA:0,onDeleteClicked
FNDA:0,onReplyClicked
FNDA:0,onShareClicked
FNDA:1,onLiked
FNDA:1,onDisLiked
FNDA:2,onLikeRemoved
FNDA:2,onDisLikeRemoved
FNDA:1,onUpVoted
FNDA:1,onDownVoted
FNDA:2,onUpVoteRemoved
FNDA:2,onDownVoteRemoved
FNDA:14,(anonymous_26)
FNDA:34,(anonymous_27)
FNDA:0,(anonymous_28)
FNDA:0,(anonymous_29)
FNDA:0,(anonymous_30)
FNDA:0,(anonymous_31)
FNDA:0,(anonymous_32)
FNDA:11,(anonymous_33)
FNDA:11,(anonymous_34)
FNDA:11,(anonymous_35)
FNDA:11,(anonymous_36)
FNDA:13,(anonymous_37)
FNDA:13,(anonymous_38)
FNDA:11,(anonymous_39)
FNDA:11,(anonymous_40)
FNDA:13,(anonymous_41)
FNDA:13,(anonymous_42)
FNDA:0,(anonymous_43)
FNDA:2,(anonymous_44)
FNDA:1,(anonymous_45)
FNDA:2,(anonymous_46)
FNDA:1,(anonymous_47)
FNDA:0,(anonymous_48)
FNDA:0,(anonymous_49)
FNDA:0,(anonymous_50)
FNDA:2,(anonymous_51)
FNDA:1,(anonymous_52)
FNDA:2,(anonymous_53)
FNDA:1,(anonymous_54)
FNDA:1,(anonymous_55)
FNDA:0,(anonymous_56)
FNDA:0,(anonymous_57)
FNDA:0,(anonymous_58)
FNDA:0,(anonymous_59)
FNDA:1,(anonymous_60)
FNDA:1,(anonymous_61)
FNDA:1,(anonymous_62)
FNDA:1,(anonymous_63)
FNDA:1,(anonymous_64)
FNDA:1,(anonymous_65)
FNDA:0,(anonymous_66)
FNDA:0,(anonymous_67)
DA:12,1
DA:14,78
DA:15,78
DA:16,78
DA:17,78
DA:18,78
DA:19,78
DA:20,78
DA:21,78
DA:22,78
DA:23,78
DA:24,78
DA:25,78
DA:26,78
DA:27,78
DA:28,78
DA:29,78
DA:30,78
DA:31,78
DA:32,78
DA:33,78
DA:35,78
DA:36,78
DA:39,24
DA:43,3
DA:44,3
DA:48,3
DA:52,0
DA:53,0
DA:54,0
DA:59,0
DA:60,0
DA:65,0
DA:67,0
DA:68,0
DA:69,0
DA:71,0
DA:72,0
DA:73,0
DA:74,0
DA:76,0
DA:81,0
DA:86,14
DA:87,14
DA:88,1
DA:89,1
DA:93,13
DA:94,2
DA:95,2
DA:98,11
DA:103,0
DA:104,0
DA:113,0
DA:118,0
DA:119,0
DA:120,0
DA:122,0
DA:123,0
DA:128,1
DA:129,1
DA:133,2
DA:134,1
DA:136,1
DA:137,0
DA:139,1
DA:141,1
DA:147,1
DA:148,0
DA:150,1
DA:156,0
DA:157,0
DA:162,0
DA:163,0
DA:165,0
DA:166,0
DA:168,0
DA:174,0
DA:175,0
DA:180,0
DA:181,0
DA:186,1
DA:187,1
DA:188,0
DA:190,1
DA:191,1
DA:196,1
DA:197,1
DA:198,0
DA:200,1
DA:201,1
DA:206,2
DA:207,1
DA:209,1
DA:210,0
DA:212,1
DA:213,1
DA:214,1
DA:220,2
DA:221,1
DA:223,1
DA:224,0
DA:226,1
DA:227,1
DA:228,1
DA:233,1
DA:234,1
DA:235,0
DA:237,1
DA:238,1
DA:243,1
DA:244,1
DA:245,0
DA:247,1
DA:248,1
DA:253,2
DA:254,1
DA:256,1
DA:257,0
DA:259,1
DA:260,1
DA:261,1
DA:267,2
DA:268,1
DA:270,1
DA:271,0
DA:273,1
DA:274,1
DA:275,1
DA:280,78
DA:282,14
DA:286,78
DA:288,34
DA:289,16
DA:290,16
DA:293,34
DA:295,0
DA:296,0
DA:297,0
DA:303,34
DA:304,0
DA:307,34
DA:309,1
DA:310,0
DA:311,0
DA:317,34
DA:318,10
DA:321,34
DA:323,1
DA:324,0
DA:325,0
DA:331,34
DA:332,10
DA:335,34
DA:337,1
DA:338,0
DA:339,0
DA:345,34
DA:346,10
DA:349,34
DA:351,1
DA:352,0
DA:353,0
DA:359,34
DA:360,10
DA:365,78
DA:367,11
DA:368,5
DA:370,4
DA:371,4
DA:372,4
DA:375,4
DA:376,1
DA:377,1
DA:378,1
DA:382,6
DA:384,6
DA:385,6
DA:387,6
DA:388,2
DA:389,2
DA:391,6
DA:394,0
DA:401,78
DA:403,11
DA:404,10
DA:409,78
DA:410,11
DA:413,78
DA:414,11
DA:417,78
DA:418,13
DA:421,78
DA:422,13
DA:425,78
DA:426,11
DA:429,78
DA:430,11
DA:433,78
DA:434,13
DA:437,78
DA:438,13
DA:441,78
DA:459,0
DA:478,2
DA:479,1
DA:486,2
DA:487,1
DA:498,0
DA:513,0
DA:518,0
DA:523,2
DA:524,1
DA:529,2
DA:530,1
DA:548,1
DA:549,0
DA:574,0
DA:587,0
DA:593,1
DA:594,1
DA:598,1
DA:602,1
DA:605,1
DA:608,1
DA:611,0
DA:623,0
LF:226
LH:160
BRDA:38,0,0,24
BRDA:53,1,0,0
BRDA:53,1,1,0
BRDA:53,2,0,0
BRDA:53,2,1,0
BRDA:53,2,2,0
BRDA:68,3,0,0
BRDA:68,3,1,0
BRDA:73,4,0,0
BRDA:73,4,1,0
BRDA:86,5,0,14
BRDA:86,5,1,0
BRDA:87,6,0,1
BRDA:87,6,1,13
BRDA:93,7,0,2
BRDA:93,7,1,11
BRDA:104,8,0,0
BRDA:104,8,1,0
BRDA:106,9,0,0
BRDA:106,9,1,0
BRDA:111,10,0,0
BRDA:111,10,1,0
BRDA:118,11,0,0
BRDA:118,11,1,0
BRDA:118,12,0,0
BRDA:118,12,1,0
BRDA:133,13,0,1
BRDA:133,13,1,1
BRDA:136,14,0,0
BRDA:136,14,1,1
BRDA:147,15,0,0
BRDA:147,15,1,1
BRDA:147,16,0,1
BRDA:147,16,1,1
BRDA:162,17,0,0
BRDA:162,17,1,0
BRDA:165,18,0,0
BRDA:165,18,1,0
BRDA:174,19,0,0
BRDA:174,19,1,0
BRDA:180,20,0,0
BRDA:180,20,1,0
BRDA:186,21,0,1
BRDA:186,21,1,0
BRDA:187,22,0,0
BRDA:187,22,1,1
BRDA:196,23,0,1
BRDA:196,23,1,0
BRDA:197,24,0,0
BRDA:197,24,1,1
BRDA:206,25,0,1
BRDA:206,25,1,1
BRDA:209,26,0,0
BRDA:209,26,1,1
BRDA:220,27,0,1
BRDA:220,27,1,1
BRDA:223,28,0,0
BRDA:223,28,1,1
BRDA:233,29,0,1
BRDA:233,29,1,0
BRDA:234,30,0,0
BRDA:234,30,1,1
BRDA:243,31,0,1
BRDA:243,31,1,0
BRDA:244,32,0,0
BRDA:244,32,1,1
BRDA:253,33,0,1
BRDA:253,33,1,1
BRDA:256,34,0,0
BRDA:256,34,1,1
BRDA:267,35,0,1
BRDA:267,35,1,1
BRDA:270,36,0,0
BRDA:270,36,1,1
BRDA:288,37,0,16
BRDA:288,37,1,18
BRDA:288,38,0,34
BRDA:288,38,1,18
BRDA:293,39,0,0
BRDA:293,39,1,34
BRDA:296,40,0,0
BRDA:296,40,1,0
BRDA:303,41,0,0
BRDA:303,41,1,34
BRDA:307,42,0,1
BRDA:307,42,1,33
BRDA:310,43,0,0
BRDA:310,43,1,0
BRDA:317,44,0,10
BRDA:317,44,1,24
BRDA:321,45,0,1
BRDA:321,45,1,33
BRDA:324,46,0,0
BRDA:324,46,1,0
BRDA:331,47,0,10
BRDA:331,47,1,24
BRDA:335,48,0,1
BRDA:335,48,1,33
BRDA:338,49,0,0
BRDA:338,49,1,0
BRDA:345,50,0,10
BRDA:345,50,1,24
BRDA:349,51,0,1
BRDA:349,51,1,33
BRDA:352,52,0,0
BRDA:352,52,1,0
BRDA:359,53,0,10
BRDA:359,53,1,24
BRDA:367,54,0,5
BRDA:367,54,1,6
BRDA:368,55,0,4
BRDA:368,55,1,1
BRDA:371,56,0,4
BRDA:371,56,1,0
BRDA:375,57,0,1
BRDA:375,57,1,3
BRDA:382,58,0,6
BRDA:382,58,1,0
BRDA:384,59,0,6
BRDA:384,59,1,0
BRDA:387,60,0,2
BRDA:387,60,1,4
BRDA:387,61,0,6
BRDA:387,61,1,6
BRDA:403,62,0,10
BRDA:403,62,1,1
BRDA:447,63,0,78
BRDA:447,63,1,0
BRDA:448,64,0,78
BRDA:448,64,1,0
BRDA:456,65,0,78
BRDA:456,65,1,50
BRDA:456,65,2,50
BRDA:456,65,3,47
BRDA:456,65,4,44
BRDA:456,65,5,41
BRDA:456,65,6,40
BRDA:457,66,0,78
BRDA:457,66,1,50
BRDA:457,66,2,50
BRDA:457,66,3,47
BRDA:457,66,4,44
BRDA:457,66,5,41
BRDA:457,66,6,40
BRDA:458,67,0,78
BRDA:458,67,1,45
BRDA:458,67,2,33
BRDA:458,67,3,0
BRDA:458,67,4,0
BRDA:459,68,0,78
BRDA:459,68,1,45
BRDA:459,68,2,33
BRDA:459,68,3,0
BRDA:459,68,4,0
BRDA:463,69,0,78
BRDA:463,69,1,0
BRDA:474,70,0,78
BRDA:474,70,1,50
BRDA:474,70,2,50
BRDA:474,70,3,47
BRDA:474,70,4,44
BRDA:474,70,5,41
BRDA:474,70,6,40
BRDA:476,71,0,40
BRDA:476,71,1,18
BRDA:478,72,0,18
BRDA:478,72,1,5
BRDA:479,73,0,18
BRDA:479,73,1,13
BRDA:482,74,0,18
BRDA:482,74,1,13
BRDA:482,74,2,10
BRDA:483,75,0,18
BRDA:483,75,1,13
BRDA:483,75,2,8
BRDA:486,76,0,18
BRDA:486,76,1,5
BRDA:487,77,0,18
BRDA:487,77,1,13
BRDA:497,78,0,40
BRDA:497,78,1,2
BRDA:499,79,0,2
BRDA:499,79,1,0
BRDA:500,80,0,2
BRDA:500,80,1,0
BRDA:501,81,0,2
BRDA:501,81,1,2
BRDA:512,82,0,40
BRDA:512,82,1,22
BRDA:512,82,2,18
BRDA:516,83,0,18
BRDA:516,83,1,0
BRDA:521,84,0,18
BRDA:521,84,1,18
BRDA:523,85,0,18
BRDA:523,85,1,5
BRDA:524,86,0,18
BRDA:524,86,1,13
BRDA:527,87,0,18
BRDA:527,87,1,18
BRDA:529,88,0,18
BRDA:529,88,1,5
BRDA:530,89,0,18
BRDA:530,89,1,13
BRDA:535,90,0,40
BRDA:535,90,1,3
BRDA:540,91,0,40
BRDA:540,91,1,3
BRDA:548,92,0,40
BRDA:548,92,1,39
BRDA:548,92,2,38
BRDA:549,93,0,40
BRDA:549,93,1,39
BRDA:549,93,2,38
BRDA:552,94,0,40
BRDA:552,94,1,0
BRDA:557,95,0,40
BRDA:557,95,1,3
BRDA:562,96,0,40
BRDA:562,96,1,3
BRDA:571,97,0,78
BRDA:571,97,1,45
BRDA:571,97,2,45
BRDA:571,97,3,35
BRDA:573,98,0,0
BRDA:573,98,1,35
BRDA:577,99,0,78
BRDA:577,99,1,0
BRDA:579,100,0,0
BRDA:579,100,1,0
BRDA:580,101,0,0
BRDA:580,101,1,0
BRDA:581,102,0,0
BRDA:581,102,1,0
BRDA:592,103,0,78
BRDA:592,103,1,2
BRDA:593,104,0,2
BRDA:593,104,1,0
BRDA:597,105,0,78
BRDA:597,105,1,45
BRDA:597,105,2,45
BRDA:597,105,3,35
BRDA:598,106,0,35
BRDA:598,106,1,2
BRDA:598,106,2,33
BRDA:598,107,0,33
BRDA:598,107,1,0
BRDA:602,108,0,35
BRDA:602,108,1,33
BRDA:602,109,0,33
BRDA:602,109,1,0
BRDA:605,110,0,35
BRDA:605,110,1,33
BRDA:605,111,0,33
BRDA:605,111,1,0
BRDA:608,112,0,35
BRDA:608,112,1,33
BRDA:608,113,0,33
BRDA:608,113,1,0
BRDA:611,114,0,35
BRDA:611,114,1,2
BRDA:611,114,2,33
BRDA:611,115,0,33
BRDA:611,115,1,0
BRDA:611,116,0,33
BRDA:611,116,1,0
BRDA:614,117,0,78
BRDA:614,117,1,3
BRDA:625,118,0,3
BRDA:625,118,1,0
BRDA:628,119,0,78
BRDA:628,119,1,3
BRDA:629,120,0,3
BRDA:629,120,1,0
BRF:274
BRH:189
end_of_record
TN:
SF:/Users/admin/Documents/GitHub/react-commentview/src/Constants.js
FNF:0
FNH:0
DA:1,1
LF:1
LH:1
BRF:0
BRH:0
end_of_record
TN:
SF:/Users/admin/Documents/GitHub/react-commentview/src/Util.js
FN:3,(anonymous_0)
FN:10,(anonymous_1)
FN:18,(anonymous_2)
FNF:3
FNH:3
FNDA:2,(anonymous_0)
FNDA:78,(anonymous_1)
FNDA:40,(anonymous_2)
DA:1,1
DA:4,2
DA:5,2
DA:7,0
DA:11,78
DA:12,78
DA:20,40
DA:21,40
DA:22,40
DA:23,40
DA:24,40
DA:26,40
DA:28,40
DA:29,0
DA:32,40
DA:33,0
DA:36,40
DA:37,0
DA:40,40
DA:41,40
DA:44,0
DA:45,0
DA:49,0
LF:23
LH:16
BRDA:4,0,0,2
BRDA:4,0,1,0
BRDA:28,1,0,0
BRDA:28,1,1,40
BRDA:32,2,0,0
BRDA:32,2,1,40
BRDA:36,3,0,0
BRDA:36,3,1,40
BRDA:40,4,0,40
BRDA:40,4,1,0
BRDA:44,5,0,0
BRDA:44,5,1,0
BRF:12
BRH:5
end_of_record
TN:
SF:/Users/admin/Documents/GitHub/react-commentview/src/index.js
FNF:0
FNH:0
LF:0
LH:0
BRF:0
BRH:0
end_of_record
